[2022-03-17 15:41:35,452] {taskinstance.py:1037} INFO - Dependencies all met for <TaskInstance: udac_example_dag.task_group_Dimension_table.load_artists_dim_table manual__2022-03-17T07:41:17.295099+00:00 [queued]>
[2022-03-17 15:41:35,463] {taskinstance.py:1037} INFO - Dependencies all met for <TaskInstance: udac_example_dag.task_group_Dimension_table.load_artists_dim_table manual__2022-03-17T07:41:17.295099+00:00 [queued]>
[2022-03-17 15:41:35,463] {taskinstance.py:1243} INFO - 
--------------------------------------------------------------------------------
[2022-03-17 15:41:35,464] {taskinstance.py:1244} INFO - Starting attempt 1 of 3
[2022-03-17 15:41:35,464] {taskinstance.py:1245} INFO - 
--------------------------------------------------------------------------------
[2022-03-17 15:41:35,477] {taskinstance.py:1264} INFO - Executing <Task(LoadDimensionOperator): task_group_Dimension_table.load_artists_dim_table> on 2022-03-17 07:41:17.295099+00:00
[2022-03-17 15:41:35,480] {standard_task_runner.py:52} INFO - Started process 58795 to run task
[2022-03-17 15:41:35,489] {standard_task_runner.py:76} INFO - Running: ['***', 'tasks', 'run', 'udac_example_dag', 'task_group_Dimension_table.load_artists_dim_table', 'manual__2022-03-17T07:41:17.295099+00:00', '--job-id', '83', '--raw', '--subdir', 'DAGS_FOLDER/udac_example_dag.py', '--cfg-path', '/var/folders/lh/ngst1lt51m9_gyz7qrg2f3nh0000gn/T/tmpmmua4vup', '--error-file', '/var/folders/lh/ngst1lt51m9_gyz7qrg2f3nh0000gn/T/tmp0ndnd6cx']
[2022-03-17 15:41:35,493] {standard_task_runner.py:77} INFO - Job 83: Subtask task_group_Dimension_table.load_artists_dim_table
[2022-03-17 15:41:35,581] {logging_mixin.py:109} INFO - Running <TaskInstance: udac_example_dag.task_group_Dimension_table.load_artists_dim_table manual__2022-03-17T07:41:17.295099+00:00 [running]> on host 1.0.0.127.in-addr.arpa
[2022-03-17 15:41:35,663] {taskinstance.py:1429} INFO - Exporting the following env vars:
AIRFLOW_CTX_DAG_OWNER=udacity
AIRFLOW_CTX_DAG_ID=udac_example_dag
AIRFLOW_CTX_TASK_ID=task_group_Dimension_table.load_artists_dim_table
AIRFLOW_CTX_EXECUTION_DATE=2022-03-17T07:41:17.295099+00:00
AIRFLOW_CTX_DAG_RUN_ID=manual__2022-03-17T07:41:17.295099+00:00
[2022-03-17 15:41:35,664] {load_dimension.py:83} INFO - Starting to truncate artists
[2022-03-17 15:41:35,676] {base.py:70} INFO - Using connection to: id: redshift. Host: redshift-cluster-1.cvmsgkpkbsh2.us-west-2.redshift.amazonaws.com, Port: 5439, Schema: dev, Login: awsuser, Password: ***, extra: {}
[2022-03-17 15:41:36,976] {dbapi.py:225} INFO - Running statement: 
        TRUNCATE TABLE "public"."artists"
        , parameters: None
[2022-03-17 15:41:37,680] {load_dimension.py:93} INFO - Starting to insert artists
[2022-03-17 15:41:37,683] {logging_mixin.py:109} WARNING - /usr/local/anaconda3/envs/data_pipeline/lib/python3.8/site-packages/***/utils/context.py:156 AirflowContextDeprecationWarning: Accessing 'execution_date' from the template is deprecated and will be removed in a future version. Please use 'data_interval_start' or 'logical_date' instead.
[2022-03-17 15:41:37,683] {logging_mixin.py:109} WARNING - /usr/local/anaconda3/envs/data_pipeline/lib/python3.8/site-packages/***/utils/context.py:156 AirflowContextDeprecationWarning: Accessing 'next_ds' from the template is deprecated and will be removed in a future version. Please use '{{ data_interval_end | ds }}' instead.
[2022-03-17 15:41:37,684] {logging_mixin.py:109} WARNING - /usr/local/anaconda3/envs/data_pipeline/lib/python3.8/site-packages/***/utils/context.py:156 AirflowContextDeprecationWarning: Accessing 'next_ds_nodash' from the template is deprecated and will be removed in a future version. Please use '{{ data_interval_end | ds_nodash }}' instead.
[2022-03-17 15:41:37,685] {logging_mixin.py:109} WARNING - /usr/local/anaconda3/envs/data_pipeline/lib/python3.8/site-packages/***/utils/context.py:156 AirflowContextDeprecationWarning: Accessing 'next_execution_date' from the template is deprecated and will be removed in a future version. Please use 'data_interval_end' instead.
[2022-03-17 15:41:37,685] {logging_mixin.py:109} WARNING - /usr/local/anaconda3/envs/data_pipeline/lib/python3.8/site-packages/***/utils/context.py:156 AirflowContextDeprecationWarning: Accessing 'prev_ds' from the template is deprecated and will be removed in a future version.
[2022-03-17 15:41:37,686] {logging_mixin.py:109} WARNING - /usr/local/anaconda3/envs/data_pipeline/lib/python3.8/site-packages/***/utils/context.py:156 AirflowContextDeprecationWarning: Accessing 'prev_ds_nodash' from the template is deprecated and will be removed in a future version.
[2022-03-17 15:41:37,687] {logging_mixin.py:109} WARNING - /usr/local/anaconda3/envs/data_pipeline/lib/python3.8/site-packages/***/utils/context.py:156 AirflowContextDeprecationWarning: Accessing 'prev_execution_date' from the template is deprecated and will be removed in a future version.
[2022-03-17 15:41:37,687] {logging_mixin.py:109} WARNING - /usr/local/anaconda3/envs/data_pipeline/lib/python3.8/site-packages/***/utils/context.py:156 AirflowContextDeprecationWarning: Accessing 'prev_execution_date_success' from the template is deprecated and will be removed in a future version. Please use 'prev_data_interval_start_success' instead.
[2022-03-17 15:41:37,688] {logging_mixin.py:109} WARNING - /usr/local/anaconda3/envs/data_pipeline/lib/python3.8/site-packages/***/utils/context.py:156 AirflowContextDeprecationWarning: Accessing 'tomorrow_ds' from the template is deprecated and will be removed in a future version.
[2022-03-17 15:41:37,689] {logging_mixin.py:109} WARNING - /usr/local/anaconda3/envs/data_pipeline/lib/python3.8/site-packages/***/utils/context.py:156 AirflowContextDeprecationWarning: Accessing 'tomorrow_ds_nodash' from the template is deprecated and will be removed in a future version.
[2022-03-17 15:41:37,689] {logging_mixin.py:109} WARNING - /usr/local/anaconda3/envs/data_pipeline/lib/python3.8/site-packages/***/utils/context.py:156 AirflowContextDeprecationWarning: Accessing 'yesterday_ds' from the template is deprecated and will be removed in a future version.
[2022-03-17 15:41:37,690] {logging_mixin.py:109} WARNING - /usr/local/anaconda3/envs/data_pipeline/lib/python3.8/site-packages/***/utils/context.py:156 AirflowContextDeprecationWarning: Accessing 'yesterday_ds_nodash' from the template is deprecated and will be removed in a future version.
[2022-03-17 15:41:37,698] {base.py:70} INFO - Using connection to: id: redshift. Host: redshift-cluster-1.cvmsgkpkbsh2.us-west-2.redshift.amazonaws.com, Port: 5439, Schema: dev, Login: awsuser, Password: ***, extra: {}
[2022-03-17 15:41:39,627] {dbapi.py:225} INFO - Running statement: 
        INSERT INTO "public"."artists" (artistid, name, location, lattitude, longitude)
 
        SELECT distinct artist_id, artist_name, artist_location, artist_latitude, artist_longitude
        FROM staging_songs
    
        , parameters: None
[2022-03-17 15:41:40,319] {dbapi.py:233} INFO - Rows affected: 24
[2022-03-17 15:41:40,973] {taskinstance.py:1272} INFO - Marking task as SUCCESS. dag_id=udac_example_dag, task_id=task_group_Dimension_table.load_artists_dim_table, execution_date=20220317T074117, start_date=20220317T074135, end_date=20220317T074140
[2022-03-17 15:41:41,022] {local_task_job.py:154} INFO - Task exited with return code 0
[2022-03-17 15:41:41,061] {local_task_job.py:264} INFO - 0 downstream tasks scheduled from follow-on schedule check
