[2022-03-19 22:19:01,739] {taskinstance.py:1037} INFO - Dependencies all met for <TaskInstance: udac_new_v1_dag.task_Dimension_table.load_artists_dim_table manual__2022-03-19T14:16:00.007102+00:00 [queued]>
[2022-03-19 22:19:01,756] {taskinstance.py:1037} INFO - Dependencies all met for <TaskInstance: udac_new_v1_dag.task_Dimension_table.load_artists_dim_table manual__2022-03-19T14:16:00.007102+00:00 [queued]>
[2022-03-19 22:19:01,757] {taskinstance.py:1243} INFO - 
--------------------------------------------------------------------------------
[2022-03-19 22:19:01,757] {taskinstance.py:1244} INFO - Starting attempt 1 of 2
[2022-03-19 22:19:01,757] {taskinstance.py:1245} INFO - 
--------------------------------------------------------------------------------
[2022-03-19 22:19:01,773] {taskinstance.py:1264} INFO - Executing <Task(LoadDimensionOperator): task_Dimension_table.load_artists_dim_table> on 2022-03-19 14:16:00.007102+00:00
[2022-03-19 22:19:01,777] {standard_task_runner.py:52} INFO - Started process 45506 to run task
[2022-03-19 22:19:01,784] {standard_task_runner.py:76} INFO - Running: ['***', 'tasks', 'run', 'udac_new_v1_dag', 'task_Dimension_table.load_artists_dim_table', 'manual__2022-03-19T14:16:00.007102+00:00', '--job-id', '96', '--raw', '--subdir', 'DAGS_FOLDER/udac_v1.py', '--cfg-path', '/var/folders/lh/ngst1lt51m9_gyz7qrg2f3nh0000gn/T/tmpdrbu6a7z', '--error-file', '/var/folders/lh/ngst1lt51m9_gyz7qrg2f3nh0000gn/T/tmp7h7md4j8']
[2022-03-19 22:19:01,786] {standard_task_runner.py:77} INFO - Job 96: Subtask task_Dimension_table.load_artists_dim_table
[2022-03-19 22:19:01,871] {logging_mixin.py:109} INFO - Running <TaskInstance: udac_new_v1_dag.task_Dimension_table.load_artists_dim_table manual__2022-03-19T14:16:00.007102+00:00 [running]> on host 1.0.0.127.in-addr.arpa
[2022-03-19 22:19:01,947] {taskinstance.py:1429} INFO - Exporting the following env vars:
AIRFLOW_CTX_DAG_OWNER=udacity
AIRFLOW_CTX_DAG_ID=udac_new_v1_dag
AIRFLOW_CTX_TASK_ID=task_Dimension_table.load_artists_dim_table
AIRFLOW_CTX_EXECUTION_DATE=2022-03-19T14:16:00.007102+00:00
AIRFLOW_CTX_DAG_RUN_ID=manual__2022-03-19T14:16:00.007102+00:00
[2022-03-19 22:19:01,948] {load_dimension.py:83} INFO - Starting to truncate artists
[2022-03-19 22:19:01,959] {base.py:70} INFO - Using connection to: id: redshift. Host: redshift-cluster-1.cvmsgkpkbsh2.us-west-2.redshift.amazonaws.com, Port: 5439, Schema: dev, Login: awsuser, Password: ***, extra: {}
[2022-03-19 22:19:03,066] {dbapi.py:225} INFO - Running statement: 
        TRUNCATE TABLE "public"."artists"
        , parameters: None
[2022-03-19 22:19:03,717] {load_dimension.py:93} INFO - Starting to insert artists
[2022-03-19 22:19:03,733] {logging_mixin.py:109} WARNING - /usr/local/anaconda3/envs/***_project/lib/python3.9/site-packages/***/utils/context.py:156 AirflowContextDeprecationWarning: Accessing 'execution_date' from the template is deprecated and will be removed in a future version. Please use 'data_interval_start' or 'logical_date' instead.
[2022-03-19 22:19:03,734] {logging_mixin.py:109} WARNING - /usr/local/anaconda3/envs/***_project/lib/python3.9/site-packages/***/utils/context.py:156 AirflowContextDeprecationWarning: Accessing 'next_ds' from the template is deprecated and will be removed in a future version. Please use '{{ data_interval_end | ds }}' instead.
[2022-03-19 22:19:03,735] {logging_mixin.py:109} WARNING - /usr/local/anaconda3/envs/***_project/lib/python3.9/site-packages/***/utils/context.py:156 AirflowContextDeprecationWarning: Accessing 'next_ds_nodash' from the template is deprecated and will be removed in a future version. Please use '{{ data_interval_end | ds_nodash }}' instead.
[2022-03-19 22:19:03,736] {logging_mixin.py:109} WARNING - /usr/local/anaconda3/envs/***_project/lib/python3.9/site-packages/***/utils/context.py:156 AirflowContextDeprecationWarning: Accessing 'next_execution_date' from the template is deprecated and will be removed in a future version. Please use 'data_interval_end' instead.
[2022-03-19 22:19:03,738] {logging_mixin.py:109} WARNING - /usr/local/anaconda3/envs/***_project/lib/python3.9/site-packages/***/utils/context.py:156 AirflowContextDeprecationWarning: Accessing 'prev_ds' from the template is deprecated and will be removed in a future version.
[2022-03-19 22:19:03,739] {logging_mixin.py:109} WARNING - /usr/local/anaconda3/envs/***_project/lib/python3.9/site-packages/***/utils/context.py:156 AirflowContextDeprecationWarning: Accessing 'prev_ds_nodash' from the template is deprecated and will be removed in a future version.
[2022-03-19 22:19:03,740] {logging_mixin.py:109} WARNING - /usr/local/anaconda3/envs/***_project/lib/python3.9/site-packages/***/utils/context.py:156 AirflowContextDeprecationWarning: Accessing 'prev_execution_date' from the template is deprecated and will be removed in a future version.
[2022-03-19 22:19:03,741] {logging_mixin.py:109} WARNING - /usr/local/anaconda3/envs/***_project/lib/python3.9/site-packages/***/utils/context.py:156 AirflowContextDeprecationWarning: Accessing 'prev_execution_date_success' from the template is deprecated and will be removed in a future version. Please use 'prev_data_interval_start_success' instead.
[2022-03-19 22:19:03,742] {logging_mixin.py:109} WARNING - /usr/local/anaconda3/envs/***_project/lib/python3.9/site-packages/***/utils/context.py:156 AirflowContextDeprecationWarning: Accessing 'tomorrow_ds' from the template is deprecated and will be removed in a future version.
[2022-03-19 22:19:03,743] {logging_mixin.py:109} WARNING - /usr/local/anaconda3/envs/***_project/lib/python3.9/site-packages/***/utils/context.py:156 AirflowContextDeprecationWarning: Accessing 'tomorrow_ds_nodash' from the template is deprecated and will be removed in a future version.
[2022-03-19 22:19:03,744] {logging_mixin.py:109} WARNING - /usr/local/anaconda3/envs/***_project/lib/python3.9/site-packages/***/utils/context.py:156 AirflowContextDeprecationWarning: Accessing 'yesterday_ds' from the template is deprecated and will be removed in a future version.
[2022-03-19 22:19:03,744] {logging_mixin.py:109} WARNING - /usr/local/anaconda3/envs/***_project/lib/python3.9/site-packages/***/utils/context.py:156 AirflowContextDeprecationWarning: Accessing 'yesterday_ds_nodash' from the template is deprecated and will be removed in a future version.
[2022-03-19 22:19:03,757] {base.py:70} INFO - Using connection to: id: redshift. Host: redshift-cluster-1.cvmsgkpkbsh2.us-west-2.redshift.amazonaws.com, Port: 5439, Schema: dev, Login: awsuser, Password: ***, extra: {}
[2022-03-19 22:19:04,821] {dbapi.py:225} INFO - Running statement: 
        INSERT INTO "public"."artists" (artistid, name, location, lattitude, longitude)
 
        SELECT distinct artist_id, artist_name, artist_location, artist_latitude, artist_longitude
        FROM staging_songs
    
        , parameters: None
[2022-03-19 22:19:05,232] {dbapi.py:233} INFO - Rows affected: 10025
[2022-03-19 22:19:06,483] {taskinstance.py:1272} INFO - Marking task as SUCCESS. dag_id=udac_new_v1_dag, task_id=task_Dimension_table.load_artists_dim_table, execution_date=20220319T141600, start_date=20220319T141901, end_date=20220319T141906
[2022-03-19 22:19:06,601] {local_task_job.py:154} INFO - Task exited with return code 0
[2022-03-19 22:19:06,678] {local_task_job.py:264} INFO - 0 downstream tasks scheduled from follow-on schedule check
