[2022-03-18 15:52:12,250] {taskinstance.py:1037} INFO - Dependencies all met for <TaskInstance: udac_example_dag.task_group_Dimension_table.load_artists_dim_table scheduled__2022-03-18T06:00:00+00:00 [queued]>
[2022-03-18 15:52:12,263] {taskinstance.py:1037} INFO - Dependencies all met for <TaskInstance: udac_example_dag.task_group_Dimension_table.load_artists_dim_table scheduled__2022-03-18T06:00:00+00:00 [queued]>
[2022-03-18 15:52:12,263] {taskinstance.py:1243} INFO - 
--------------------------------------------------------------------------------
[2022-03-18 15:52:12,264] {taskinstance.py:1244} INFO - Starting attempt 1 of 3
[2022-03-18 15:52:12,264] {taskinstance.py:1245} INFO - 
--------------------------------------------------------------------------------
[2022-03-18 15:52:12,276] {taskinstance.py:1264} INFO - Executing <Task(LoadDimensionOperator): task_group_Dimension_table.load_artists_dim_table> on 2022-03-18 06:00:00+00:00
[2022-03-18 15:52:12,282] {standard_task_runner.py:52} INFO - Started process 20743 to run task
[2022-03-18 15:52:12,290] {standard_task_runner.py:76} INFO - Running: ['***', 'tasks', 'run', 'udac_example_dag', 'task_group_Dimension_table.load_artists_dim_table', 'scheduled__2022-03-18T06:00:00+00:00', '--job-id', '187', '--raw', '--subdir', 'DAGS_FOLDER/udac_example_dag.py', '--cfg-path', '/var/folders/lh/ngst1lt51m9_gyz7qrg2f3nh0000gn/T/tmpidzqdxqt', '--error-file', '/var/folders/lh/ngst1lt51m9_gyz7qrg2f3nh0000gn/T/tmpr0spmaj0']
[2022-03-18 15:52:12,294] {standard_task_runner.py:77} INFO - Job 187: Subtask task_group_Dimension_table.load_artists_dim_table
[2022-03-18 15:52:12,386] {logging_mixin.py:109} INFO - Running <TaskInstance: udac_example_dag.task_group_Dimension_table.load_artists_dim_table scheduled__2022-03-18T06:00:00+00:00 [running]> on host 1.0.0.127.in-addr.arpa
[2022-03-18 15:52:12,480] {taskinstance.py:1429} INFO - Exporting the following env vars:
AIRFLOW_CTX_DAG_OWNER=udacity
AIRFLOW_CTX_DAG_ID=udac_example_dag
AIRFLOW_CTX_TASK_ID=task_group_Dimension_table.load_artists_dim_table
AIRFLOW_CTX_EXECUTION_DATE=2022-03-18T06:00:00+00:00
AIRFLOW_CTX_DAG_RUN_ID=scheduled__2022-03-18T06:00:00+00:00
[2022-03-18 15:52:12,481] {load_dimension.py:83} INFO - Starting to truncate artists
[2022-03-18 15:52:12,500] {base.py:70} INFO - Using connection to: id: redshift. Host: redshift-cluster-1.cvmsgkpkbsh2.us-west-2.redshift.amazonaws.com, Port: 5439, Schema: dev, Login: awsuser, Password: ***, extra: {}
[2022-03-18 15:52:13,782] {dbapi.py:225} INFO - Running statement: 
        TRUNCATE TABLE "public"."artists"
        , parameters: None
[2022-03-18 15:52:14,380] {load_dimension.py:93} INFO - Starting to insert artists
[2022-03-18 15:52:14,385] {logging_mixin.py:109} WARNING - /usr/local/anaconda3/envs/***_project/lib/python3.9/site-packages/***/utils/context.py:156 AirflowContextDeprecationWarning: Accessing 'execution_date' from the template is deprecated and will be removed in a future version. Please use 'data_interval_start' or 'logical_date' instead.
[2022-03-18 15:52:14,386] {logging_mixin.py:109} WARNING - /usr/local/anaconda3/envs/***_project/lib/python3.9/site-packages/***/utils/context.py:156 AirflowContextDeprecationWarning: Accessing 'next_ds' from the template is deprecated and will be removed in a future version. Please use '{{ data_interval_end | ds }}' instead.
[2022-03-18 15:52:14,387] {logging_mixin.py:109} WARNING - /usr/local/anaconda3/envs/***_project/lib/python3.9/site-packages/***/utils/context.py:156 AirflowContextDeprecationWarning: Accessing 'next_ds_nodash' from the template is deprecated and will be removed in a future version. Please use '{{ data_interval_end | ds_nodash }}' instead.
[2022-03-18 15:52:14,387] {logging_mixin.py:109} WARNING - /usr/local/anaconda3/envs/***_project/lib/python3.9/site-packages/***/utils/context.py:156 AirflowContextDeprecationWarning: Accessing 'next_execution_date' from the template is deprecated and will be removed in a future version. Please use 'data_interval_end' instead.
[2022-03-18 15:52:14,388] {logging_mixin.py:109} WARNING - /usr/local/anaconda3/envs/***_project/lib/python3.9/site-packages/***/utils/context.py:156 AirflowContextDeprecationWarning: Accessing 'prev_ds' from the template is deprecated and will be removed in a future version.
[2022-03-18 15:52:14,389] {logging_mixin.py:109} WARNING - /usr/local/anaconda3/envs/***_project/lib/python3.9/site-packages/***/utils/context.py:156 AirflowContextDeprecationWarning: Accessing 'prev_ds_nodash' from the template is deprecated and will be removed in a future version.
[2022-03-18 15:52:14,390] {logging_mixin.py:109} WARNING - /usr/local/anaconda3/envs/***_project/lib/python3.9/site-packages/***/utils/context.py:156 AirflowContextDeprecationWarning: Accessing 'prev_execution_date' from the template is deprecated and will be removed in a future version.
[2022-03-18 15:52:14,391] {logging_mixin.py:109} WARNING - /usr/local/anaconda3/envs/***_project/lib/python3.9/site-packages/***/utils/context.py:156 AirflowContextDeprecationWarning: Accessing 'prev_execution_date_success' from the template is deprecated and will be removed in a future version. Please use 'prev_data_interval_start_success' instead.
[2022-03-18 15:52:14,392] {logging_mixin.py:109} WARNING - /usr/local/anaconda3/envs/***_project/lib/python3.9/site-packages/***/utils/context.py:156 AirflowContextDeprecationWarning: Accessing 'tomorrow_ds' from the template is deprecated and will be removed in a future version.
[2022-03-18 15:52:14,392] {logging_mixin.py:109} WARNING - /usr/local/anaconda3/envs/***_project/lib/python3.9/site-packages/***/utils/context.py:156 AirflowContextDeprecationWarning: Accessing 'tomorrow_ds_nodash' from the template is deprecated and will be removed in a future version.
[2022-03-18 15:52:14,393] {logging_mixin.py:109} WARNING - /usr/local/anaconda3/envs/***_project/lib/python3.9/site-packages/***/utils/context.py:156 AirflowContextDeprecationWarning: Accessing 'yesterday_ds' from the template is deprecated and will be removed in a future version.
[2022-03-18 15:52:14,394] {logging_mixin.py:109} WARNING - /usr/local/anaconda3/envs/***_project/lib/python3.9/site-packages/***/utils/context.py:156 AirflowContextDeprecationWarning: Accessing 'yesterday_ds_nodash' from the template is deprecated and will be removed in a future version.
[2022-03-18 15:52:14,402] {base.py:70} INFO - Using connection to: id: redshift. Host: redshift-cluster-1.cvmsgkpkbsh2.us-west-2.redshift.amazonaws.com, Port: 5439, Schema: dev, Login: awsuser, Password: ***, extra: {}
[2022-03-18 15:52:15,724] {dbapi.py:225} INFO - Running statement: 
        INSERT INTO "public"."artists" (artistid, name, location, lattitude, longitude)
 
        SELECT distinct artist_id, artist_name, artist_location, artist_latitude, artist_longitude
        FROM staging_songs
    
        , parameters: None
[2022-03-18 15:52:16,155] {dbapi.py:233} INFO - Rows affected: 10025
[2022-03-18 15:52:16,613] {taskinstance.py:1272} INFO - Marking task as SUCCESS. dag_id=udac_example_dag, task_id=task_group_Dimension_table.load_artists_dim_table, execution_date=20220318T060000, start_date=20220318T075212, end_date=20220318T075216
[2022-03-18 15:52:16,659] {local_task_job.py:154} INFO - Task exited with return code 0
[2022-03-18 15:52:16,701] {local_task_job.py:264} INFO - 0 downstream tasks scheduled from follow-on schedule check
