[2022-03-18 15:48:25,830] {taskinstance.py:1037} INFO - Dependencies all met for <TaskInstance: udac_example_dag.load_songplays_fact_table manual__2022-03-18T07:33:50.206546+00:00 [queued]>
[2022-03-18 15:48:25,841] {taskinstance.py:1037} INFO - Dependencies all met for <TaskInstance: udac_example_dag.load_songplays_fact_table manual__2022-03-18T07:33:50.206546+00:00 [queued]>
[2022-03-18 15:48:25,841] {taskinstance.py:1243} INFO - 
--------------------------------------------------------------------------------
[2022-03-18 15:48:25,841] {taskinstance.py:1244} INFO - Starting attempt 1 of 3
[2022-03-18 15:48:25,842] {taskinstance.py:1245} INFO - 
--------------------------------------------------------------------------------
[2022-03-18 15:48:25,851] {taskinstance.py:1264} INFO - Executing <Task(LoadFactOperator): load_songplays_fact_table> on 2022-03-18 07:33:50.206546+00:00
[2022-03-18 15:48:25,854] {standard_task_runner.py:52} INFO - Started process 18821 to run task
[2022-03-18 15:48:25,858] {standard_task_runner.py:76} INFO - Running: ['***', 'tasks', 'run', 'udac_example_dag', 'load_songplays_fact_table', 'manual__2022-03-18T07:33:50.206546+00:00', '--job-id', '176', '--raw', '--subdir', 'DAGS_FOLDER/udac_example_dag.py', '--cfg-path', '/var/folders/lh/ngst1lt51m9_gyz7qrg2f3nh0000gn/T/tmpixax32z4', '--error-file', '/var/folders/lh/ngst1lt51m9_gyz7qrg2f3nh0000gn/T/tmpsmhz7hvu']
[2022-03-18 15:48:25,860] {standard_task_runner.py:77} INFO - Job 176: Subtask load_songplays_fact_table
[2022-03-18 15:48:25,916] {logging_mixin.py:109} INFO - Running <TaskInstance: udac_example_dag.load_songplays_fact_table manual__2022-03-18T07:33:50.206546+00:00 [running]> on host 1.0.0.127.in-addr.arpa
[2022-03-18 15:48:25,971] {taskinstance.py:1429} INFO - Exporting the following env vars:
AIRFLOW_CTX_DAG_OWNER=udacity
AIRFLOW_CTX_DAG_ID=udac_example_dag
AIRFLOW_CTX_TASK_ID=load_songplays_fact_table
AIRFLOW_CTX_EXECUTION_DATE=2022-03-18T07:33:50.206546+00:00
AIRFLOW_CTX_DAG_RUN_ID=manual__2022-03-18T07:33:50.206546+00:00
[2022-03-18 15:48:25,972] {load_fact.py:86} INFO - Starting to truncate songplays
[2022-03-18 15:48:25,980] {base.py:70} INFO - Using connection to: id: redshift. Host: redshift-cluster-1.cvmsgkpkbsh2.us-west-2.redshift.amazonaws.com, Port: 5439, Schema: dev, Login: awsuser, Password: ***, extra: {}
[2022-03-18 15:48:28,392] {dbapi.py:225} INFO - Running statement: 
        TRUNCATE TABLE "public"."songplays"
        , parameters: None
[2022-03-18 15:48:29,471] {load_fact.py:95} INFO - Starting to insert songplays
[2022-03-18 15:48:29,477] {logging_mixin.py:109} WARNING - /usr/local/anaconda3/envs/***_project/lib/python3.9/site-packages/***/utils/context.py:156 AirflowContextDeprecationWarning: Accessing 'execution_date' from the template is deprecated and will be removed in a future version. Please use 'data_interval_start' or 'logical_date' instead.
[2022-03-18 15:48:29,479] {logging_mixin.py:109} WARNING - /usr/local/anaconda3/envs/***_project/lib/python3.9/site-packages/***/utils/context.py:156 AirflowContextDeprecationWarning: Accessing 'next_ds' from the template is deprecated and will be removed in a future version. Please use '{{ data_interval_end | ds }}' instead.
[2022-03-18 15:48:29,480] {logging_mixin.py:109} WARNING - /usr/local/anaconda3/envs/***_project/lib/python3.9/site-packages/***/utils/context.py:156 AirflowContextDeprecationWarning: Accessing 'next_ds_nodash' from the template is deprecated and will be removed in a future version. Please use '{{ data_interval_end | ds_nodash }}' instead.
[2022-03-18 15:48:29,481] {logging_mixin.py:109} WARNING - /usr/local/anaconda3/envs/***_project/lib/python3.9/site-packages/***/utils/context.py:156 AirflowContextDeprecationWarning: Accessing 'next_execution_date' from the template is deprecated and will be removed in a future version. Please use 'data_interval_end' instead.
[2022-03-18 15:48:29,482] {logging_mixin.py:109} WARNING - /usr/local/anaconda3/envs/***_project/lib/python3.9/site-packages/***/utils/context.py:156 AirflowContextDeprecationWarning: Accessing 'prev_ds' from the template is deprecated and will be removed in a future version.
[2022-03-18 15:48:29,483] {logging_mixin.py:109} WARNING - /usr/local/anaconda3/envs/***_project/lib/python3.9/site-packages/***/utils/context.py:156 AirflowContextDeprecationWarning: Accessing 'prev_ds_nodash' from the template is deprecated and will be removed in a future version.
[2022-03-18 15:48:29,483] {logging_mixin.py:109} WARNING - /usr/local/anaconda3/envs/***_project/lib/python3.9/site-packages/***/utils/context.py:156 AirflowContextDeprecationWarning: Accessing 'prev_execution_date' from the template is deprecated and will be removed in a future version.
[2022-03-18 15:48:29,484] {logging_mixin.py:109} WARNING - /usr/local/anaconda3/envs/***_project/lib/python3.9/site-packages/***/utils/context.py:156 AirflowContextDeprecationWarning: Accessing 'prev_execution_date_success' from the template is deprecated and will be removed in a future version. Please use 'prev_data_interval_start_success' instead.
[2022-03-18 15:48:29,485] {logging_mixin.py:109} WARNING - /usr/local/anaconda3/envs/***_project/lib/python3.9/site-packages/***/utils/context.py:156 AirflowContextDeprecationWarning: Accessing 'tomorrow_ds' from the template is deprecated and will be removed in a future version.
[2022-03-18 15:48:29,486] {logging_mixin.py:109} WARNING - /usr/local/anaconda3/envs/***_project/lib/python3.9/site-packages/***/utils/context.py:156 AirflowContextDeprecationWarning: Accessing 'tomorrow_ds_nodash' from the template is deprecated and will be removed in a future version.
[2022-03-18 15:48:29,487] {logging_mixin.py:109} WARNING - /usr/local/anaconda3/envs/***_project/lib/python3.9/site-packages/***/utils/context.py:156 AirflowContextDeprecationWarning: Accessing 'yesterday_ds' from the template is deprecated and will be removed in a future version.
[2022-03-18 15:48:29,488] {logging_mixin.py:109} WARNING - /usr/local/anaconda3/envs/***_project/lib/python3.9/site-packages/***/utils/context.py:156 AirflowContextDeprecationWarning: Accessing 'yesterday_ds_nodash' from the template is deprecated and will be removed in a future version.
[2022-03-18 15:48:29,497] {base.py:70} INFO - Using connection to: id: redshift. Host: redshift-cluster-1.cvmsgkpkbsh2.us-west-2.redshift.amazonaws.com, Port: 5439, Schema: dev, Login: awsuser, Password: ***, extra: {}
[2022-03-18 15:48:31,070] {dbapi.py:225} INFO - Running statement: 
        INSERT INTO "public"."songplays" (playid, start_time, userid, level, songid, artistid, sessionid, location, user_agent)
 
        SELECT
                md5(events.sessionid || events.start_time) songplay_id,
                events.start_time,
                events.userid,
                events.level,
                songs.song_id,
                songs.artist_id,
                events.sessionid,
                events.location,
                events.useragent
                FROM (SELECT TIMESTAMP 'epoch' + ts/1000 * interval '1 second' AS start_time, *
            FROM staging_events
            WHERE page='NextSong') events
            LEFT JOIN staging_songs songs
            ON events.song = songs.title
                AND events.artist = songs.artist_name
                AND events.length = songs.duration
    
        , parameters: None
[2022-03-18 15:48:32,112] {dbapi.py:233} INFO - Rows affected: 6820
[2022-03-18 15:48:32,505] {taskinstance.py:1272} INFO - Marking task as SUCCESS. dag_id=udac_example_dag, task_id=load_songplays_fact_table, execution_date=20220318T073350, start_date=20220318T074825, end_date=20220318T074832
[2022-03-18 15:48:32,540] {local_task_job.py:154} INFO - Task exited with return code 0
[2022-03-18 15:48:32,577] {local_task_job.py:264} INFO - 4 downstream tasks scheduled from follow-on schedule check
