[2022-03-19 23:02:56,696] {taskinstance.py:1037} INFO - Dependencies all met for <TaskInstance: udac_new_v1_dag.task_Dimension_table.load_time_dim_table scheduled__2022-03-19T14:00:00+00:00 [queued]>
[2022-03-19 23:02:56,710] {taskinstance.py:1037} INFO - Dependencies all met for <TaskInstance: udac_new_v1_dag.task_Dimension_table.load_time_dim_table scheduled__2022-03-19T14:00:00+00:00 [queued]>
[2022-03-19 23:02:56,711] {taskinstance.py:1243} INFO - 
--------------------------------------------------------------------------------
[2022-03-19 23:02:56,711] {taskinstance.py:1244} INFO - Starting attempt 1 of 2
[2022-03-19 23:02:56,711] {taskinstance.py:1245} INFO - 
--------------------------------------------------------------------------------
[2022-03-19 23:02:56,722] {taskinstance.py:1264} INFO - Executing <Task(LoadDimensionOperator): task_Dimension_table.load_time_dim_table> on 2022-03-19 14:00:00+00:00
[2022-03-19 23:02:56,726] {standard_task_runner.py:52} INFO - Started process 52290 to run task
[2022-03-19 23:02:56,733] {standard_task_runner.py:76} INFO - Running: ['***', 'tasks', 'run', 'udac_new_v1_dag', 'task_Dimension_table.load_time_dim_table', 'scheduled__2022-03-19T14:00:00+00:00', '--job-id', '132', '--raw', '--subdir', 'DAGS_FOLDER/udac_v1.py', '--cfg-path', '/var/folders/lh/ngst1lt51m9_gyz7qrg2f3nh0000gn/T/tmp3stghlbt', '--error-file', '/var/folders/lh/ngst1lt51m9_gyz7qrg2f3nh0000gn/T/tmpk291nca9']
[2022-03-19 23:02:56,736] {standard_task_runner.py:77} INFO - Job 132: Subtask task_Dimension_table.load_time_dim_table
[2022-03-19 23:02:56,819] {logging_mixin.py:109} INFO - Running <TaskInstance: udac_new_v1_dag.task_Dimension_table.load_time_dim_table scheduled__2022-03-19T14:00:00+00:00 [running]> on host 1.0.0.127.in-addr.arpa
[2022-03-19 23:02:56,882] {taskinstance.py:1429} INFO - Exporting the following env vars:
AIRFLOW_CTX_DAG_OWNER=udacity
AIRFLOW_CTX_DAG_ID=udac_new_v1_dag
AIRFLOW_CTX_TASK_ID=task_Dimension_table.load_time_dim_table
AIRFLOW_CTX_EXECUTION_DATE=2022-03-19T14:00:00+00:00
AIRFLOW_CTX_DAG_RUN_ID=scheduled__2022-03-19T14:00:00+00:00
[2022-03-19 23:02:56,883] {load_dimension.py:83} INFO - Starting to truncate time
[2022-03-19 23:02:56,891] {base.py:70} INFO - Using connection to: id: redshift. Host: redshift-cluster-1.cvmsgkpkbsh2.us-west-2.redshift.amazonaws.com, Port: 5439, Schema: dev, Login: awsuser, Password: ***, extra: {}
[2022-03-19 23:02:57,954] {dbapi.py:225} INFO - Running statement: 
        TRUNCATE TABLE "public"."time"
        , parameters: None
[2022-03-19 23:02:58,515] {load_dimension.py:93} INFO - Starting to insert time
[2022-03-19 23:02:58,521] {logging_mixin.py:109} WARNING - /usr/local/anaconda3/envs/***_project/lib/python3.9/site-packages/***/utils/context.py:156 AirflowContextDeprecationWarning: Accessing 'execution_date' from the template is deprecated and will be removed in a future version. Please use 'data_interval_start' or 'logical_date' instead.
[2022-03-19 23:02:58,522] {logging_mixin.py:109} WARNING - /usr/local/anaconda3/envs/***_project/lib/python3.9/site-packages/***/utils/context.py:156 AirflowContextDeprecationWarning: Accessing 'next_ds' from the template is deprecated and will be removed in a future version. Please use '{{ data_interval_end | ds }}' instead.
[2022-03-19 23:02:58,523] {logging_mixin.py:109} WARNING - /usr/local/anaconda3/envs/***_project/lib/python3.9/site-packages/***/utils/context.py:156 AirflowContextDeprecationWarning: Accessing 'next_ds_nodash' from the template is deprecated and will be removed in a future version. Please use '{{ data_interval_end | ds_nodash }}' instead.
[2022-03-19 23:02:58,524] {logging_mixin.py:109} WARNING - /usr/local/anaconda3/envs/***_project/lib/python3.9/site-packages/***/utils/context.py:156 AirflowContextDeprecationWarning: Accessing 'next_execution_date' from the template is deprecated and will be removed in a future version. Please use 'data_interval_end' instead.
[2022-03-19 23:02:58,524] {logging_mixin.py:109} WARNING - /usr/local/anaconda3/envs/***_project/lib/python3.9/site-packages/***/utils/context.py:156 AirflowContextDeprecationWarning: Accessing 'prev_ds' from the template is deprecated and will be removed in a future version.
[2022-03-19 23:02:58,525] {logging_mixin.py:109} WARNING - /usr/local/anaconda3/envs/***_project/lib/python3.9/site-packages/***/utils/context.py:156 AirflowContextDeprecationWarning: Accessing 'prev_ds_nodash' from the template is deprecated and will be removed in a future version.
[2022-03-19 23:02:58,526] {logging_mixin.py:109} WARNING - /usr/local/anaconda3/envs/***_project/lib/python3.9/site-packages/***/utils/context.py:156 AirflowContextDeprecationWarning: Accessing 'prev_execution_date' from the template is deprecated and will be removed in a future version.
[2022-03-19 23:02:58,527] {logging_mixin.py:109} WARNING - /usr/local/anaconda3/envs/***_project/lib/python3.9/site-packages/***/utils/context.py:156 AirflowContextDeprecationWarning: Accessing 'prev_execution_date_success' from the template is deprecated and will be removed in a future version. Please use 'prev_data_interval_start_success' instead.
[2022-03-19 23:02:58,527] {logging_mixin.py:109} WARNING - /usr/local/anaconda3/envs/***_project/lib/python3.9/site-packages/***/utils/context.py:156 AirflowContextDeprecationWarning: Accessing 'tomorrow_ds' from the template is deprecated and will be removed in a future version.
[2022-03-19 23:02:58,528] {logging_mixin.py:109} WARNING - /usr/local/anaconda3/envs/***_project/lib/python3.9/site-packages/***/utils/context.py:156 AirflowContextDeprecationWarning: Accessing 'tomorrow_ds_nodash' from the template is deprecated and will be removed in a future version.
[2022-03-19 23:02:58,529] {logging_mixin.py:109} WARNING - /usr/local/anaconda3/envs/***_project/lib/python3.9/site-packages/***/utils/context.py:156 AirflowContextDeprecationWarning: Accessing 'yesterday_ds' from the template is deprecated and will be removed in a future version.
[2022-03-19 23:02:58,530] {logging_mixin.py:109} WARNING - /usr/local/anaconda3/envs/***_project/lib/python3.9/site-packages/***/utils/context.py:156 AirflowContextDeprecationWarning: Accessing 'yesterday_ds_nodash' from the template is deprecated and will be removed in a future version.
[2022-03-19 23:02:58,537] {base.py:70} INFO - Using connection to: id: redshift. Host: redshift-cluster-1.cvmsgkpkbsh2.us-west-2.redshift.amazonaws.com, Port: 5439, Schema: dev, Login: awsuser, Password: ***, extra: {}
[2022-03-19 23:02:59,593] {dbapi.py:225} INFO - Running statement: 
        INSERT INTO "public"."time" (start_time, hour, day, week, month, year, weekday)
 
        SELECT start_time, extract(hour from start_time), extract(day from start_time), extract(week from start_time),
               extract(month from start_time), extract(year from start_time), extract(dayofweek from start_time)
        FROM songplays
    
        , parameters: None
[2022-03-19 23:03:00,068] {dbapi.py:233} INFO - Rows affected: 6820
[2022-03-19 23:03:00,566] {taskinstance.py:1272} INFO - Marking task as SUCCESS. dag_id=udac_new_v1_dag, task_id=task_Dimension_table.load_time_dim_table, execution_date=20220319T140000, start_date=20220319T150256, end_date=20220319T150300
[2022-03-19 23:03:00,597] {local_task_job.py:154} INFO - Task exited with return code 0
[2022-03-19 23:03:00,634] {local_task_job.py:264} INFO - 0 downstream tasks scheduled from follow-on schedule check
