[2022-03-18 15:33:53,807] {taskinstance.py:1037} INFO - Dependencies all met for <TaskInstance: udac_example_dag.task_loadDataFromS3ToTrips.Stage_staging_songs manual__2022-03-18T07:33:50.206546+00:00 [queued]>
[2022-03-18 15:33:53,818] {taskinstance.py:1037} INFO - Dependencies all met for <TaskInstance: udac_example_dag.task_loadDataFromS3ToTrips.Stage_staging_songs manual__2022-03-18T07:33:50.206546+00:00 [queued]>
[2022-03-18 15:33:53,818] {taskinstance.py:1243} INFO - 
--------------------------------------------------------------------------------
[2022-03-18 15:33:53,818] {taskinstance.py:1244} INFO - Starting attempt 1 of 3
[2022-03-18 15:33:53,819] {taskinstance.py:1245} INFO - 
--------------------------------------------------------------------------------
[2022-03-18 15:33:53,833] {taskinstance.py:1264} INFO - Executing <Task(StageToRedshiftOperator): task_loadDataFromS3ToTrips.Stage_staging_songs> on 2022-03-18 07:33:50.206546+00:00
[2022-03-18 15:33:53,838] {standard_task_runner.py:52} INFO - Started process 15956 to run task
[2022-03-18 15:33:53,850] {standard_task_runner.py:76} INFO - Running: ['***', 'tasks', 'run', 'udac_example_dag', 'task_loadDataFromS3ToTrips.Stage_staging_songs', 'manual__2022-03-18T07:33:50.206546+00:00', '--job-id', '174', '--raw', '--subdir', 'DAGS_FOLDER/udac_example_dag.py', '--cfg-path', '/var/folders/lh/ngst1lt51m9_gyz7qrg2f3nh0000gn/T/tmpnu0f2jp5', '--error-file', '/var/folders/lh/ngst1lt51m9_gyz7qrg2f3nh0000gn/T/tmp61t2rl9w']
[2022-03-18 15:33:53,854] {standard_task_runner.py:77} INFO - Job 174: Subtask task_loadDataFromS3ToTrips.Stage_staging_songs
[2022-03-18 15:33:53,937] {logging_mixin.py:109} INFO - Running <TaskInstance: udac_example_dag.task_loadDataFromS3ToTrips.Stage_staging_songs manual__2022-03-18T07:33:50.206546+00:00 [running]> on host 1.0.0.127.in-addr.arpa
[2022-03-18 15:33:54,009] {taskinstance.py:1429} INFO - Exporting the following env vars:
AIRFLOW_CTX_DAG_OWNER=udacity
AIRFLOW_CTX_DAG_ID=udac_example_dag
AIRFLOW_CTX_TASK_ID=task_loadDataFromS3ToTrips.Stage_staging_songs
AIRFLOW_CTX_EXECUTION_DATE=2022-03-18T07:33:50.206546+00:00
AIRFLOW_CTX_DAG_RUN_ID=manual__2022-03-18T07:33:50.206546+00:00
[2022-03-18 15:33:54,010] {stage_redshift.py:75} INFO - Starting to set aws redshift connection
[2022-03-18 15:33:54,019] {base_aws.py:190} INFO - Credentials retrieved from login
[2022-03-18 15:33:54,030] {stage_redshift.py:79} INFO - Starting to truncate table, table name: staging_songs!
[2022-03-18 15:33:54,030] {stage_redshift.py:144} INFO - Starting to execute the truncate_table_sql process
[2022-03-18 15:33:54,041] {base.py:70} INFO - Using connection to: id: redshift. Host: redshift-cluster-1.cvmsgkpkbsh2.us-west-2.redshift.amazonaws.com, Port: 5439, Schema: dev, Login: awsuser, Password: ***, extra: {}
[2022-03-18 15:33:56,080] {dbapi.py:225} INFO - Running statement: 
        TRUNCATE TABLE public.staging_songs
        , parameters: None
[2022-03-18 15:33:56,744] {stage_redshift.py:83} INFO - Starting to copy data from S3 to Redshift table, table name: staging_songs!
[2022-03-18 15:33:56,752] {logging_mixin.py:109} WARNING - /usr/local/anaconda3/envs/***_project/lib/python3.9/site-packages/***/utils/context.py:156 AirflowContextDeprecationWarning: Accessing 'execution_date' from the template is deprecated and will be removed in a future version. Please use 'data_interval_start' or 'logical_date' instead.
[2022-03-18 15:33:56,753] {logging_mixin.py:109} WARNING - /usr/local/anaconda3/envs/***_project/lib/python3.9/site-packages/***/utils/context.py:156 AirflowContextDeprecationWarning: Accessing 'next_ds' from the template is deprecated and will be removed in a future version. Please use '{{ data_interval_end | ds }}' instead.
[2022-03-18 15:33:56,754] {logging_mixin.py:109} WARNING - /usr/local/anaconda3/envs/***_project/lib/python3.9/site-packages/***/utils/context.py:156 AirflowContextDeprecationWarning: Accessing 'next_ds_nodash' from the template is deprecated and will be removed in a future version. Please use '{{ data_interval_end | ds_nodash }}' instead.
[2022-03-18 15:33:56,755] {logging_mixin.py:109} WARNING - /usr/local/anaconda3/envs/***_project/lib/python3.9/site-packages/***/utils/context.py:156 AirflowContextDeprecationWarning: Accessing 'next_execution_date' from the template is deprecated and will be removed in a future version. Please use 'data_interval_end' instead.
[2022-03-18 15:33:56,756] {logging_mixin.py:109} WARNING - /usr/local/anaconda3/envs/***_project/lib/python3.9/site-packages/***/utils/context.py:156 AirflowContextDeprecationWarning: Accessing 'prev_ds' from the template is deprecated and will be removed in a future version.
[2022-03-18 15:33:56,758] {logging_mixin.py:109} WARNING - /usr/local/anaconda3/envs/***_project/lib/python3.9/site-packages/***/utils/context.py:156 AirflowContextDeprecationWarning: Accessing 'prev_ds_nodash' from the template is deprecated and will be removed in a future version.
[2022-03-18 15:33:56,759] {logging_mixin.py:109} WARNING - /usr/local/anaconda3/envs/***_project/lib/python3.9/site-packages/***/utils/context.py:156 AirflowContextDeprecationWarning: Accessing 'prev_execution_date' from the template is deprecated and will be removed in a future version.
[2022-03-18 15:33:56,760] {logging_mixin.py:109} WARNING - /usr/local/anaconda3/envs/***_project/lib/python3.9/site-packages/***/utils/context.py:156 AirflowContextDeprecationWarning: Accessing 'prev_execution_date_success' from the template is deprecated and will be removed in a future version. Please use 'prev_data_interval_start_success' instead.
[2022-03-18 15:33:56,761] {logging_mixin.py:109} WARNING - /usr/local/anaconda3/envs/***_project/lib/python3.9/site-packages/***/utils/context.py:156 AirflowContextDeprecationWarning: Accessing 'tomorrow_ds' from the template is deprecated and will be removed in a future version.
[2022-03-18 15:33:56,762] {logging_mixin.py:109} WARNING - /usr/local/anaconda3/envs/***_project/lib/python3.9/site-packages/***/utils/context.py:156 AirflowContextDeprecationWarning: Accessing 'tomorrow_ds_nodash' from the template is deprecated and will be removed in a future version.
[2022-03-18 15:33:56,763] {logging_mixin.py:109} WARNING - /usr/local/anaconda3/envs/***_project/lib/python3.9/site-packages/***/utils/context.py:156 AirflowContextDeprecationWarning: Accessing 'yesterday_ds' from the template is deprecated and will be removed in a future version.
[2022-03-18 15:33:56,763] {logging_mixin.py:109} WARNING - /usr/local/anaconda3/envs/***_project/lib/python3.9/site-packages/***/utils/context.py:156 AirflowContextDeprecationWarning: Accessing 'yesterday_ds_nodash' from the template is deprecated and will be removed in a future version.
[2022-03-18 15:33:56,764] {stage_redshift.py:121} INFO - S3_key.format(**context): song_data
[2022-03-18 15:33:56,764] {stage_redshift.py:125} INFO - Starting to execute the copy_sql_statement process
[2022-03-18 15:33:56,772] {base.py:70} INFO - Using connection to: id: redshift. Host: redshift-cluster-1.cvmsgkpkbsh2.us-west-2.redshift.amazonaws.com, Port: 5439, Schema: dev, Login: awsuser, Password: ***, extra: {}
[2022-03-18 15:33:58,239] {dbapi.py:225} INFO - Running statement: 
        COPY staging_songs
        FROM 's3://udacity-dend/song_data'
        ACCESS_KEY_ID 'AKIAUW7BQYXKOEMAW7ES'
        SECRET_ACCESS_KEY '***'
        FORMAT AS JSON 'auto'
        REGION AS 'us-west-2'
        , parameters: None
[2022-03-18 15:36:15,716] {local_task_job.py:191} WARNING - The recorded hostname 1.0.0.127.in-addr.arpa does not match this instance's hostname oneforall-nickdemacbook-pro.local
[2022-03-18 15:36:15,727] {process_utils.py:120} INFO - Sending Signals.SIGTERM to group 15956. PIDs of all processes in the group: [15956]
[2022-03-18 15:36:15,728] {process_utils.py:75} INFO - Sending the signal Signals.SIGTERM to group 15956
[2022-03-18 15:37:15,747] {process_utils.py:138} WARNING - process psutil.Process(pid=15956, name='python3.9', status='running', started='15:33:53') did not respond to SIGTERM. Trying SIGKILL
[2022-03-18 15:37:15,751] {process_utils.py:75} INFO - Sending the signal Signals.SIGKILL to group 15956
[2022-03-18 15:37:15,759] {process_utils.py:70} INFO - Process psutil.Process(pid=15956, name='python3.9', status='terminated', exitcode=<Negsignal.SIGKILL: -9>, started='15:33:53') (15956) terminated with exit code Negsignal.SIGKILL
[2022-03-18 15:37:15,760] {standard_task_runner.py:133} ERROR - Job 174 was killed before it finished (likely due to running out of memory)
