[2022-03-17 13:39:20,202] {taskinstance.py:1037} INFO - Dependencies all met for <TaskInstance: udac_example_dag.load_songplays_fact_table manual__2022-03-17T05:30:10.336355+00:00 [queued]>
[2022-03-17 13:39:20,210] {taskinstance.py:1037} INFO - Dependencies all met for <TaskInstance: udac_example_dag.load_songplays_fact_table manual__2022-03-17T05:30:10.336355+00:00 [queued]>
[2022-03-17 13:39:20,211] {taskinstance.py:1243} INFO - 
--------------------------------------------------------------------------------
[2022-03-17 13:39:20,211] {taskinstance.py:1244} INFO - Starting attempt 1 of 3
[2022-03-17 13:39:20,211] {taskinstance.py:1245} INFO - 
--------------------------------------------------------------------------------
[2022-03-17 13:39:20,218] {taskinstance.py:1264} INFO - Executing <Task(LoadFactOperator): load_songplays_fact_table> on 2022-03-17 05:30:10.336355+00:00
[2022-03-17 13:39:20,221] {standard_task_runner.py:52} INFO - Started process 98832 to run task
[2022-03-17 13:39:20,226] {standard_task_runner.py:76} INFO - Running: ['***', 'tasks', 'run', 'udac_example_dag', 'load_songplays_fact_table', 'manual__2022-03-17T05:30:10.336355+00:00', '--job-id', '18', '--raw', '--subdir', 'DAGS_FOLDER/udac_example_dag.py', '--cfg-path', '/var/folders/lh/ngst1lt51m9_gyz7qrg2f3nh0000gn/T/tmp53m3vcg2', '--error-file', '/var/folders/lh/ngst1lt51m9_gyz7qrg2f3nh0000gn/T/tmpjha67kmu']
[2022-03-17 13:39:20,228] {standard_task_runner.py:77} INFO - Job 18: Subtask load_songplays_fact_table
[2022-03-17 13:39:20,287] {logging_mixin.py:109} INFO - Running <TaskInstance: udac_example_dag.load_songplays_fact_table manual__2022-03-17T05:30:10.336355+00:00 [running]> on host 1.0.0.127.in-addr.arpa
[2022-03-17 13:39:20,332] {taskinstance.py:1429} INFO - Exporting the following env vars:
AIRFLOW_CTX_DAG_OWNER=udacity
AIRFLOW_CTX_DAG_ID=udac_example_dag
AIRFLOW_CTX_TASK_ID=load_songplays_fact_table
AIRFLOW_CTX_EXECUTION_DATE=2022-03-17T05:30:10.336355+00:00
AIRFLOW_CTX_DAG_RUN_ID=manual__2022-03-17T05:30:10.336355+00:00
[2022-03-17 13:39:20,332] {load_fact.py:84} INFO - Starting to truncate songplays
[2022-03-17 13:39:20,340] {base.py:70} INFO - Using connection to: id: redshift. Host: redshift-cluster-1.cvmsgkpkbsh2.us-west-2.redshift.amazonaws.com, Port: 5439, Schema: dev, Login: awsuser, Password: ***, extra: {}
[2022-03-17 13:39:22,275] {dbapi.py:225} INFO - Running statement: 
        TRUNCATE TABLE "public"."songplays"
        , parameters: None
[2022-03-17 13:39:23,235] {load_fact.py:93} INFO - Starting to insert songplays
[2022-03-17 13:39:23,235] {taskinstance.py:1718} ERROR - Task failed with exception
Traceback (most recent call last):
  File "/usr/local/anaconda3/envs/data_pipeline/lib/python3.8/site-packages/airflow/models/taskinstance.py", line 1334, in _run_raw_task
    self._execute_task_with_callbacks(context)
  File "/usr/local/anaconda3/envs/data_pipeline/lib/python3.8/site-packages/airflow/models/taskinstance.py", line 1460, in _execute_task_with_callbacks
    result = self._execute_task(context, self.task)
  File "/usr/local/anaconda3/envs/data_pipeline/lib/python3.8/site-packages/airflow/models/taskinstance.py", line 1516, in _execute_task
    result = execute_callable(context=context)
  File "/Users/oneforall_nick/workspace/airflow/plugins/operators/load_fact.py", line 70, in execute
    self.load_songplays_fact_table(redshift_hook)
  File "/Users/oneforall_nick/workspace/airflow/plugins/operators/load_fact.py", line 95, in load_songplays_fact_table
    insert_fact_data = LoadFactOperator.insert_table.format(
KeyError: '(column_name)'
[2022-03-17 13:39:23,252] {taskinstance.py:1272} INFO - Marking task as UP_FOR_RETRY. dag_id=udac_example_dag, task_id=load_songplays_fact_table, execution_date=20220317T053010, start_date=20220317T053920, end_date=20220317T053923
[2022-03-17 13:39:23,261] {standard_task_runner.py:89} ERROR - Failed to execute job 18 for task load_songplays_fact_table
Traceback (most recent call last):
  File "/usr/local/anaconda3/envs/data_pipeline/lib/python3.8/site-packages/airflow/task/task_runner/standard_task_runner.py", line 85, in _start_by_fork
    args.func(args, dag=self.dag)
  File "/usr/local/anaconda3/envs/data_pipeline/lib/python3.8/site-packages/airflow/cli/cli_parser.py", line 48, in command
    return func(*args, **kwargs)
  File "/usr/local/anaconda3/envs/data_pipeline/lib/python3.8/site-packages/airflow/utils/cli.py", line 92, in wrapper
    return f(*args, **kwargs)
  File "/usr/local/anaconda3/envs/data_pipeline/lib/python3.8/site-packages/airflow/cli/commands/task_command.py", line 298, in task_run
    _run_task_by_selected_method(args, dag, ti)
  File "/usr/local/anaconda3/envs/data_pipeline/lib/python3.8/site-packages/airflow/cli/commands/task_command.py", line 107, in _run_task_by_selected_method
    _run_raw_task(args, ti)
  File "/usr/local/anaconda3/envs/data_pipeline/lib/python3.8/site-packages/airflow/cli/commands/task_command.py", line 180, in _run_raw_task
    ti._run_raw_task(
  File "/usr/local/anaconda3/envs/data_pipeline/lib/python3.8/site-packages/airflow/utils/session.py", line 70, in wrapper
    return func(*args, session=session, **kwargs)
  File "/usr/local/anaconda3/envs/data_pipeline/lib/python3.8/site-packages/airflow/models/taskinstance.py", line 1334, in _run_raw_task
    self._execute_task_with_callbacks(context)
  File "/usr/local/anaconda3/envs/data_pipeline/lib/python3.8/site-packages/airflow/models/taskinstance.py", line 1460, in _execute_task_with_callbacks
    result = self._execute_task(context, self.task)
  File "/usr/local/anaconda3/envs/data_pipeline/lib/python3.8/site-packages/airflow/models/taskinstance.py", line 1516, in _execute_task
    result = execute_callable(context=context)
  File "/Users/oneforall_nick/workspace/airflow/plugins/operators/load_fact.py", line 70, in execute
    self.load_songplays_fact_table(redshift_hook)
  File "/Users/oneforall_nick/workspace/airflow/plugins/operators/load_fact.py", line 95, in load_songplays_fact_table
    insert_fact_data = LoadFactOperator.insert_table.format(
KeyError: '(column_name)'
[2022-03-17 13:39:23,301] {local_task_job.py:154} INFO - Task exited with return code 1
[2022-03-17 13:39:23,339] {local_task_job.py:264} INFO - 0 downstream tasks scheduled from follow-on schedule check
