[2022-03-18 15:48:35,257] {taskinstance.py:1037} INFO - Dependencies all met for <TaskInstance: udac_example_dag.task_group_Dimension_table.load_users_dim_table manual__2022-03-18T07:33:50.206546+00:00 [queued]>
[2022-03-18 15:48:35,268] {taskinstance.py:1037} INFO - Dependencies all met for <TaskInstance: udac_example_dag.task_group_Dimension_table.load_users_dim_table manual__2022-03-18T07:33:50.206546+00:00 [queued]>
[2022-03-18 15:48:35,268] {taskinstance.py:1243} INFO - 
--------------------------------------------------------------------------------
[2022-03-18 15:48:35,268] {taskinstance.py:1244} INFO - Starting attempt 1 of 3
[2022-03-18 15:48:35,268] {taskinstance.py:1245} INFO - 
--------------------------------------------------------------------------------
[2022-03-18 15:48:35,277] {taskinstance.py:1264} INFO - Executing <Task(LoadDimensionOperator): task_group_Dimension_table.load_users_dim_table> on 2022-03-18 07:33:50.206546+00:00
[2022-03-18 15:48:35,281] {standard_task_runner.py:52} INFO - Started process 19001 to run task
[2022-03-18 15:48:35,287] {standard_task_runner.py:76} INFO - Running: ['***', 'tasks', 'run', 'udac_example_dag', 'task_group_Dimension_table.load_users_dim_table', 'manual__2022-03-18T07:33:50.206546+00:00', '--job-id', '179', '--raw', '--subdir', 'DAGS_FOLDER/udac_example_dag.py', '--cfg-path', '/var/folders/lh/ngst1lt51m9_gyz7qrg2f3nh0000gn/T/tmp30vpu9rz', '--error-file', '/var/folders/lh/ngst1lt51m9_gyz7qrg2f3nh0000gn/T/tmp3apoqzh2']
[2022-03-18 15:48:35,289] {standard_task_runner.py:77} INFO - Job 179: Subtask task_group_Dimension_table.load_users_dim_table
[2022-03-18 15:48:35,393] {logging_mixin.py:109} INFO - Running <TaskInstance: udac_example_dag.task_group_Dimension_table.load_users_dim_table manual__2022-03-18T07:33:50.206546+00:00 [running]> on host 1.0.0.127.in-addr.arpa
[2022-03-18 15:48:35,498] {taskinstance.py:1429} INFO - Exporting the following env vars:
AIRFLOW_CTX_DAG_OWNER=udacity
AIRFLOW_CTX_DAG_ID=udac_example_dag
AIRFLOW_CTX_TASK_ID=task_group_Dimension_table.load_users_dim_table
AIRFLOW_CTX_EXECUTION_DATE=2022-03-18T07:33:50.206546+00:00
AIRFLOW_CTX_DAG_RUN_ID=manual__2022-03-18T07:33:50.206546+00:00
[2022-03-18 15:48:35,499] {load_dimension.py:83} INFO - Starting to truncate users
[2022-03-18 15:48:35,508] {base.py:70} INFO - Using connection to: id: redshift. Host: redshift-cluster-1.cvmsgkpkbsh2.us-west-2.redshift.amazonaws.com, Port: 5439, Schema: dev, Login: awsuser, Password: ***, extra: {}
[2022-03-18 15:48:36,850] {dbapi.py:225} INFO - Running statement: 
        TRUNCATE TABLE "public"."users"
        , parameters: None
[2022-03-18 15:48:37,674] {load_dimension.py:93} INFO - Starting to insert users
[2022-03-18 15:48:37,679] {logging_mixin.py:109} WARNING - /usr/local/anaconda3/envs/***_project/lib/python3.9/site-packages/***/utils/context.py:156 AirflowContextDeprecationWarning: Accessing 'execution_date' from the template is deprecated and will be removed in a future version. Please use 'data_interval_start' or 'logical_date' instead.
[2022-03-18 15:48:37,680] {logging_mixin.py:109} WARNING - /usr/local/anaconda3/envs/***_project/lib/python3.9/site-packages/***/utils/context.py:156 AirflowContextDeprecationWarning: Accessing 'next_ds' from the template is deprecated and will be removed in a future version. Please use '{{ data_interval_end | ds }}' instead.
[2022-03-18 15:48:37,681] {logging_mixin.py:109} WARNING - /usr/local/anaconda3/envs/***_project/lib/python3.9/site-packages/***/utils/context.py:156 AirflowContextDeprecationWarning: Accessing 'next_ds_nodash' from the template is deprecated and will be removed in a future version. Please use '{{ data_interval_end | ds_nodash }}' instead.
[2022-03-18 15:48:37,682] {logging_mixin.py:109} WARNING - /usr/local/anaconda3/envs/***_project/lib/python3.9/site-packages/***/utils/context.py:156 AirflowContextDeprecationWarning: Accessing 'next_execution_date' from the template is deprecated and will be removed in a future version. Please use 'data_interval_end' instead.
[2022-03-18 15:48:37,683] {logging_mixin.py:109} WARNING - /usr/local/anaconda3/envs/***_project/lib/python3.9/site-packages/***/utils/context.py:156 AirflowContextDeprecationWarning: Accessing 'prev_ds' from the template is deprecated and will be removed in a future version.
[2022-03-18 15:48:37,683] {logging_mixin.py:109} WARNING - /usr/local/anaconda3/envs/***_project/lib/python3.9/site-packages/***/utils/context.py:156 AirflowContextDeprecationWarning: Accessing 'prev_ds_nodash' from the template is deprecated and will be removed in a future version.
[2022-03-18 15:48:37,684] {logging_mixin.py:109} WARNING - /usr/local/anaconda3/envs/***_project/lib/python3.9/site-packages/***/utils/context.py:156 AirflowContextDeprecationWarning: Accessing 'prev_execution_date' from the template is deprecated and will be removed in a future version.
[2022-03-18 15:48:37,685] {logging_mixin.py:109} WARNING - /usr/local/anaconda3/envs/***_project/lib/python3.9/site-packages/***/utils/context.py:156 AirflowContextDeprecationWarning: Accessing 'prev_execution_date_success' from the template is deprecated and will be removed in a future version. Please use 'prev_data_interval_start_success' instead.
[2022-03-18 15:48:37,686] {logging_mixin.py:109} WARNING - /usr/local/anaconda3/envs/***_project/lib/python3.9/site-packages/***/utils/context.py:156 AirflowContextDeprecationWarning: Accessing 'tomorrow_ds' from the template is deprecated and will be removed in a future version.
[2022-03-18 15:48:37,687] {logging_mixin.py:109} WARNING - /usr/local/anaconda3/envs/***_project/lib/python3.9/site-packages/***/utils/context.py:156 AirflowContextDeprecationWarning: Accessing 'tomorrow_ds_nodash' from the template is deprecated and will be removed in a future version.
[2022-03-18 15:48:37,688] {logging_mixin.py:109} WARNING - /usr/local/anaconda3/envs/***_project/lib/python3.9/site-packages/***/utils/context.py:156 AirflowContextDeprecationWarning: Accessing 'yesterday_ds' from the template is deprecated and will be removed in a future version.
[2022-03-18 15:48:37,689] {logging_mixin.py:109} WARNING - /usr/local/anaconda3/envs/***_project/lib/python3.9/site-packages/***/utils/context.py:156 AirflowContextDeprecationWarning: Accessing 'yesterday_ds_nodash' from the template is deprecated and will be removed in a future version.
[2022-03-18 15:48:37,698] {base.py:70} INFO - Using connection to: id: redshift. Host: redshift-cluster-1.cvmsgkpkbsh2.us-west-2.redshift.amazonaws.com, Port: 5439, Schema: dev, Login: awsuser, Password: ***, extra: {}
[2022-03-18 15:48:38,958] {dbapi.py:225} INFO - Running statement: 
        INSERT INTO "public"."users" (userid, first_name, last_name, gender,level)
 
        SELECT distinct userid, firstname, lastname, gender, level
        FROM staging_events
        WHERE page='NextSong'
    
        , parameters: None
[2022-03-18 15:48:40,031] {dbapi.py:233} INFO - Rows affected: 104
[2022-03-18 15:48:40,404] {taskinstance.py:1272} INFO - Marking task as SUCCESS. dag_id=udac_example_dag, task_id=task_group_Dimension_table.load_users_dim_table, execution_date=20220318T073350, start_date=20220318T074835, end_date=20220318T074840
[2022-03-18 15:48:40,436] {local_task_job.py:154} INFO - Task exited with return code 0
[2022-03-18 15:48:40,465] {local_task_job.py:264} INFO - 0 downstream tasks scheduled from follow-on schedule check
