[2022-03-19 21:38:49,405] {taskinstance.py:1037} INFO - Dependencies all met for <TaskInstance: udac_new_v1_dag.task_StageToRedshift.Stage_staging_songs manual__2022-03-19T13:38:46.480294+00:00 [queued]>
[2022-03-19 21:38:49,423] {taskinstance.py:1037} INFO - Dependencies all met for <TaskInstance: udac_new_v1_dag.task_StageToRedshift.Stage_staging_songs manual__2022-03-19T13:38:46.480294+00:00 [queued]>
[2022-03-19 21:38:49,424] {taskinstance.py:1243} INFO - 
--------------------------------------------------------------------------------
[2022-03-19 21:38:49,424] {taskinstance.py:1244} INFO - Starting attempt 1 of 2
[2022-03-19 21:38:49,425] {taskinstance.py:1245} INFO - 
--------------------------------------------------------------------------------
[2022-03-19 21:38:49,435] {taskinstance.py:1264} INFO - Executing <Task(StageToRedshiftOperator): task_StageToRedshift.Stage_staging_songs> on 2022-03-19 13:38:46.480294+00:00
[2022-03-19 21:38:49,438] {standard_task_runner.py:52} INFO - Started process 38285 to run task
[2022-03-19 21:38:49,446] {standard_task_runner.py:76} INFO - Running: ['***', 'tasks', 'run', 'udac_new_v1_dag', 'task_StageToRedshift.Stage_staging_songs', 'manual__2022-03-19T13:38:46.480294+00:00', '--job-id', '48', '--raw', '--subdir', 'DAGS_FOLDER/udac_v1.py', '--cfg-path', '/var/folders/lh/ngst1lt51m9_gyz7qrg2f3nh0000gn/T/tmpal9z5j4_', '--error-file', '/var/folders/lh/ngst1lt51m9_gyz7qrg2f3nh0000gn/T/tmpbm6h3ycx']
[2022-03-19 21:38:49,449] {standard_task_runner.py:77} INFO - Job 48: Subtask task_StageToRedshift.Stage_staging_songs
[2022-03-19 21:38:49,531] {logging_mixin.py:109} INFO - Running <TaskInstance: udac_new_v1_dag.task_StageToRedshift.Stage_staging_songs manual__2022-03-19T13:38:46.480294+00:00 [running]> on host 1.0.0.127.in-addr.arpa
[2022-03-19 21:38:49,596] {taskinstance.py:1429} INFO - Exporting the following env vars:
AIRFLOW_CTX_DAG_OWNER=udacity
AIRFLOW_CTX_DAG_ID=udac_new_v1_dag
AIRFLOW_CTX_TASK_ID=task_StageToRedshift.Stage_staging_songs
AIRFLOW_CTX_EXECUTION_DATE=2022-03-19T13:38:46.480294+00:00
AIRFLOW_CTX_DAG_RUN_ID=manual__2022-03-19T13:38:46.480294+00:00
[2022-03-19 21:38:49,597] {stage_redshift.py:75} INFO - Starting to set aws redshift connection
[2022-03-19 21:38:49,608] {base_aws.py:190} INFO - Credentials retrieved from login
[2022-03-19 21:38:49,623] {stage_redshift.py:79} INFO - Starting to truncate table, table name: staging_songs!
[2022-03-19 21:38:49,624] {stage_redshift.py:144} INFO - Starting to execute the truncate_table_sql process
[2022-03-19 21:38:49,633] {base.py:70} INFO - Using connection to: id: redshift. Host: redshift-cluster-1.cvmsgkpkbsh2.us-west-2.redshift.amazonaws.com, Port: 5439, Schema: dev, Login: awsuser, Password: ***, extra: {}
[2022-03-19 21:38:50,828] {dbapi.py:225} INFO - Running statement: 
        TRUNCATE TABLE public.staging_songs
        , parameters: None
[2022-03-19 21:38:51,341] {stage_redshift.py:83} INFO - Starting to copy data from S3 to Redshift table, table name: staging_songs!
[2022-03-19 21:38:51,352] {logging_mixin.py:109} WARNING - /usr/local/anaconda3/envs/***_project/lib/python3.9/site-packages/***/utils/context.py:156 AirflowContextDeprecationWarning: Accessing 'execution_date' from the template is deprecated and will be removed in a future version. Please use 'data_interval_start' or 'logical_date' instead.
[2022-03-19 21:38:51,356] {logging_mixin.py:109} WARNING - /usr/local/anaconda3/envs/***_project/lib/python3.9/site-packages/***/utils/context.py:156 AirflowContextDeprecationWarning: Accessing 'next_ds' from the template is deprecated and will be removed in a future version. Please use '{{ data_interval_end | ds }}' instead.
[2022-03-19 21:38:51,359] {logging_mixin.py:109} WARNING - /usr/local/anaconda3/envs/***_project/lib/python3.9/site-packages/***/utils/context.py:156 AirflowContextDeprecationWarning: Accessing 'next_ds_nodash' from the template is deprecated and will be removed in a future version. Please use '{{ data_interval_end | ds_nodash }}' instead.
[2022-03-19 21:38:51,361] {logging_mixin.py:109} WARNING - /usr/local/anaconda3/envs/***_project/lib/python3.9/site-packages/***/utils/context.py:156 AirflowContextDeprecationWarning: Accessing 'next_execution_date' from the template is deprecated and will be removed in a future version. Please use 'data_interval_end' instead.
[2022-03-19 21:38:51,362] {logging_mixin.py:109} WARNING - /usr/local/anaconda3/envs/***_project/lib/python3.9/site-packages/***/utils/context.py:156 AirflowContextDeprecationWarning: Accessing 'prev_ds' from the template is deprecated and will be removed in a future version.
[2022-03-19 21:38:51,363] {logging_mixin.py:109} WARNING - /usr/local/anaconda3/envs/***_project/lib/python3.9/site-packages/***/utils/context.py:156 AirflowContextDeprecationWarning: Accessing 'prev_ds_nodash' from the template is deprecated and will be removed in a future version.
[2022-03-19 21:38:51,364] {logging_mixin.py:109} WARNING - /usr/local/anaconda3/envs/***_project/lib/python3.9/site-packages/***/utils/context.py:156 AirflowContextDeprecationWarning: Accessing 'prev_execution_date' from the template is deprecated and will be removed in a future version.
[2022-03-19 21:38:51,366] {logging_mixin.py:109} WARNING - /usr/local/anaconda3/envs/***_project/lib/python3.9/site-packages/***/utils/context.py:156 AirflowContextDeprecationWarning: Accessing 'prev_execution_date_success' from the template is deprecated and will be removed in a future version. Please use 'prev_data_interval_start_success' instead.
[2022-03-19 21:38:51,367] {logging_mixin.py:109} WARNING - /usr/local/anaconda3/envs/***_project/lib/python3.9/site-packages/***/utils/context.py:156 AirflowContextDeprecationWarning: Accessing 'tomorrow_ds' from the template is deprecated and will be removed in a future version.
[2022-03-19 21:38:51,368] {logging_mixin.py:109} WARNING - /usr/local/anaconda3/envs/***_project/lib/python3.9/site-packages/***/utils/context.py:156 AirflowContextDeprecationWarning: Accessing 'tomorrow_ds_nodash' from the template is deprecated and will be removed in a future version.
[2022-03-19 21:38:51,372] {logging_mixin.py:109} WARNING - /usr/local/anaconda3/envs/***_project/lib/python3.9/site-packages/***/utils/context.py:156 AirflowContextDeprecationWarning: Accessing 'yesterday_ds' from the template is deprecated and will be removed in a future version.
[2022-03-19 21:38:51,375] {logging_mixin.py:109} WARNING - /usr/local/anaconda3/envs/***_project/lib/python3.9/site-packages/***/utils/context.py:156 AirflowContextDeprecationWarning: Accessing 'yesterday_ds_nodash' from the template is deprecated and will be removed in a future version.
[2022-03-19 21:38:51,376] {stage_redshift.py:121} INFO - S3_key.format(**context): song_data
[2022-03-19 21:38:51,377] {stage_redshift.py:125} INFO - Starting to execute the copy_sql_statement process
[2022-03-19 21:38:51,400] {base.py:70} INFO - Using connection to: id: redshift. Host: redshift-cluster-1.cvmsgkpkbsh2.us-west-2.redshift.amazonaws.com, Port: 5439, Schema: dev, Login: awsuser, Password: ***, extra: {}
[2022-03-19 21:38:52,466] {dbapi.py:225} INFO - Running statement: 
        COPY staging_songs
        FROM 's3://udacity-dend/song_data'
        ACCESS_KEY_ID 'AKIAUW7BQYXKOEMAW7ES'
        SECRET_ACCESS_KEY '***'
        FORMAT AS JSON 'auto'
        REGION AS 'us-west-2'
        , parameters: None
[2022-03-19 21:41:40,687] {taskinstance.py:1272} INFO - Marking task as SUCCESS. dag_id=udac_new_v1_dag, task_id=task_StageToRedshift.Stage_staging_songs, execution_date=20220319T133846, start_date=20220319T133849, end_date=20220319T134140
[2022-03-19 21:41:40,724] {local_task_job.py:154} INFO - Task exited with return code 0
[2022-03-19 21:41:40,764] {local_task_job.py:264} INFO - 1 downstream tasks scheduled from follow-on schedule check
