[2022-03-17 18:15:09,203] {taskinstance.py:1037} INFO - Dependencies all met for <TaskInstance: udac_example_dag.task_group_Dimension_table.load_artists_dim_table scheduled__2022-03-17T09:00:00+00:00 [queued]>
[2022-03-17 18:15:09,216] {taskinstance.py:1037} INFO - Dependencies all met for <TaskInstance: udac_example_dag.task_group_Dimension_table.load_artists_dim_table scheduled__2022-03-17T09:00:00+00:00 [queued]>
[2022-03-17 18:15:09,217] {taskinstance.py:1243} INFO - 
--------------------------------------------------------------------------------
[2022-03-17 18:15:09,217] {taskinstance.py:1244} INFO - Starting attempt 1 of 3
[2022-03-17 18:15:09,217] {taskinstance.py:1245} INFO - 
--------------------------------------------------------------------------------
[2022-03-17 18:15:09,238] {taskinstance.py:1264} INFO - Executing <Task(LoadDimensionOperator): task_group_Dimension_table.load_artists_dim_table> on 2022-03-17 09:00:00+00:00
[2022-03-17 18:15:09,241] {standard_task_runner.py:52} INFO - Started process 23870 to run task
[2022-03-17 18:15:09,252] {standard_task_runner.py:76} INFO - Running: ['***', 'tasks', 'run', 'udac_example_dag', 'task_group_Dimension_table.load_artists_dim_table', 'scheduled__2022-03-17T09:00:00+00:00', '--job-id', '141', '--raw', '--subdir', 'DAGS_FOLDER/udac_example_dag.py', '--cfg-path', '/var/folders/lh/ngst1lt51m9_gyz7qrg2f3nh0000gn/T/tmp8nwcgczd', '--error-file', '/var/folders/lh/ngst1lt51m9_gyz7qrg2f3nh0000gn/T/tmp938dcq5_']
[2022-03-17 18:15:09,254] {standard_task_runner.py:77} INFO - Job 141: Subtask task_group_Dimension_table.load_artists_dim_table
[2022-03-17 18:15:09,408] {logging_mixin.py:109} INFO - Running <TaskInstance: udac_example_dag.task_group_Dimension_table.load_artists_dim_table scheduled__2022-03-17T09:00:00+00:00 [running]> on host 1.0.0.127.in-addr.arpa
[2022-03-17 18:15:09,511] {taskinstance.py:1429} INFO - Exporting the following env vars:
AIRFLOW_CTX_DAG_OWNER=udacity
AIRFLOW_CTX_DAG_ID=udac_example_dag
AIRFLOW_CTX_TASK_ID=task_group_Dimension_table.load_artists_dim_table
AIRFLOW_CTX_EXECUTION_DATE=2022-03-17T09:00:00+00:00
AIRFLOW_CTX_DAG_RUN_ID=scheduled__2022-03-17T09:00:00+00:00
[2022-03-17 18:15:09,512] {load_dimension.py:83} INFO - Starting to truncate artists
[2022-03-17 18:15:09,524] {base.py:70} INFO - Using connection to: id: redshift. Host: redshift-cluster-1.cvmsgkpkbsh2.us-west-2.redshift.amazonaws.com, Port: 5439, Schema: dev, Login: awsuser, Password: ***, extra: {}
[2022-03-17 18:15:10,823] {dbapi.py:225} INFO - Running statement: 
        TRUNCATE TABLE "public"."artists"
        , parameters: None
[2022-03-17 18:15:11,424] {load_dimension.py:93} INFO - Starting to insert artists
[2022-03-17 18:15:11,428] {logging_mixin.py:109} WARNING - /usr/local/anaconda3/envs/data_pipeline/lib/python3.8/site-packages/***/utils/context.py:156 AirflowContextDeprecationWarning: Accessing 'execution_date' from the template is deprecated and will be removed in a future version. Please use 'data_interval_start' or 'logical_date' instead.
[2022-03-17 18:15:11,430] {logging_mixin.py:109} WARNING - /usr/local/anaconda3/envs/data_pipeline/lib/python3.8/site-packages/***/utils/context.py:156 AirflowContextDeprecationWarning: Accessing 'next_ds' from the template is deprecated and will be removed in a future version. Please use '{{ data_interval_end | ds }}' instead.
[2022-03-17 18:15:11,431] {logging_mixin.py:109} WARNING - /usr/local/anaconda3/envs/data_pipeline/lib/python3.8/site-packages/***/utils/context.py:156 AirflowContextDeprecationWarning: Accessing 'next_ds_nodash' from the template is deprecated and will be removed in a future version. Please use '{{ data_interval_end | ds_nodash }}' instead.
[2022-03-17 18:15:11,433] {logging_mixin.py:109} WARNING - /usr/local/anaconda3/envs/data_pipeline/lib/python3.8/site-packages/***/utils/context.py:156 AirflowContextDeprecationWarning: Accessing 'next_execution_date' from the template is deprecated and will be removed in a future version. Please use 'data_interval_end' instead.
[2022-03-17 18:15:11,434] {logging_mixin.py:109} WARNING - /usr/local/anaconda3/envs/data_pipeline/lib/python3.8/site-packages/***/utils/context.py:156 AirflowContextDeprecationWarning: Accessing 'prev_ds' from the template is deprecated and will be removed in a future version.
[2022-03-17 18:15:11,435] {logging_mixin.py:109} WARNING - /usr/local/anaconda3/envs/data_pipeline/lib/python3.8/site-packages/***/utils/context.py:156 AirflowContextDeprecationWarning: Accessing 'prev_ds_nodash' from the template is deprecated and will be removed in a future version.
[2022-03-17 18:15:11,437] {logging_mixin.py:109} WARNING - /usr/local/anaconda3/envs/data_pipeline/lib/python3.8/site-packages/***/utils/context.py:156 AirflowContextDeprecationWarning: Accessing 'prev_execution_date' from the template is deprecated and will be removed in a future version.
[2022-03-17 18:15:11,437] {logging_mixin.py:109} WARNING - /usr/local/anaconda3/envs/data_pipeline/lib/python3.8/site-packages/***/utils/context.py:156 AirflowContextDeprecationWarning: Accessing 'prev_execution_date_success' from the template is deprecated and will be removed in a future version. Please use 'prev_data_interval_start_success' instead.
[2022-03-17 18:15:11,439] {logging_mixin.py:109} WARNING - /usr/local/anaconda3/envs/data_pipeline/lib/python3.8/site-packages/***/utils/context.py:156 AirflowContextDeprecationWarning: Accessing 'tomorrow_ds' from the template is deprecated and will be removed in a future version.
[2022-03-17 18:15:11,440] {logging_mixin.py:109} WARNING - /usr/local/anaconda3/envs/data_pipeline/lib/python3.8/site-packages/***/utils/context.py:156 AirflowContextDeprecationWarning: Accessing 'tomorrow_ds_nodash' from the template is deprecated and will be removed in a future version.
[2022-03-17 18:15:11,441] {logging_mixin.py:109} WARNING - /usr/local/anaconda3/envs/data_pipeline/lib/python3.8/site-packages/***/utils/context.py:156 AirflowContextDeprecationWarning: Accessing 'yesterday_ds' from the template is deprecated and will be removed in a future version.
[2022-03-17 18:15:11,443] {logging_mixin.py:109} WARNING - /usr/local/anaconda3/envs/data_pipeline/lib/python3.8/site-packages/***/utils/context.py:156 AirflowContextDeprecationWarning: Accessing 'yesterday_ds_nodash' from the template is deprecated and will be removed in a future version.
[2022-03-17 18:15:11,453] {base.py:70} INFO - Using connection to: id: redshift. Host: redshift-cluster-1.cvmsgkpkbsh2.us-west-2.redshift.amazonaws.com, Port: 5439, Schema: dev, Login: awsuser, Password: ***, extra: {}
[2022-03-17 18:15:12,735] {dbapi.py:225} INFO - Running statement: 
        INSERT INTO "public"."artists" (artistid, name, location, lattitude, longitude)
 
        SELECT distinct artist_id, artist_name, artist_location, artist_latitude, artist_longitude
        FROM staging_songs
    
        , parameters: None
[2022-03-17 18:15:13,122] {dbapi.py:233} INFO - Rows affected: 24
[2022-03-17 18:15:13,465] {taskinstance.py:1272} INFO - Marking task as SUCCESS. dag_id=udac_example_dag, task_id=task_group_Dimension_table.load_artists_dim_table, execution_date=20220317T090000, start_date=20220317T101509, end_date=20220317T101513
[2022-03-17 18:15:13,483] {local_task_job.py:154} INFO - Task exited with return code 0
[2022-03-17 18:15:13,517] {local_task_job.py:264} INFO - 0 downstream tasks scheduled from follow-on schedule check
