[2022-03-19 22:55:20,645] {taskinstance.py:1037} INFO - Dependencies all met for <TaskInstance: udac_new_v1_dag.task_Dimension_table.load_users_dim_table manual__2022-03-19T14:52:20.121952+00:00 [queued]>
[2022-03-19 22:55:20,676] {taskinstance.py:1037} INFO - Dependencies all met for <TaskInstance: udac_new_v1_dag.task_Dimension_table.load_users_dim_table manual__2022-03-19T14:52:20.121952+00:00 [queued]>
[2022-03-19 22:55:20,677] {taskinstance.py:1243} INFO - 
--------------------------------------------------------------------------------
[2022-03-19 22:55:20,677] {taskinstance.py:1244} INFO - Starting attempt 1 of 2
[2022-03-19 22:55:20,678] {taskinstance.py:1245} INFO - 
--------------------------------------------------------------------------------
[2022-03-19 22:55:20,690] {taskinstance.py:1264} INFO - Executing <Task(LoadDimensionOperator): task_Dimension_table.load_users_dim_table> on 2022-03-19 14:52:20.121952+00:00
[2022-03-19 22:55:20,693] {standard_task_runner.py:52} INFO - Started process 51000 to run task
[2022-03-19 22:55:20,699] {standard_task_runner.py:76} INFO - Running: ['***', 'tasks', 'run', 'udac_new_v1_dag', 'task_Dimension_table.load_users_dim_table', 'manual__2022-03-19T14:52:20.121952+00:00', '--job-id', '123', '--raw', '--subdir', 'DAGS_FOLDER/udac_v1.py', '--cfg-path', '/var/folders/lh/ngst1lt51m9_gyz7qrg2f3nh0000gn/T/tmp6ffrznp9', '--error-file', '/var/folders/lh/ngst1lt51m9_gyz7qrg2f3nh0000gn/T/tmp2auvad11']
[2022-03-19 22:55:20,703] {standard_task_runner.py:77} INFO - Job 123: Subtask task_Dimension_table.load_users_dim_table
[2022-03-19 22:55:20,824] {logging_mixin.py:109} INFO - Running <TaskInstance: udac_new_v1_dag.task_Dimension_table.load_users_dim_table manual__2022-03-19T14:52:20.121952+00:00 [running]> on host 1.0.0.127.in-addr.arpa
[2022-03-19 22:55:21,225] {taskinstance.py:1429} INFO - Exporting the following env vars:
AIRFLOW_CTX_DAG_OWNER=udacity
AIRFLOW_CTX_DAG_ID=udac_new_v1_dag
AIRFLOW_CTX_TASK_ID=task_Dimension_table.load_users_dim_table
AIRFLOW_CTX_EXECUTION_DATE=2022-03-19T14:52:20.121952+00:00
AIRFLOW_CTX_DAG_RUN_ID=manual__2022-03-19T14:52:20.121952+00:00
[2022-03-19 22:55:21,227] {load_dimension.py:83} INFO - Starting to truncate users
[2022-03-19 22:55:21,260] {base.py:70} INFO - Using connection to: id: redshift. Host: redshift-cluster-1.cvmsgkpkbsh2.us-west-2.redshift.amazonaws.com, Port: 5439, Schema: dev, Login: awsuser, Password: ***, extra: {}
[2022-03-19 22:55:22,394] {dbapi.py:225} INFO - Running statement: 
        TRUNCATE TABLE "public"."users"
        , parameters: None
[2022-03-19 22:55:22,959] {load_dimension.py:93} INFO - Starting to insert users
[2022-03-19 22:55:22,967] {logging_mixin.py:109} WARNING - /usr/local/anaconda3/envs/***_project/lib/python3.9/site-packages/***/utils/context.py:156 AirflowContextDeprecationWarning: Accessing 'execution_date' from the template is deprecated and will be removed in a future version. Please use 'data_interval_start' or 'logical_date' instead.
[2022-03-19 22:55:22,968] {logging_mixin.py:109} WARNING - /usr/local/anaconda3/envs/***_project/lib/python3.9/site-packages/***/utils/context.py:156 AirflowContextDeprecationWarning: Accessing 'next_ds' from the template is deprecated and will be removed in a future version. Please use '{{ data_interval_end | ds }}' instead.
[2022-03-19 22:55:22,970] {logging_mixin.py:109} WARNING - /usr/local/anaconda3/envs/***_project/lib/python3.9/site-packages/***/utils/context.py:156 AirflowContextDeprecationWarning: Accessing 'next_ds_nodash' from the template is deprecated and will be removed in a future version. Please use '{{ data_interval_end | ds_nodash }}' instead.
[2022-03-19 22:55:22,971] {logging_mixin.py:109} WARNING - /usr/local/anaconda3/envs/***_project/lib/python3.9/site-packages/***/utils/context.py:156 AirflowContextDeprecationWarning: Accessing 'next_execution_date' from the template is deprecated and will be removed in a future version. Please use 'data_interval_end' instead.
[2022-03-19 22:55:22,972] {logging_mixin.py:109} WARNING - /usr/local/anaconda3/envs/***_project/lib/python3.9/site-packages/***/utils/context.py:156 AirflowContextDeprecationWarning: Accessing 'prev_ds' from the template is deprecated and will be removed in a future version.
[2022-03-19 22:55:22,973] {logging_mixin.py:109} WARNING - /usr/local/anaconda3/envs/***_project/lib/python3.9/site-packages/***/utils/context.py:156 AirflowContextDeprecationWarning: Accessing 'prev_ds_nodash' from the template is deprecated and will be removed in a future version.
[2022-03-19 22:55:22,974] {logging_mixin.py:109} WARNING - /usr/local/anaconda3/envs/***_project/lib/python3.9/site-packages/***/utils/context.py:156 AirflowContextDeprecationWarning: Accessing 'prev_execution_date' from the template is deprecated and will be removed in a future version.
[2022-03-19 22:55:22,975] {logging_mixin.py:109} WARNING - /usr/local/anaconda3/envs/***_project/lib/python3.9/site-packages/***/utils/context.py:156 AirflowContextDeprecationWarning: Accessing 'prev_execution_date_success' from the template is deprecated and will be removed in a future version. Please use 'prev_data_interval_start_success' instead.
[2022-03-19 22:55:22,976] {logging_mixin.py:109} WARNING - /usr/local/anaconda3/envs/***_project/lib/python3.9/site-packages/***/utils/context.py:156 AirflowContextDeprecationWarning: Accessing 'tomorrow_ds' from the template is deprecated and will be removed in a future version.
[2022-03-19 22:55:22,977] {logging_mixin.py:109} WARNING - /usr/local/anaconda3/envs/***_project/lib/python3.9/site-packages/***/utils/context.py:156 AirflowContextDeprecationWarning: Accessing 'tomorrow_ds_nodash' from the template is deprecated and will be removed in a future version.
[2022-03-19 22:55:22,979] {logging_mixin.py:109} WARNING - /usr/local/anaconda3/envs/***_project/lib/python3.9/site-packages/***/utils/context.py:156 AirflowContextDeprecationWarning: Accessing 'yesterday_ds' from the template is deprecated and will be removed in a future version.
[2022-03-19 22:55:22,980] {logging_mixin.py:109} WARNING - /usr/local/anaconda3/envs/***_project/lib/python3.9/site-packages/***/utils/context.py:156 AirflowContextDeprecationWarning: Accessing 'yesterday_ds_nodash' from the template is deprecated and will be removed in a future version.
[2022-03-19 22:55:22,989] {base.py:70} INFO - Using connection to: id: redshift. Host: redshift-cluster-1.cvmsgkpkbsh2.us-west-2.redshift.amazonaws.com, Port: 5439, Schema: dev, Login: awsuser, Password: ***, extra: {}
[2022-03-19 22:55:24,054] {dbapi.py:225} INFO - Running statement: 
        INSERT INTO "public"."users" (userid, first_name, last_name, gender, level)
 
        SELECT distinct userid, firstname, lastname, gender, level
        FROM staging_events
        WHERE page='NextSong'
    
        , parameters: None
[2022-03-19 22:55:24,526] {dbapi.py:233} INFO - Rows affected: 104
[2022-03-19 22:55:25,368] {taskinstance.py:1272} INFO - Marking task as SUCCESS. dag_id=udac_new_v1_dag, task_id=task_Dimension_table.load_users_dim_table, execution_date=20220319T145220, start_date=20220319T145520, end_date=20220319T145525
[2022-03-19 22:55:25,399] {local_task_job.py:154} INFO - Task exited with return code 0
[2022-03-19 22:55:25,458] {local_task_job.py:264} INFO - 0 downstream tasks scheduled from follow-on schedule check
