[2022-03-19 23:03:03,136] {taskinstance.py:1037} INFO - Dependencies all met for <TaskInstance: udac_new_v1_dag.Run_data_quality_checks scheduled__2022-03-19T14:00:00+00:00 [queued]>
[2022-03-19 23:03:03,145] {taskinstance.py:1037} INFO - Dependencies all met for <TaskInstance: udac_new_v1_dag.Run_data_quality_checks scheduled__2022-03-19T14:00:00+00:00 [queued]>
[2022-03-19 23:03:03,145] {taskinstance.py:1243} INFO - 
--------------------------------------------------------------------------------
[2022-03-19 23:03:03,145] {taskinstance.py:1244} INFO - Starting attempt 1 of 2
[2022-03-19 23:03:03,146] {taskinstance.py:1245} INFO - 
--------------------------------------------------------------------------------
[2022-03-19 23:03:03,153] {taskinstance.py:1264} INFO - Executing <Task(DataQualityOperator): Run_data_quality_checks> on 2022-03-19 14:00:00+00:00
[2022-03-19 23:03:03,156] {standard_task_runner.py:52} INFO - Started process 52363 to run task
[2022-03-19 23:03:03,160] {standard_task_runner.py:76} INFO - Running: ['***', 'tasks', 'run', 'udac_new_v1_dag', 'Run_data_quality_checks', 'scheduled__2022-03-19T14:00:00+00:00', '--job-id', '134', '--raw', '--subdir', 'DAGS_FOLDER/udac_v1.py', '--cfg-path', '/var/folders/lh/ngst1lt51m9_gyz7qrg2f3nh0000gn/T/tmpgbu3expd', '--error-file', '/var/folders/lh/ngst1lt51m9_gyz7qrg2f3nh0000gn/T/tmprmf9dgdj']
[2022-03-19 23:03:03,162] {standard_task_runner.py:77} INFO - Job 134: Subtask Run_data_quality_checks
[2022-03-19 23:03:03,219] {logging_mixin.py:109} INFO - Running <TaskInstance: udac_new_v1_dag.Run_data_quality_checks scheduled__2022-03-19T14:00:00+00:00 [running]> on host 1.0.0.127.in-addr.arpa
[2022-03-19 23:03:03,300] {taskinstance.py:1429} INFO - Exporting the following env vars:
AIRFLOW_CTX_DAG_OWNER=udacity
AIRFLOW_CTX_DAG_ID=udac_new_v1_dag
AIRFLOW_CTX_TASK_ID=Run_data_quality_checks
AIRFLOW_CTX_EXECUTION_DATE=2022-03-19T14:00:00+00:00
AIRFLOW_CTX_DAG_RUN_ID=scheduled__2022-03-19T14:00:00+00:00
[2022-03-19 23:03:03,300] {data_quality.py:55} INFO - Starting to access Redshift
[2022-03-19 23:03:03,301] {data_quality.py:58} INFO - Starting to data quality check
[2022-03-19 23:03:03,301] {data_quality.py:80} INFO - This is data: 
{
          "stage_tables": [
            {
                "log_data": "staging_events",
                "song_data": "staging_songs"
            }
          ],
          "fact_table": [
              {
                  "table_name": "songplays",
                  "columns": ["playid, start_time, userid, level, songid, artistid, sessionid, location, user_agent"]
              }
          ],
          "dimension_table": [
              {
                  "table_name": "songs",
                  "columns": ["songid, title, artistid, year, duration"]
              },
              {
                  "table_name": "users",
                  "columns": ["userid, first_name, last_name, gender, level"]
              },
              {
                  "table_name": "time",
                  "columns": ["start_time, hour, day, week, month, year, weekday"]
              },
              {
                  "table_name": "artists",
                  "columns": ["artistid, name, location, lattitude, longitude"]
              }
          ]
}

[2022-03-19 23:03:03,301] {data_quality.py:81} INFO - This is data type: <class 'str'>
[2022-03-19 23:03:03,301] {data_quality.py:82} INFO - This is 'converted' data: {'stage_tables': [{'log_data': 'staging_events', 'song_data': 'staging_songs'}], 'fact_table': [{'table_name': 'songplays', 'columns': ['playid, start_time, userid, level, songid, artistid, sessionid, location, user_agent']}], 'dimension_table': [{'table_name': 'songs', 'columns': ['songid, title, artistid, year, duration']}, {'table_name': 'users', 'columns': ['userid, first_name, last_name, gender, level']}, {'table_name': 'time', 'columns': ['start_time, hour, day, week, month, year, weekday']}, {'table_name': 'artists', 'columns': ['artistid, name, location, lattitude, longitude']}]}
[2022-03-19 23:03:03,301] {data_quality.py:83} INFO - This is 'converted' data type: <class 'dict'>
[2022-03-19 23:03:03,310] {base.py:70} INFO - Using connection to: id: redshift. Host: redshift-cluster-1.cvmsgkpkbsh2.us-west-2.redshift.amazonaws.com, Port: 5439, Schema: dev, Login: awsuser, Password: ***, extra: {}
[2022-03-19 23:03:04,696] {base.py:70} INFO - Using connection to: id: redshift. Host: redshift-cluster-1.cvmsgkpkbsh2.us-west-2.redshift.amazonaws.com, Port: 5439, Schema: dev, Login: awsuser, Password: ***, extra: {}
[2022-03-19 23:03:06,077] {base.py:70} INFO - Using connection to: id: redshift. Host: redshift-cluster-1.cvmsgkpkbsh2.us-west-2.redshift.amazonaws.com, Port: 5439, Schema: dev, Login: awsuser, Password: ***, extra: {}
[2022-03-19 23:03:07,451] {base.py:70} INFO - Using connection to: id: redshift. Host: redshift-cluster-1.cvmsgkpkbsh2.us-west-2.redshift.amazonaws.com, Port: 5439, Schema: dev, Login: awsuser, Password: ***, extra: {}
[2022-03-19 23:03:08,827] {base.py:70} INFO - Using connection to: id: redshift. Host: redshift-cluster-1.cvmsgkpkbsh2.us-west-2.redshift.amazonaws.com, Port: 5439, Schema: dev, Login: awsuser, Password: ***, extra: {}
[2022-03-19 23:03:10,205] {taskinstance.py:1272} INFO - Marking task as SUCCESS. dag_id=udac_new_v1_dag, task_id=Run_data_quality_checks, execution_date=20220319T140000, start_date=20220319T150303, end_date=20220319T150310
[2022-03-19 23:03:10,246] {local_task_job.py:154} INFO - Task exited with return code 0
[2022-03-19 23:03:10,277] {local_task_job.py:264} INFO - 1 downstream tasks scheduled from follow-on schedule check
