[2022-03-17 15:41:20,203] {taskinstance.py:1037} INFO - Dependencies all met for <TaskInstance: udac_example_dag.task_loadDataFromS3ToTrips.Stage_staging_songs manual__2022-03-17T07:41:17.295099+00:00 [queued]>
[2022-03-17 15:41:20,217] {taskinstance.py:1037} INFO - Dependencies all met for <TaskInstance: udac_example_dag.task_loadDataFromS3ToTrips.Stage_staging_songs manual__2022-03-17T07:41:17.295099+00:00 [queued]>
[2022-03-17 15:41:20,218] {taskinstance.py:1243} INFO - 
--------------------------------------------------------------------------------
[2022-03-17 15:41:20,221] {taskinstance.py:1244} INFO - Starting attempt 1 of 3
[2022-03-17 15:41:20,222] {taskinstance.py:1245} INFO - 
--------------------------------------------------------------------------------
[2022-03-17 15:41:20,249] {taskinstance.py:1264} INFO - Executing <Task(StageToRedshiftOperator): task_loadDataFromS3ToTrips.Stage_staging_songs> on 2022-03-17 07:41:17.295099+00:00
[2022-03-17 15:41:20,256] {standard_task_runner.py:52} INFO - Started process 58621 to run task
[2022-03-17 15:41:20,263] {standard_task_runner.py:76} INFO - Running: ['***', 'tasks', 'run', 'udac_example_dag', 'task_loadDataFromS3ToTrips.Stage_staging_songs', 'manual__2022-03-17T07:41:17.295099+00:00', '--job-id', '79', '--raw', '--subdir', 'DAGS_FOLDER/udac_example_dag.py', '--cfg-path', '/var/folders/lh/ngst1lt51m9_gyz7qrg2f3nh0000gn/T/tmp_wvpn1gk', '--error-file', '/var/folders/lh/ngst1lt51m9_gyz7qrg2f3nh0000gn/T/tmp6c5e4cye']
[2022-03-17 15:41:20,266] {standard_task_runner.py:77} INFO - Job 79: Subtask task_loadDataFromS3ToTrips.Stage_staging_songs
[2022-03-17 15:41:20,356] {logging_mixin.py:109} INFO - Running <TaskInstance: udac_example_dag.task_loadDataFromS3ToTrips.Stage_staging_songs manual__2022-03-17T07:41:17.295099+00:00 [running]> on host 1.0.0.127.in-addr.arpa
[2022-03-17 15:41:20,491] {taskinstance.py:1429} INFO - Exporting the following env vars:
AIRFLOW_CTX_DAG_OWNER=udacity
AIRFLOW_CTX_DAG_ID=udac_example_dag
AIRFLOW_CTX_TASK_ID=task_loadDataFromS3ToTrips.Stage_staging_songs
AIRFLOW_CTX_EXECUTION_DATE=2022-03-17T07:41:17.295099+00:00
AIRFLOW_CTX_DAG_RUN_ID=manual__2022-03-17T07:41:17.295099+00:00
[2022-03-17 15:41:20,493] {stage_redshift.py:75} INFO - Starting to set aws redshift connection
[2022-03-17 15:41:20,509] {base_aws.py:190} INFO - Credentials retrieved from login
[2022-03-17 15:41:20,522] {stage_redshift.py:79} INFO - Starting to truncate table, table name: staging_songs!
[2022-03-17 15:41:20,523] {stage_redshift.py:144} INFO - Starting to execute the truncate_table_sql process
[2022-03-17 15:41:20,534] {base.py:70} INFO - Using connection to: id: redshift. Host: redshift-cluster-1.cvmsgkpkbsh2.us-west-2.redshift.amazonaws.com, Port: 5439, Schema: dev, Login: awsuser, Password: ***, extra: {}
[2022-03-17 15:41:22,258] {dbapi.py:225} INFO - Running statement: 
        TRUNCATE TABLE public.staging_songs
        , parameters: None
[2022-03-17 15:41:22,857] {stage_redshift.py:83} INFO - Starting to copy data from S3 to Redshift table, table name: staging_songs!
[2022-03-17 15:41:22,860] {logging_mixin.py:109} WARNING - /usr/local/anaconda3/envs/data_pipeline/lib/python3.8/site-packages/***/utils/context.py:156 AirflowContextDeprecationWarning: Accessing 'execution_date' from the template is deprecated and will be removed in a future version. Please use 'data_interval_start' or 'logical_date' instead.
[2022-03-17 15:41:22,861] {logging_mixin.py:109} WARNING - /usr/local/anaconda3/envs/data_pipeline/lib/python3.8/site-packages/***/utils/context.py:156 AirflowContextDeprecationWarning: Accessing 'next_ds' from the template is deprecated and will be removed in a future version. Please use '{{ data_interval_end | ds }}' instead.
[2022-03-17 15:41:22,862] {logging_mixin.py:109} WARNING - /usr/local/anaconda3/envs/data_pipeline/lib/python3.8/site-packages/***/utils/context.py:156 AirflowContextDeprecationWarning: Accessing 'next_ds_nodash' from the template is deprecated and will be removed in a future version. Please use '{{ data_interval_end | ds_nodash }}' instead.
[2022-03-17 15:41:22,864] {logging_mixin.py:109} WARNING - /usr/local/anaconda3/envs/data_pipeline/lib/python3.8/site-packages/***/utils/context.py:156 AirflowContextDeprecationWarning: Accessing 'next_execution_date' from the template is deprecated and will be removed in a future version. Please use 'data_interval_end' instead.
[2022-03-17 15:41:22,865] {logging_mixin.py:109} WARNING - /usr/local/anaconda3/envs/data_pipeline/lib/python3.8/site-packages/***/utils/context.py:156 AirflowContextDeprecationWarning: Accessing 'prev_ds' from the template is deprecated and will be removed in a future version.
[2022-03-17 15:41:22,866] {logging_mixin.py:109} WARNING - /usr/local/anaconda3/envs/data_pipeline/lib/python3.8/site-packages/***/utils/context.py:156 AirflowContextDeprecationWarning: Accessing 'prev_ds_nodash' from the template is deprecated and will be removed in a future version.
[2022-03-17 15:41:22,866] {logging_mixin.py:109} WARNING - /usr/local/anaconda3/envs/data_pipeline/lib/python3.8/site-packages/***/utils/context.py:156 AirflowContextDeprecationWarning: Accessing 'prev_execution_date' from the template is deprecated and will be removed in a future version.
[2022-03-17 15:41:22,869] {logging_mixin.py:109} WARNING - /usr/local/anaconda3/envs/data_pipeline/lib/python3.8/site-packages/***/utils/context.py:156 AirflowContextDeprecationWarning: Accessing 'prev_execution_date_success' from the template is deprecated and will be removed in a future version. Please use 'prev_data_interval_start_success' instead.
[2022-03-17 15:41:22,870] {logging_mixin.py:109} WARNING - /usr/local/anaconda3/envs/data_pipeline/lib/python3.8/site-packages/***/utils/context.py:156 AirflowContextDeprecationWarning: Accessing 'tomorrow_ds' from the template is deprecated and will be removed in a future version.
[2022-03-17 15:41:22,871] {logging_mixin.py:109} WARNING - /usr/local/anaconda3/envs/data_pipeline/lib/python3.8/site-packages/***/utils/context.py:156 AirflowContextDeprecationWarning: Accessing 'tomorrow_ds_nodash' from the template is deprecated and will be removed in a future version.
[2022-03-17 15:41:22,872] {logging_mixin.py:109} WARNING - /usr/local/anaconda3/envs/data_pipeline/lib/python3.8/site-packages/***/utils/context.py:156 AirflowContextDeprecationWarning: Accessing 'yesterday_ds' from the template is deprecated and will be removed in a future version.
[2022-03-17 15:41:22,873] {logging_mixin.py:109} WARNING - /usr/local/anaconda3/envs/data_pipeline/lib/python3.8/site-packages/***/utils/context.py:156 AirflowContextDeprecationWarning: Accessing 'yesterday_ds_nodash' from the template is deprecated and will be removed in a future version.
[2022-03-17 15:41:22,873] {stage_redshift.py:121} INFO - S3_key.format(**context): song_data/A/A/A/
[2022-03-17 15:41:22,873] {stage_redshift.py:125} INFO - Starting to execute the copy_sql_statement process
[2022-03-17 15:41:22,882] {base.py:70} INFO - Using connection to: id: redshift. Host: redshift-cluster-1.cvmsgkpkbsh2.us-west-2.redshift.amazonaws.com, Port: 5439, Schema: dev, Login: awsuser, Password: ***, extra: {}
[2022-03-17 15:41:24,638] {dbapi.py:225} INFO - Running statement: 
        COPY staging_songs
        FROM 's3://udacity-dend/song_data/A/A/A/'
        ACCESS_KEY_ID 'AKIAUW7BQYXKOEMAW7ES'
        SECRET_ACCESS_KEY '***'
        FORMAT AS JSON 'auto'
        REGION AS 'us-west-2'
        , parameters: None
[2022-03-17 15:41:26,546] {taskinstance.py:1272} INFO - Marking task as SUCCESS. dag_id=udac_example_dag, task_id=task_loadDataFromS3ToTrips.Stage_staging_songs, execution_date=20220317T074117, start_date=20220317T074120, end_date=20220317T074126
[2022-03-17 15:41:26,565] {local_task_job.py:154} INFO - Task exited with return code 0
[2022-03-17 15:41:26,606] {local_task_job.py:264} INFO - 0 downstream tasks scheduled from follow-on schedule check
