[2022-03-19 23:06:20,942] {taskinstance.py:1037} INFO - Dependencies all met for <TaskInstance: udac_new_v1_dag.task_Dimension_table.load_songs_dim_table manual__2022-03-19T15:03:21.401193+00:00 [queued]>
[2022-03-19 23:06:20,959] {taskinstance.py:1037} INFO - Dependencies all met for <TaskInstance: udac_new_v1_dag.task_Dimension_table.load_songs_dim_table manual__2022-03-19T15:03:21.401193+00:00 [queued]>
[2022-03-19 23:06:20,959] {taskinstance.py:1243} INFO - 
--------------------------------------------------------------------------------
[2022-03-19 23:06:20,959] {taskinstance.py:1244} INFO - Starting attempt 1 of 2
[2022-03-19 23:06:20,960] {taskinstance.py:1245} INFO - 
--------------------------------------------------------------------------------
[2022-03-19 23:06:20,984] {taskinstance.py:1264} INFO - Executing <Task(LoadDimensionOperator): task_Dimension_table.load_songs_dim_table> on 2022-03-19 15:03:21.401193+00:00
[2022-03-19 23:06:20,990] {standard_task_runner.py:52} INFO - Started process 52983 to run task
[2022-03-19 23:06:20,997] {standard_task_runner.py:76} INFO - Running: ['***', 'tasks', 'run', 'udac_new_v1_dag', 'task_Dimension_table.load_songs_dim_table', 'manual__2022-03-19T15:03:21.401193+00:00', '--job-id', '138', '--raw', '--subdir', 'DAGS_FOLDER/udac_v1.py', '--cfg-path', '/var/folders/lh/ngst1lt51m9_gyz7qrg2f3nh0000gn/T/tmpu9k4r6g4', '--error-file', '/var/folders/lh/ngst1lt51m9_gyz7qrg2f3nh0000gn/T/tmpgxqy6q2d']
[2022-03-19 23:06:21,000] {standard_task_runner.py:77} INFO - Job 138: Subtask task_Dimension_table.load_songs_dim_table
[2022-03-19 23:06:21,103] {logging_mixin.py:109} INFO - Running <TaskInstance: udac_new_v1_dag.task_Dimension_table.load_songs_dim_table manual__2022-03-19T15:03:21.401193+00:00 [running]> on host 1.0.0.127.in-addr.arpa
[2022-03-19 23:06:21,261] {taskinstance.py:1429} INFO - Exporting the following env vars:
AIRFLOW_CTX_DAG_OWNER=udacity
AIRFLOW_CTX_DAG_ID=udac_new_v1_dag
AIRFLOW_CTX_TASK_ID=task_Dimension_table.load_songs_dim_table
AIRFLOW_CTX_EXECUTION_DATE=2022-03-19T15:03:21.401193+00:00
AIRFLOW_CTX_DAG_RUN_ID=manual__2022-03-19T15:03:21.401193+00:00
[2022-03-19 23:06:21,262] {load_dimension.py:83} INFO - Starting to truncate songs
[2022-03-19 23:06:21,279] {base.py:70} INFO - Using connection to: id: redshift. Host: redshift-cluster-1.cvmsgkpkbsh2.us-west-2.redshift.amazonaws.com, Port: 5439, Schema: dev, Login: awsuser, Password: ***, extra: {}
[2022-03-19 23:06:22,423] {dbapi.py:225} INFO - Running statement: 
        TRUNCATE TABLE "public"."songs"
        , parameters: None
[2022-03-19 23:06:23,073] {load_dimension.py:93} INFO - Starting to insert songs
[2022-03-19 23:06:23,083] {logging_mixin.py:109} WARNING - /usr/local/anaconda3/envs/***_project/lib/python3.9/site-packages/***/utils/context.py:156 AirflowContextDeprecationWarning: Accessing 'execution_date' from the template is deprecated and will be removed in a future version. Please use 'data_interval_start' or 'logical_date' instead.
[2022-03-19 23:06:23,084] {logging_mixin.py:109} WARNING - /usr/local/anaconda3/envs/***_project/lib/python3.9/site-packages/***/utils/context.py:156 AirflowContextDeprecationWarning: Accessing 'next_ds' from the template is deprecated and will be removed in a future version. Please use '{{ data_interval_end | ds }}' instead.
[2022-03-19 23:06:23,086] {logging_mixin.py:109} WARNING - /usr/local/anaconda3/envs/***_project/lib/python3.9/site-packages/***/utils/context.py:156 AirflowContextDeprecationWarning: Accessing 'next_ds_nodash' from the template is deprecated and will be removed in a future version. Please use '{{ data_interval_end | ds_nodash }}' instead.
[2022-03-19 23:06:23,087] {logging_mixin.py:109} WARNING - /usr/local/anaconda3/envs/***_project/lib/python3.9/site-packages/***/utils/context.py:156 AirflowContextDeprecationWarning: Accessing 'next_execution_date' from the template is deprecated and will be removed in a future version. Please use 'data_interval_end' instead.
[2022-03-19 23:06:23,088] {logging_mixin.py:109} WARNING - /usr/local/anaconda3/envs/***_project/lib/python3.9/site-packages/***/utils/context.py:156 AirflowContextDeprecationWarning: Accessing 'prev_ds' from the template is deprecated and will be removed in a future version.
[2022-03-19 23:06:23,090] {logging_mixin.py:109} WARNING - /usr/local/anaconda3/envs/***_project/lib/python3.9/site-packages/***/utils/context.py:156 AirflowContextDeprecationWarning: Accessing 'prev_ds_nodash' from the template is deprecated and will be removed in a future version.
[2022-03-19 23:06:23,091] {logging_mixin.py:109} WARNING - /usr/local/anaconda3/envs/***_project/lib/python3.9/site-packages/***/utils/context.py:156 AirflowContextDeprecationWarning: Accessing 'prev_execution_date' from the template is deprecated and will be removed in a future version.
[2022-03-19 23:06:23,093] {logging_mixin.py:109} WARNING - /usr/local/anaconda3/envs/***_project/lib/python3.9/site-packages/***/utils/context.py:156 AirflowContextDeprecationWarning: Accessing 'prev_execution_date_success' from the template is deprecated and will be removed in a future version. Please use 'prev_data_interval_start_success' instead.
[2022-03-19 23:06:23,094] {logging_mixin.py:109} WARNING - /usr/local/anaconda3/envs/***_project/lib/python3.9/site-packages/***/utils/context.py:156 AirflowContextDeprecationWarning: Accessing 'tomorrow_ds' from the template is deprecated and will be removed in a future version.
[2022-03-19 23:06:23,097] {logging_mixin.py:109} WARNING - /usr/local/anaconda3/envs/***_project/lib/python3.9/site-packages/***/utils/context.py:156 AirflowContextDeprecationWarning: Accessing 'tomorrow_ds_nodash' from the template is deprecated and will be removed in a future version.
[2022-03-19 23:06:23,099] {logging_mixin.py:109} WARNING - /usr/local/anaconda3/envs/***_project/lib/python3.9/site-packages/***/utils/context.py:156 AirflowContextDeprecationWarning: Accessing 'yesterday_ds' from the template is deprecated and will be removed in a future version.
[2022-03-19 23:06:23,100] {logging_mixin.py:109} WARNING - /usr/local/anaconda3/envs/***_project/lib/python3.9/site-packages/***/utils/context.py:156 AirflowContextDeprecationWarning: Accessing 'yesterday_ds_nodash' from the template is deprecated and will be removed in a future version.
[2022-03-19 23:06:23,295] {base.py:70} INFO - Using connection to: id: redshift. Host: redshift-cluster-1.cvmsgkpkbsh2.us-west-2.redshift.amazonaws.com, Port: 5439, Schema: dev, Login: awsuser, Password: ***, extra: {}
[2022-03-19 23:06:24,420] {dbapi.py:225} INFO - Running statement: 
        INSERT INTO "public"."songs" (songid, title, artistid, year, duration)
 
        SELECT distinct song_id, title, artist_id, year, duration
        FROM staging_songs
    
        , parameters: None
[2022-03-19 23:06:24,853] {dbapi.py:233} INFO - Rows affected: 14896
[2022-03-19 23:06:25,455] {taskinstance.py:1272} INFO - Marking task as SUCCESS. dag_id=udac_new_v1_dag, task_id=task_Dimension_table.load_songs_dim_table, execution_date=20220319T150321, start_date=20220319T150620, end_date=20220319T150625
[2022-03-19 23:06:25,481] {local_task_job.py:154} INFO - Task exited with return code 0
[2022-03-19 23:06:25,531] {local_task_job.py:264} INFO - 0 downstream tasks scheduled from follow-on schedule check
