[2022-03-17 14:02:50,205] {taskinstance.py:1037} INFO - Dependencies all met for <TaskInstance: udac_example_dag.task_loadDataFromS3ToTrips.Stage_staging_events scheduled__2022-03-17T05:00:00+00:00 [queued]>
[2022-03-17 14:02:50,214] {taskinstance.py:1037} INFO - Dependencies all met for <TaskInstance: udac_example_dag.task_loadDataFromS3ToTrips.Stage_staging_events scheduled__2022-03-17T05:00:00+00:00 [queued]>
[2022-03-17 14:02:50,214] {taskinstance.py:1243} INFO - 
--------------------------------------------------------------------------------
[2022-03-17 14:02:50,214] {taskinstance.py:1244} INFO - Starting attempt 1 of 3
[2022-03-17 14:02:50,215] {taskinstance.py:1245} INFO - 
--------------------------------------------------------------------------------
[2022-03-17 14:02:50,225] {taskinstance.py:1264} INFO - Executing <Task(StageToRedshiftOperator): task_loadDataFromS3ToTrips.Stage_staging_events> on 2022-03-17 05:00:00+00:00
[2022-03-17 14:02:50,227] {standard_task_runner.py:52} INFO - Started process 11262 to run task
[2022-03-17 14:02:50,233] {standard_task_runner.py:76} INFO - Running: ['***', 'tasks', 'run', 'udac_example_dag', 'task_loadDataFromS3ToTrips.Stage_staging_events', 'scheduled__2022-03-17T05:00:00+00:00', '--job-id', '27', '--raw', '--subdir', 'DAGS_FOLDER/udac_example_dag.py', '--cfg-path', '/var/folders/lh/ngst1lt51m9_gyz7qrg2f3nh0000gn/T/tmp7rp_5qra', '--error-file', '/var/folders/lh/ngst1lt51m9_gyz7qrg2f3nh0000gn/T/tmpjv1yemqu']
[2022-03-17 14:02:50,235] {standard_task_runner.py:77} INFO - Job 27: Subtask task_loadDataFromS3ToTrips.Stage_staging_events
[2022-03-17 14:02:50,302] {logging_mixin.py:109} INFO - Running <TaskInstance: udac_example_dag.task_loadDataFromS3ToTrips.Stage_staging_events scheduled__2022-03-17T05:00:00+00:00 [running]> on host 1.0.0.127.in-addr.arpa
[2022-03-17 14:02:50,371] {taskinstance.py:1429} INFO - Exporting the following env vars:
AIRFLOW_CTX_DAG_OWNER=udacity
AIRFLOW_CTX_DAG_ID=udac_example_dag
AIRFLOW_CTX_TASK_ID=task_loadDataFromS3ToTrips.Stage_staging_events
AIRFLOW_CTX_EXECUTION_DATE=2022-03-17T05:00:00+00:00
AIRFLOW_CTX_DAG_RUN_ID=scheduled__2022-03-17T05:00:00+00:00
[2022-03-17 14:02:50,371] {stage_redshift.py:75} INFO - Starting to set aws redshift connection
[2022-03-17 14:02:50,380] {base_aws.py:190} INFO - Credentials retrieved from login
[2022-03-17 14:02:50,391] {stage_redshift.py:79} INFO - Starting to truncate table, table name: staging_events!
[2022-03-17 14:02:50,391] {stage_redshift.py:144} INFO - Starting to execute the truncate_table_sql process
[2022-03-17 14:02:50,397] {base.py:70} INFO - Using connection to: id: redshift. Host: redshift-cluster-1.cvmsgkpkbsh2.us-west-2.redshift.amazonaws.com, Port: 5439, Schema: dev, Login: awsuser, Password: ***, extra: {}
[2022-03-17 14:02:52,765] {dbapi.py:225} INFO - Running statement: 
        TRUNCATE TABLE public.staging_events
        , parameters: None
[2022-03-17 14:02:54,045] {stage_redshift.py:83} INFO - Starting to copy data from S3 to Redshift table, table name: staging_events!
[2022-03-17 14:02:54,049] {logging_mixin.py:109} WARNING - /usr/local/anaconda3/envs/data_pipeline/lib/python3.8/site-packages/***/utils/context.py:156 AirflowContextDeprecationWarning: Accessing 'execution_date' from the template is deprecated and will be removed in a future version. Please use 'data_interval_start' or 'logical_date' instead.
[2022-03-17 14:02:54,051] {logging_mixin.py:109} WARNING - /usr/local/anaconda3/envs/data_pipeline/lib/python3.8/site-packages/***/utils/context.py:156 AirflowContextDeprecationWarning: Accessing 'next_ds' from the template is deprecated and will be removed in a future version. Please use '{{ data_interval_end | ds }}' instead.
[2022-03-17 14:02:54,052] {logging_mixin.py:109} WARNING - /usr/local/anaconda3/envs/data_pipeline/lib/python3.8/site-packages/***/utils/context.py:156 AirflowContextDeprecationWarning: Accessing 'next_ds_nodash' from the template is deprecated and will be removed in a future version. Please use '{{ data_interval_end | ds_nodash }}' instead.
[2022-03-17 14:02:54,054] {logging_mixin.py:109} WARNING - /usr/local/anaconda3/envs/data_pipeline/lib/python3.8/site-packages/***/utils/context.py:156 AirflowContextDeprecationWarning: Accessing 'next_execution_date' from the template is deprecated and will be removed in a future version. Please use 'data_interval_end' instead.
[2022-03-17 14:02:54,055] {logging_mixin.py:109} WARNING - /usr/local/anaconda3/envs/data_pipeline/lib/python3.8/site-packages/***/utils/context.py:156 AirflowContextDeprecationWarning: Accessing 'prev_ds' from the template is deprecated and will be removed in a future version.
[2022-03-17 14:02:54,056] {logging_mixin.py:109} WARNING - /usr/local/anaconda3/envs/data_pipeline/lib/python3.8/site-packages/***/utils/context.py:156 AirflowContextDeprecationWarning: Accessing 'prev_ds_nodash' from the template is deprecated and will be removed in a future version.
[2022-03-17 14:02:54,057] {logging_mixin.py:109} WARNING - /usr/local/anaconda3/envs/data_pipeline/lib/python3.8/site-packages/***/utils/context.py:156 AirflowContextDeprecationWarning: Accessing 'prev_execution_date' from the template is deprecated and will be removed in a future version.
[2022-03-17 14:02:54,058] {logging_mixin.py:109} WARNING - /usr/local/anaconda3/envs/data_pipeline/lib/python3.8/site-packages/***/utils/context.py:156 AirflowContextDeprecationWarning: Accessing 'prev_execution_date_success' from the template is deprecated and will be removed in a future version. Please use 'prev_data_interval_start_success' instead.
[2022-03-17 14:02:54,059] {logging_mixin.py:109} WARNING - /usr/local/anaconda3/envs/data_pipeline/lib/python3.8/site-packages/***/utils/context.py:156 AirflowContextDeprecationWarning: Accessing 'tomorrow_ds' from the template is deprecated and will be removed in a future version.
[2022-03-17 14:02:54,060] {logging_mixin.py:109} WARNING - /usr/local/anaconda3/envs/data_pipeline/lib/python3.8/site-packages/***/utils/context.py:156 AirflowContextDeprecationWarning: Accessing 'tomorrow_ds_nodash' from the template is deprecated and will be removed in a future version.
[2022-03-17 14:02:54,061] {logging_mixin.py:109} WARNING - /usr/local/anaconda3/envs/data_pipeline/lib/python3.8/site-packages/***/utils/context.py:156 AirflowContextDeprecationWarning: Accessing 'yesterday_ds' from the template is deprecated and will be removed in a future version.
[2022-03-17 14:02:54,062] {logging_mixin.py:109} WARNING - /usr/local/anaconda3/envs/data_pipeline/lib/python3.8/site-packages/***/utils/context.py:156 AirflowContextDeprecationWarning: Accessing 'yesterday_ds_nodash' from the template is deprecated and will be removed in a future version.
[2022-03-17 14:02:54,063] {stage_redshift.py:121} INFO - S3_key.format(**context): log_data
[2022-03-17 14:02:54,063] {stage_redshift.py:125} INFO - Starting to execute the copy_sql_statement process
[2022-03-17 14:02:54,072] {base.py:70} INFO - Using connection to: id: redshift. Host: redshift-cluster-1.cvmsgkpkbsh2.us-west-2.redshift.amazonaws.com, Port: 5439, Schema: dev, Login: awsuser, Password: ***, extra: {}
[2022-03-17 14:02:56,166] {dbapi.py:225} INFO - Running statement: 
        COPY staging_events
        FROM 's3://udacity-dend/log_data'
        ACCESS_KEY_ID 'AKIAUW7BQYXKOEMAW7ES'
        SECRET_ACCESS_KEY '***'
        FORMAT AS JSON 's3://udacity-dend/log_json_path.json'
        REGION AS 'us-west-2'
        , parameters: None
[2022-03-17 14:02:58,857] {taskinstance.py:1272} INFO - Marking task as SUCCESS. dag_id=udac_example_dag, task_id=task_loadDataFromS3ToTrips.Stage_staging_events, execution_date=20220317T050000, start_date=20220317T060250, end_date=20220317T060258
[2022-03-17 14:02:58,899] {local_task_job.py:154} INFO - Task exited with return code 0
[2022-03-17 14:02:58,930] {local_task_job.py:264} INFO - 1 downstream tasks scheduled from follow-on schedule check
