[2022-03-17 15:07:48,779] {taskinstance.py:1037} INFO - Dependencies all met for <TaskInstance: udac_example_dag.task_group_Dimension_table.load_time_dim_table manual__2022-03-17T06:57:19.461149+00:00 [queued]>
[2022-03-17 15:07:48,794] {taskinstance.py:1037} INFO - Dependencies all met for <TaskInstance: udac_example_dag.task_group_Dimension_table.load_time_dim_table manual__2022-03-17T06:57:19.461149+00:00 [queued]>
[2022-03-17 15:07:48,795] {taskinstance.py:1243} INFO - 
--------------------------------------------------------------------------------
[2022-03-17 15:07:48,795] {taskinstance.py:1244} INFO - Starting attempt 3 of 3
[2022-03-17 15:07:48,795] {taskinstance.py:1245} INFO - 
--------------------------------------------------------------------------------
[2022-03-17 15:07:48,808] {taskinstance.py:1264} INFO - Executing <Task(LoadDimensionOperator): task_group_Dimension_table.load_time_dim_table> on 2022-03-17 06:57:19.461149+00:00
[2022-03-17 15:07:48,812] {standard_task_runner.py:52} INFO - Started process 41529 to run task
[2022-03-17 15:07:48,821] {standard_task_runner.py:76} INFO - Running: ['***', 'tasks', 'run', 'udac_example_dag', 'task_group_Dimension_table.load_time_dim_table', 'manual__2022-03-17T06:57:19.461149+00:00', '--job-id', '51', '--raw', '--subdir', 'DAGS_FOLDER/udac_example_dag.py', '--cfg-path', '/var/folders/lh/ngst1lt51m9_gyz7qrg2f3nh0000gn/T/tmpxodhwdwe', '--error-file', '/var/folders/lh/ngst1lt51m9_gyz7qrg2f3nh0000gn/T/tmpare5ely8']
[2022-03-17 15:07:48,823] {standard_task_runner.py:77} INFO - Job 51: Subtask task_group_Dimension_table.load_time_dim_table
[2022-03-17 15:07:48,901] {logging_mixin.py:109} INFO - Running <TaskInstance: udac_example_dag.task_group_Dimension_table.load_time_dim_table manual__2022-03-17T06:57:19.461149+00:00 [running]> on host 1.0.0.127.in-addr.arpa
[2022-03-17 15:07:48,974] {taskinstance.py:1429} INFO - Exporting the following env vars:
AIRFLOW_CTX_DAG_OWNER=udacity
AIRFLOW_CTX_DAG_ID=udac_example_dag
AIRFLOW_CTX_TASK_ID=task_group_Dimension_table.load_time_dim_table
AIRFLOW_CTX_EXECUTION_DATE=2022-03-17T06:57:19.461149+00:00
AIRFLOW_CTX_DAG_RUN_ID=manual__2022-03-17T06:57:19.461149+00:00
[2022-03-17 15:07:48,975] {load_dimension.py:83} INFO - Starting to truncate time
[2022-03-17 15:07:48,982] {base.py:70} INFO - Using connection to: id: redshift. Host: redshift-cluster-1.cvmsgkpkbsh2.us-west-2.redshift.amazonaws.com, Port: 5439, Schema: dev, Login: awsuser, Password: ***, extra: {}
[2022-03-17 15:07:50,307] {dbapi.py:225} INFO - Running statement: 
        TRUNCATE TABLE "public"."time"
        , parameters: None
[2022-03-17 15:07:51,007] {load_dimension.py:93} INFO - Starting to insert time
[2022-03-17 15:07:51,016] {logging_mixin.py:109} WARNING - /usr/local/anaconda3/envs/data_pipeline/lib/python3.8/site-packages/***/utils/context.py:156 AirflowContextDeprecationWarning: Accessing 'execution_date' from the template is deprecated and will be removed in a future version. Please use 'data_interval_start' or 'logical_date' instead.
[2022-03-17 15:07:51,018] {logging_mixin.py:109} WARNING - /usr/local/anaconda3/envs/data_pipeline/lib/python3.8/site-packages/***/utils/context.py:156 AirflowContextDeprecationWarning: Accessing 'next_ds' from the template is deprecated and will be removed in a future version. Please use '{{ data_interval_end | ds }}' instead.
[2022-03-17 15:07:51,021] {logging_mixin.py:109} WARNING - /usr/local/anaconda3/envs/data_pipeline/lib/python3.8/site-packages/***/utils/context.py:156 AirflowContextDeprecationWarning: Accessing 'next_ds_nodash' from the template is deprecated and will be removed in a future version. Please use '{{ data_interval_end | ds_nodash }}' instead.
[2022-03-17 15:07:51,022] {logging_mixin.py:109} WARNING - /usr/local/anaconda3/envs/data_pipeline/lib/python3.8/site-packages/***/utils/context.py:156 AirflowContextDeprecationWarning: Accessing 'next_execution_date' from the template is deprecated and will be removed in a future version. Please use 'data_interval_end' instead.
[2022-03-17 15:07:51,023] {logging_mixin.py:109} WARNING - /usr/local/anaconda3/envs/data_pipeline/lib/python3.8/site-packages/***/utils/context.py:156 AirflowContextDeprecationWarning: Accessing 'prev_ds' from the template is deprecated and will be removed in a future version.
[2022-03-17 15:07:51,025] {logging_mixin.py:109} WARNING - /usr/local/anaconda3/envs/data_pipeline/lib/python3.8/site-packages/***/utils/context.py:156 AirflowContextDeprecationWarning: Accessing 'prev_ds_nodash' from the template is deprecated and will be removed in a future version.
[2022-03-17 15:07:51,027] {logging_mixin.py:109} WARNING - /usr/local/anaconda3/envs/data_pipeline/lib/python3.8/site-packages/***/utils/context.py:156 AirflowContextDeprecationWarning: Accessing 'prev_execution_date' from the template is deprecated and will be removed in a future version.
[2022-03-17 15:07:51,028] {logging_mixin.py:109} WARNING - /usr/local/anaconda3/envs/data_pipeline/lib/python3.8/site-packages/***/utils/context.py:156 AirflowContextDeprecationWarning: Accessing 'prev_execution_date_success' from the template is deprecated and will be removed in a future version. Please use 'prev_data_interval_start_success' instead.
[2022-03-17 15:07:51,029] {logging_mixin.py:109} WARNING - /usr/local/anaconda3/envs/data_pipeline/lib/python3.8/site-packages/***/utils/context.py:156 AirflowContextDeprecationWarning: Accessing 'tomorrow_ds' from the template is deprecated and will be removed in a future version.
[2022-03-17 15:07:51,032] {logging_mixin.py:109} WARNING - /usr/local/anaconda3/envs/data_pipeline/lib/python3.8/site-packages/***/utils/context.py:156 AirflowContextDeprecationWarning: Accessing 'tomorrow_ds_nodash' from the template is deprecated and will be removed in a future version.
[2022-03-17 15:07:51,034] {logging_mixin.py:109} WARNING - /usr/local/anaconda3/envs/data_pipeline/lib/python3.8/site-packages/***/utils/context.py:156 AirflowContextDeprecationWarning: Accessing 'yesterday_ds' from the template is deprecated and will be removed in a future version.
[2022-03-17 15:07:51,035] {logging_mixin.py:109} WARNING - /usr/local/anaconda3/envs/data_pipeline/lib/python3.8/site-packages/***/utils/context.py:156 AirflowContextDeprecationWarning: Accessing 'yesterday_ds_nodash' from the template is deprecated and will be removed in a future version.
[2022-03-17 15:07:51,081] {base.py:70} INFO - Using connection to: id: redshift. Host: redshift-cluster-1.cvmsgkpkbsh2.us-west-2.redshift.amazonaws.com, Port: 5439, Schema: dev, Login: awsuser, Password: ***, extra: {}
[2022-03-17 15:07:52,716] {dbapi.py:225} INFO - Running statement: 
        INSERT INTO "public"."time" (start_time, hour, day, week, month , year, weekday)
 "
        SELECT start_time, extract(hour from start_time), extract(day from start_time), extract(week from start_time),
               extract(month from start_time), extract(year from start_time), extract(dayofweek from start_time)
        FROM songplays
    "
        , parameters: None
[2022-03-17 15:07:53,117] {taskinstance.py:1718} ERROR - Task failed with exception
Traceback (most recent call last):
  File "/usr/local/anaconda3/envs/data_pipeline/lib/python3.8/site-packages/airflow/models/taskinstance.py", line 1334, in _run_raw_task
    self._execute_task_with_callbacks(context)
  File "/usr/local/anaconda3/envs/data_pipeline/lib/python3.8/site-packages/airflow/models/taskinstance.py", line 1460, in _execute_task_with_callbacks
    result = self._execute_task(context, self.task)
  File "/usr/local/anaconda3/envs/data_pipeline/lib/python3.8/site-packages/airflow/models/taskinstance.py", line 1516, in _execute_task
    result = execute_callable(context=context)
  File "/Users/oneforall_nick/workspace/airflow/plugins/operators/load_dimension.py", line 67, in execute
    self.load_dimension_table(redshift_hook, context)
  File "/Users/oneforall_nick/workspace/airflow/plugins/operators/load_dimension.py", line 104, in load_dimension_table
    redshift_hook.run(insert_dimension_data)
  File "/usr/local/anaconda3/envs/data_pipeline/lib/python3.8/site-packages/airflow/hooks/dbapi.py", line 205, in run
    self._run_command(cur, sql_statement, parameters)
  File "/usr/local/anaconda3/envs/data_pipeline/lib/python3.8/site-packages/airflow/hooks/dbapi.py", line 229, in _run_command
    cur.execute(sql_statement)
psycopg2.errors.SyntaxError: syntax error at or near ""
        SELECT start_time, extract(hour from start_time), extract(day from start_time), extract(week from start_time),
               extract(month from start_time), extract(year from start_time), extract(dayofweek from start_time)
        FROM songplays
    ""
LINE 3:  "
         ^

[2022-03-17 15:07:53,139] {taskinstance.py:1272} INFO - Marking task as FAILED. dag_id=udac_example_dag, task_id=task_group_Dimension_table.load_time_dim_table, execution_date=20220317T065719, start_date=20220317T070748, end_date=20220317T070753
[2022-03-17 15:07:53,172] {standard_task_runner.py:89} ERROR - Failed to execute job 51 for task task_group_Dimension_table.load_time_dim_table
Traceback (most recent call last):
  File "/usr/local/anaconda3/envs/data_pipeline/lib/python3.8/site-packages/airflow/task/task_runner/standard_task_runner.py", line 85, in _start_by_fork
    args.func(args, dag=self.dag)
  File "/usr/local/anaconda3/envs/data_pipeline/lib/python3.8/site-packages/airflow/cli/cli_parser.py", line 48, in command
    return func(*args, **kwargs)
  File "/usr/local/anaconda3/envs/data_pipeline/lib/python3.8/site-packages/airflow/utils/cli.py", line 92, in wrapper
    return f(*args, **kwargs)
  File "/usr/local/anaconda3/envs/data_pipeline/lib/python3.8/site-packages/airflow/cli/commands/task_command.py", line 298, in task_run
    _run_task_by_selected_method(args, dag, ti)
  File "/usr/local/anaconda3/envs/data_pipeline/lib/python3.8/site-packages/airflow/cli/commands/task_command.py", line 107, in _run_task_by_selected_method
    _run_raw_task(args, ti)
  File "/usr/local/anaconda3/envs/data_pipeline/lib/python3.8/site-packages/airflow/cli/commands/task_command.py", line 180, in _run_raw_task
    ti._run_raw_task(
  File "/usr/local/anaconda3/envs/data_pipeline/lib/python3.8/site-packages/airflow/utils/session.py", line 70, in wrapper
    return func(*args, session=session, **kwargs)
  File "/usr/local/anaconda3/envs/data_pipeline/lib/python3.8/site-packages/airflow/models/taskinstance.py", line 1334, in _run_raw_task
    self._execute_task_with_callbacks(context)
  File "/usr/local/anaconda3/envs/data_pipeline/lib/python3.8/site-packages/airflow/models/taskinstance.py", line 1460, in _execute_task_with_callbacks
    result = self._execute_task(context, self.task)
  File "/usr/local/anaconda3/envs/data_pipeline/lib/python3.8/site-packages/airflow/models/taskinstance.py", line 1516, in _execute_task
    result = execute_callable(context=context)
  File "/Users/oneforall_nick/workspace/airflow/plugins/operators/load_dimension.py", line 67, in execute
    self.load_dimension_table(redshift_hook, context)
  File "/Users/oneforall_nick/workspace/airflow/plugins/operators/load_dimension.py", line 104, in load_dimension_table
    redshift_hook.run(insert_dimension_data)
  File "/usr/local/anaconda3/envs/data_pipeline/lib/python3.8/site-packages/airflow/hooks/dbapi.py", line 205, in run
    self._run_command(cur, sql_statement, parameters)
  File "/usr/local/anaconda3/envs/data_pipeline/lib/python3.8/site-packages/airflow/hooks/dbapi.py", line 229, in _run_command
    cur.execute(sql_statement)
psycopg2.errors.SyntaxError: syntax error at or near ""
        SELECT start_time, extract(hour from start_time), extract(day from start_time), extract(week from start_time),
               extract(month from start_time), extract(year from start_time), extract(dayofweek from start_time)
        FROM songplays
    ""
LINE 3:  "
         ^

[2022-03-17 15:07:53,192] {local_task_job.py:154} INFO - Task exited with return code 1
[2022-03-17 15:07:53,261] {local_task_job.py:264} INFO - 0 downstream tasks scheduled from follow-on schedule check
