[2022-03-19 23:02:56,733] {taskinstance.py:1037} INFO - Dependencies all met for <TaskInstance: udac_new_v1_dag.task_Dimension_table.load_songs_dim_table scheduled__2022-03-19T14:00:00+00:00 [queued]>
[2022-03-19 23:02:56,751] {taskinstance.py:1037} INFO - Dependencies all met for <TaskInstance: udac_new_v1_dag.task_Dimension_table.load_songs_dim_table scheduled__2022-03-19T14:00:00+00:00 [queued]>
[2022-03-19 23:02:56,752] {taskinstance.py:1243} INFO - 
--------------------------------------------------------------------------------
[2022-03-19 23:02:56,752] {taskinstance.py:1244} INFO - Starting attempt 1 of 2
[2022-03-19 23:02:56,752] {taskinstance.py:1245} INFO - 
--------------------------------------------------------------------------------
[2022-03-19 23:02:56,763] {taskinstance.py:1264} INFO - Executing <Task(LoadDimensionOperator): task_Dimension_table.load_songs_dim_table> on 2022-03-19 14:00:00+00:00
[2022-03-19 23:02:56,767] {standard_task_runner.py:52} INFO - Started process 52294 to run task
[2022-03-19 23:02:56,773] {standard_task_runner.py:76} INFO - Running: ['***', 'tasks', 'run', 'udac_new_v1_dag', 'task_Dimension_table.load_songs_dim_table', 'scheduled__2022-03-19T14:00:00+00:00', '--job-id', '133', '--raw', '--subdir', 'DAGS_FOLDER/udac_v1.py', '--cfg-path', '/var/folders/lh/ngst1lt51m9_gyz7qrg2f3nh0000gn/T/tmp9spn0v_1', '--error-file', '/var/folders/lh/ngst1lt51m9_gyz7qrg2f3nh0000gn/T/tmp57p68zc5']
[2022-03-19 23:02:56,776] {standard_task_runner.py:77} INFO - Job 133: Subtask task_Dimension_table.load_songs_dim_table
[2022-03-19 23:02:56,848] {logging_mixin.py:109} INFO - Running <TaskInstance: udac_new_v1_dag.task_Dimension_table.load_songs_dim_table scheduled__2022-03-19T14:00:00+00:00 [running]> on host 1.0.0.127.in-addr.arpa
[2022-03-19 23:02:56,907] {taskinstance.py:1429} INFO - Exporting the following env vars:
AIRFLOW_CTX_DAG_OWNER=udacity
AIRFLOW_CTX_DAG_ID=udac_new_v1_dag
AIRFLOW_CTX_TASK_ID=task_Dimension_table.load_songs_dim_table
AIRFLOW_CTX_EXECUTION_DATE=2022-03-19T14:00:00+00:00
AIRFLOW_CTX_DAG_RUN_ID=scheduled__2022-03-19T14:00:00+00:00
[2022-03-19 23:02:56,908] {load_dimension.py:83} INFO - Starting to truncate songs
[2022-03-19 23:02:56,915] {base.py:70} INFO - Using connection to: id: redshift. Host: redshift-cluster-1.cvmsgkpkbsh2.us-west-2.redshift.amazonaws.com, Port: 5439, Schema: dev, Login: awsuser, Password: ***, extra: {}
[2022-03-19 23:02:58,011] {dbapi.py:225} INFO - Running statement: 
        TRUNCATE TABLE "public"."songs"
        , parameters: None
[2022-03-19 23:02:58,578] {load_dimension.py:93} INFO - Starting to insert songs
[2022-03-19 23:02:58,584] {logging_mixin.py:109} WARNING - /usr/local/anaconda3/envs/***_project/lib/python3.9/site-packages/***/utils/context.py:156 AirflowContextDeprecationWarning: Accessing 'execution_date' from the template is deprecated and will be removed in a future version. Please use 'data_interval_start' or 'logical_date' instead.
[2022-03-19 23:02:58,586] {logging_mixin.py:109} WARNING - /usr/local/anaconda3/envs/***_project/lib/python3.9/site-packages/***/utils/context.py:156 AirflowContextDeprecationWarning: Accessing 'next_ds' from the template is deprecated and will be removed in a future version. Please use '{{ data_interval_end | ds }}' instead.
[2022-03-19 23:02:58,588] {logging_mixin.py:109} WARNING - /usr/local/anaconda3/envs/***_project/lib/python3.9/site-packages/***/utils/context.py:156 AirflowContextDeprecationWarning: Accessing 'next_ds_nodash' from the template is deprecated and will be removed in a future version. Please use '{{ data_interval_end | ds_nodash }}' instead.
[2022-03-19 23:02:58,589] {logging_mixin.py:109} WARNING - /usr/local/anaconda3/envs/***_project/lib/python3.9/site-packages/***/utils/context.py:156 AirflowContextDeprecationWarning: Accessing 'next_execution_date' from the template is deprecated and will be removed in a future version. Please use 'data_interval_end' instead.
[2022-03-19 23:02:58,590] {logging_mixin.py:109} WARNING - /usr/local/anaconda3/envs/***_project/lib/python3.9/site-packages/***/utils/context.py:156 AirflowContextDeprecationWarning: Accessing 'prev_ds' from the template is deprecated and will be removed in a future version.
[2022-03-19 23:02:58,591] {logging_mixin.py:109} WARNING - /usr/local/anaconda3/envs/***_project/lib/python3.9/site-packages/***/utils/context.py:156 AirflowContextDeprecationWarning: Accessing 'prev_ds_nodash' from the template is deprecated and will be removed in a future version.
[2022-03-19 23:02:58,592] {logging_mixin.py:109} WARNING - /usr/local/anaconda3/envs/***_project/lib/python3.9/site-packages/***/utils/context.py:156 AirflowContextDeprecationWarning: Accessing 'prev_execution_date' from the template is deprecated and will be removed in a future version.
[2022-03-19 23:02:58,593] {logging_mixin.py:109} WARNING - /usr/local/anaconda3/envs/***_project/lib/python3.9/site-packages/***/utils/context.py:156 AirflowContextDeprecationWarning: Accessing 'prev_execution_date_success' from the template is deprecated and will be removed in a future version. Please use 'prev_data_interval_start_success' instead.
[2022-03-19 23:02:58,594] {logging_mixin.py:109} WARNING - /usr/local/anaconda3/envs/***_project/lib/python3.9/site-packages/***/utils/context.py:156 AirflowContextDeprecationWarning: Accessing 'tomorrow_ds' from the template is deprecated and will be removed in a future version.
[2022-03-19 23:02:58,594] {logging_mixin.py:109} WARNING - /usr/local/anaconda3/envs/***_project/lib/python3.9/site-packages/***/utils/context.py:156 AirflowContextDeprecationWarning: Accessing 'tomorrow_ds_nodash' from the template is deprecated and will be removed in a future version.
[2022-03-19 23:02:58,595] {logging_mixin.py:109} WARNING - /usr/local/anaconda3/envs/***_project/lib/python3.9/site-packages/***/utils/context.py:156 AirflowContextDeprecationWarning: Accessing 'yesterday_ds' from the template is deprecated and will be removed in a future version.
[2022-03-19 23:02:58,596] {logging_mixin.py:109} WARNING - /usr/local/anaconda3/envs/***_project/lib/python3.9/site-packages/***/utils/context.py:156 AirflowContextDeprecationWarning: Accessing 'yesterday_ds_nodash' from the template is deprecated and will be removed in a future version.
[2022-03-19 23:02:58,605] {base.py:70} INFO - Using connection to: id: redshift. Host: redshift-cluster-1.cvmsgkpkbsh2.us-west-2.redshift.amazonaws.com, Port: 5439, Schema: dev, Login: awsuser, Password: ***, extra: {}
[2022-03-19 23:02:59,672] {dbapi.py:225} INFO - Running statement: 
        INSERT INTO "public"."songs" (songid, title, artistid, year, duration)
 
        SELECT distinct song_id, title, artist_id, year, duration
        FROM staging_songs
    
        , parameters: None
[2022-03-19 23:03:00,553] {dbapi.py:233} INFO - Rows affected: 14896
[2022-03-19 23:03:01,077] {taskinstance.py:1272} INFO - Marking task as SUCCESS. dag_id=udac_new_v1_dag, task_id=task_Dimension_table.load_songs_dim_table, execution_date=20220319T140000, start_date=20220319T150256, end_date=20220319T150301
[2022-03-19 23:03:01,128] {local_task_job.py:154} INFO - Task exited with return code 0
[2022-03-19 23:03:01,166] {local_task_job.py:264} INFO - 1 downstream tasks scheduled from follow-on schedule check
