[2022-03-17 14:57:32,459] {taskinstance.py:1037} INFO - Dependencies all met for <TaskInstance: udac_example_dag.load_songplays_fact_table manual__2022-03-17T06:57:19.461149+00:00 [queued]>
[2022-03-17 14:57:32,466] {taskinstance.py:1037} INFO - Dependencies all met for <TaskInstance: udac_example_dag.load_songplays_fact_table manual__2022-03-17T06:57:19.461149+00:00 [queued]>
[2022-03-17 14:57:32,466] {taskinstance.py:1243} INFO - 
--------------------------------------------------------------------------------
[2022-03-17 14:57:32,466] {taskinstance.py:1244} INFO - Starting attempt 1 of 3
[2022-03-17 14:57:32,467] {taskinstance.py:1245} INFO - 
--------------------------------------------------------------------------------
[2022-03-17 14:57:32,474] {taskinstance.py:1264} INFO - Executing <Task(LoadFactOperator): load_songplays_fact_table> on 2022-03-17 06:57:19.461149+00:00
[2022-03-17 14:57:32,476] {standard_task_runner.py:52} INFO - Started process 35440 to run task
[2022-03-17 14:57:32,481] {standard_task_runner.py:76} INFO - Running: ['***', 'tasks', 'run', 'udac_example_dag', 'load_songplays_fact_table', 'manual__2022-03-17T06:57:19.461149+00:00', '--job-id', '41', '--raw', '--subdir', 'DAGS_FOLDER/udac_example_dag.py', '--cfg-path', '/var/folders/lh/ngst1lt51m9_gyz7qrg2f3nh0000gn/T/tmpx_z3f1la', '--error-file', '/var/folders/lh/ngst1lt51m9_gyz7qrg2f3nh0000gn/T/tmpztakwdgc']
[2022-03-17 14:57:32,483] {standard_task_runner.py:77} INFO - Job 41: Subtask load_songplays_fact_table
[2022-03-17 14:57:32,538] {logging_mixin.py:109} INFO - Running <TaskInstance: udac_example_dag.load_songplays_fact_table manual__2022-03-17T06:57:19.461149+00:00 [running]> on host OneForAll-NickdeMacBook-Pro.local
[2022-03-17 14:57:32,592] {taskinstance.py:1429} INFO - Exporting the following env vars:
AIRFLOW_CTX_DAG_OWNER=udacity
AIRFLOW_CTX_DAG_ID=udac_example_dag
AIRFLOW_CTX_TASK_ID=load_songplays_fact_table
AIRFLOW_CTX_EXECUTION_DATE=2022-03-17T06:57:19.461149+00:00
AIRFLOW_CTX_DAG_RUN_ID=manual__2022-03-17T06:57:19.461149+00:00
[2022-03-17 14:57:32,593] {load_fact.py:86} INFO - Starting to truncate songplays
[2022-03-17 14:57:32,602] {base.py:70} INFO - Using connection to: id: redshift. Host: redshift-cluster-1.cvmsgkpkbsh2.us-west-2.redshift.amazonaws.com, Port: 5439, Schema: dev, Login: awsuser, Password: ***, extra: {}
[2022-03-17 14:57:34,518] {dbapi.py:225} INFO - Running statement: 
        TRUNCATE TABLE "public"."songplays"
        , parameters: None
[2022-03-17 14:57:35,144] {load_fact.py:95} INFO - Starting to insert songplays
[2022-03-17 14:57:35,146] {logging_mixin.py:109} WARNING - /usr/local/anaconda3/envs/data_pipeline/lib/python3.8/site-packages/***/utils/context.py:156 AirflowContextDeprecationWarning: Accessing 'execution_date' from the template is deprecated and will be removed in a future version. Please use 'data_interval_start' or 'logical_date' instead.
[2022-03-17 14:57:35,147] {logging_mixin.py:109} WARNING - /usr/local/anaconda3/envs/data_pipeline/lib/python3.8/site-packages/***/utils/context.py:156 AirflowContextDeprecationWarning: Accessing 'next_ds' from the template is deprecated and will be removed in a future version. Please use '{{ data_interval_end | ds }}' instead.
[2022-03-17 14:57:35,148] {logging_mixin.py:109} WARNING - /usr/local/anaconda3/envs/data_pipeline/lib/python3.8/site-packages/***/utils/context.py:156 AirflowContextDeprecationWarning: Accessing 'next_ds_nodash' from the template is deprecated and will be removed in a future version. Please use '{{ data_interval_end | ds_nodash }}' instead.
[2022-03-17 14:57:35,148] {logging_mixin.py:109} WARNING - /usr/local/anaconda3/envs/data_pipeline/lib/python3.8/site-packages/***/utils/context.py:156 AirflowContextDeprecationWarning: Accessing 'next_execution_date' from the template is deprecated and will be removed in a future version. Please use 'data_interval_end' instead.
[2022-03-17 14:57:35,149] {logging_mixin.py:109} WARNING - /usr/local/anaconda3/envs/data_pipeline/lib/python3.8/site-packages/***/utils/context.py:156 AirflowContextDeprecationWarning: Accessing 'prev_ds' from the template is deprecated and will be removed in a future version.
[2022-03-17 14:57:35,150] {logging_mixin.py:109} WARNING - /usr/local/anaconda3/envs/data_pipeline/lib/python3.8/site-packages/***/utils/context.py:156 AirflowContextDeprecationWarning: Accessing 'prev_ds_nodash' from the template is deprecated and will be removed in a future version.
[2022-03-17 14:57:35,150] {logging_mixin.py:109} WARNING - /usr/local/anaconda3/envs/data_pipeline/lib/python3.8/site-packages/***/utils/context.py:156 AirflowContextDeprecationWarning: Accessing 'prev_execution_date' from the template is deprecated and will be removed in a future version.
[2022-03-17 14:57:35,151] {logging_mixin.py:109} WARNING - /usr/local/anaconda3/envs/data_pipeline/lib/python3.8/site-packages/***/utils/context.py:156 AirflowContextDeprecationWarning: Accessing 'prev_execution_date_success' from the template is deprecated and will be removed in a future version. Please use 'prev_data_interval_start_success' instead.
[2022-03-17 14:57:35,153] {logging_mixin.py:109} WARNING - /usr/local/anaconda3/envs/data_pipeline/lib/python3.8/site-packages/***/utils/context.py:156 AirflowContextDeprecationWarning: Accessing 'tomorrow_ds' from the template is deprecated and will be removed in a future version.
[2022-03-17 14:57:35,154] {logging_mixin.py:109} WARNING - /usr/local/anaconda3/envs/data_pipeline/lib/python3.8/site-packages/***/utils/context.py:156 AirflowContextDeprecationWarning: Accessing 'tomorrow_ds_nodash' from the template is deprecated and will be removed in a future version.
[2022-03-17 14:57:35,155] {logging_mixin.py:109} WARNING - /usr/local/anaconda3/envs/data_pipeline/lib/python3.8/site-packages/***/utils/context.py:156 AirflowContextDeprecationWarning: Accessing 'yesterday_ds' from the template is deprecated and will be removed in a future version.
[2022-03-17 14:57:35,155] {logging_mixin.py:109} WARNING - /usr/local/anaconda3/envs/data_pipeline/lib/python3.8/site-packages/***/utils/context.py:156 AirflowContextDeprecationWarning: Accessing 'yesterday_ds_nodash' from the template is deprecated and will be removed in a future version.
[2022-03-17 14:57:35,163] {base.py:70} INFO - Using connection to: id: redshift. Host: redshift-cluster-1.cvmsgkpkbsh2.us-west-2.redshift.amazonaws.com, Port: 5439, Schema: dev, Login: awsuser, Password: ***, extra: {}
[2022-03-17 14:57:36,531] {dbapi.py:225} INFO - Running statement: 
        INSERT INTO "public"."songplays" (playid, start_time, userid, level, songid, artistid, sessionid, location, user_agent)
 
        SELECT
                md5(events.sessionid || events.start_time) songplay_id,
                events.start_time,
                events.userid,
                events.level,
                songs.song_id,
                songs.artist_id,
                events.sessionid,
                events.location,
                events.useragent
                FROM (SELECT TIMESTAMP 'epoch' + ts/1000 * interval '1 second' AS start_time, *
            FROM staging_events
            WHERE page='NextSong') events
            LEFT JOIN staging_songs songs
            ON events.song = songs.title
                AND events.artist = songs.artist_name
                AND events.length = songs.duration
    
        , parameters: None
[2022-03-17 14:57:37,027] {dbapi.py:233} INFO - Rows affected: 6820
[2022-03-17 14:57:37,469] {taskinstance.py:1272} INFO - Marking task as SUCCESS. dag_id=udac_example_dag, task_id=load_songplays_fact_table, execution_date=20220317T065719, start_date=20220317T065732, end_date=20220317T065737
[2022-03-17 14:57:37,515] {local_task_job.py:154} INFO - Task exited with return code 0
[2022-03-17 14:57:37,555] {local_task_job.py:264} INFO - 4 downstream tasks scheduled from follow-on schedule check
