[2022-03-17 18:01:50,946] {taskinstance.py:1037} INFO - Dependencies all met for <TaskInstance: udac_example_dag.task_loadDataFromS3ToTrips.Stage_staging_events manual__2022-03-17T10:01:48.373765+00:00 [queued]>
[2022-03-17 18:01:50,958] {taskinstance.py:1037} INFO - Dependencies all met for <TaskInstance: udac_example_dag.task_loadDataFromS3ToTrips.Stage_staging_events manual__2022-03-17T10:01:48.373765+00:00 [queued]>
[2022-03-17 18:01:50,958] {taskinstance.py:1243} INFO - 
--------------------------------------------------------------------------------
[2022-03-17 18:01:50,958] {taskinstance.py:1244} INFO - Starting attempt 1 of 3
[2022-03-17 18:01:50,958] {taskinstance.py:1245} INFO - 
--------------------------------------------------------------------------------
[2022-03-17 18:01:50,967] {taskinstance.py:1264} INFO - Executing <Task(StageToRedshiftOperator): task_loadDataFromS3ToTrips.Stage_staging_events> on 2022-03-17 10:01:48.373765+00:00
[2022-03-17 18:01:50,969] {standard_task_runner.py:52} INFO - Started process 19334 to run task
[2022-03-17 18:01:50,976] {standard_task_runner.py:76} INFO - Running: ['***', 'tasks', 'run', 'udac_example_dag', 'task_loadDataFromS3ToTrips.Stage_staging_events', 'manual__2022-03-17T10:01:48.373765+00:00', '--job-id', '126', '--raw', '--subdir', 'DAGS_FOLDER/udac_example_dag.py', '--cfg-path', '/var/folders/lh/ngst1lt51m9_gyz7qrg2f3nh0000gn/T/tmp009dia13', '--error-file', '/var/folders/lh/ngst1lt51m9_gyz7qrg2f3nh0000gn/T/tmpbmq_fyi7']
[2022-03-17 18:01:50,978] {standard_task_runner.py:77} INFO - Job 126: Subtask task_loadDataFromS3ToTrips.Stage_staging_events
[2022-03-17 18:01:51,053] {logging_mixin.py:109} INFO - Running <TaskInstance: udac_example_dag.task_loadDataFromS3ToTrips.Stage_staging_events manual__2022-03-17T10:01:48.373765+00:00 [running]> on host 1.0.0.127.in-addr.arpa
[2022-03-17 18:01:51,115] {taskinstance.py:1429} INFO - Exporting the following env vars:
AIRFLOW_CTX_DAG_OWNER=udacity
AIRFLOW_CTX_DAG_ID=udac_example_dag
AIRFLOW_CTX_TASK_ID=task_loadDataFromS3ToTrips.Stage_staging_events
AIRFLOW_CTX_EXECUTION_DATE=2022-03-17T10:01:48.373765+00:00
AIRFLOW_CTX_DAG_RUN_ID=manual__2022-03-17T10:01:48.373765+00:00
[2022-03-17 18:01:51,116] {stage_redshift.py:75} INFO - Starting to set aws redshift connection
[2022-03-17 18:01:51,126] {base_aws.py:190} INFO - Credentials retrieved from login
[2022-03-17 18:01:51,140] {stage_redshift.py:79} INFO - Starting to truncate table, table name: staging_events!
[2022-03-17 18:01:51,149] {stage_redshift.py:144} INFO - Starting to execute the truncate_table_sql process
[2022-03-17 18:01:51,159] {base.py:70} INFO - Using connection to: id: redshift. Host: redshift-cluster-1.cvmsgkpkbsh2.us-west-2.redshift.amazonaws.com, Port: 5439, Schema: dev, Login: awsuser, Password: ***, extra: {}
[2022-03-17 18:01:53,381] {dbapi.py:225} INFO - Running statement: 
        TRUNCATE TABLE public.staging_events
        , parameters: None
[2022-03-17 18:01:54,225] {stage_redshift.py:83} INFO - Starting to copy data from S3 to Redshift table, table name: staging_events!
[2022-03-17 18:01:54,229] {logging_mixin.py:109} WARNING - /usr/local/anaconda3/envs/data_pipeline/lib/python3.8/site-packages/***/utils/context.py:156 AirflowContextDeprecationWarning: Accessing 'execution_date' from the template is deprecated and will be removed in a future version. Please use 'data_interval_start' or 'logical_date' instead.
[2022-03-17 18:01:54,230] {logging_mixin.py:109} WARNING - /usr/local/anaconda3/envs/data_pipeline/lib/python3.8/site-packages/***/utils/context.py:156 AirflowContextDeprecationWarning: Accessing 'next_ds' from the template is deprecated and will be removed in a future version. Please use '{{ data_interval_end | ds }}' instead.
[2022-03-17 18:01:54,231] {logging_mixin.py:109} WARNING - /usr/local/anaconda3/envs/data_pipeline/lib/python3.8/site-packages/***/utils/context.py:156 AirflowContextDeprecationWarning: Accessing 'next_ds_nodash' from the template is deprecated and will be removed in a future version. Please use '{{ data_interval_end | ds_nodash }}' instead.
[2022-03-17 18:01:54,232] {logging_mixin.py:109} WARNING - /usr/local/anaconda3/envs/data_pipeline/lib/python3.8/site-packages/***/utils/context.py:156 AirflowContextDeprecationWarning: Accessing 'next_execution_date' from the template is deprecated and will be removed in a future version. Please use 'data_interval_end' instead.
[2022-03-17 18:01:54,233] {logging_mixin.py:109} WARNING - /usr/local/anaconda3/envs/data_pipeline/lib/python3.8/site-packages/***/utils/context.py:156 AirflowContextDeprecationWarning: Accessing 'prev_ds' from the template is deprecated and will be removed in a future version.
[2022-03-17 18:01:54,234] {logging_mixin.py:109} WARNING - /usr/local/anaconda3/envs/data_pipeline/lib/python3.8/site-packages/***/utils/context.py:156 AirflowContextDeprecationWarning: Accessing 'prev_ds_nodash' from the template is deprecated and will be removed in a future version.
[2022-03-17 18:01:54,235] {logging_mixin.py:109} WARNING - /usr/local/anaconda3/envs/data_pipeline/lib/python3.8/site-packages/***/utils/context.py:156 AirflowContextDeprecationWarning: Accessing 'prev_execution_date' from the template is deprecated and will be removed in a future version.
[2022-03-17 18:01:54,236] {logging_mixin.py:109} WARNING - /usr/local/anaconda3/envs/data_pipeline/lib/python3.8/site-packages/***/utils/context.py:156 AirflowContextDeprecationWarning: Accessing 'prev_execution_date_success' from the template is deprecated and will be removed in a future version. Please use 'prev_data_interval_start_success' instead.
[2022-03-17 18:01:54,237] {logging_mixin.py:109} WARNING - /usr/local/anaconda3/envs/data_pipeline/lib/python3.8/site-packages/***/utils/context.py:156 AirflowContextDeprecationWarning: Accessing 'tomorrow_ds' from the template is deprecated and will be removed in a future version.
[2022-03-17 18:01:54,237] {logging_mixin.py:109} WARNING - /usr/local/anaconda3/envs/data_pipeline/lib/python3.8/site-packages/***/utils/context.py:156 AirflowContextDeprecationWarning: Accessing 'tomorrow_ds_nodash' from the template is deprecated and will be removed in a future version.
[2022-03-17 18:01:54,238] {logging_mixin.py:109} WARNING - /usr/local/anaconda3/envs/data_pipeline/lib/python3.8/site-packages/***/utils/context.py:156 AirflowContextDeprecationWarning: Accessing 'yesterday_ds' from the template is deprecated and will be removed in a future version.
[2022-03-17 18:01:54,239] {logging_mixin.py:109} WARNING - /usr/local/anaconda3/envs/data_pipeline/lib/python3.8/site-packages/***/utils/context.py:156 AirflowContextDeprecationWarning: Accessing 'yesterday_ds_nodash' from the template is deprecated and will be removed in a future version.
[2022-03-17 18:01:54,239] {stage_redshift.py:121} INFO - S3_key.format(**context): log_data
[2022-03-17 18:01:54,239] {stage_redshift.py:125} INFO - Starting to execute the copy_sql_statement process
[2022-03-17 18:01:54,247] {base.py:70} INFO - Using connection to: id: redshift. Host: redshift-cluster-1.cvmsgkpkbsh2.us-west-2.redshift.amazonaws.com, Port: 5439, Schema: dev, Login: awsuser, Password: ***, extra: {}
[2022-03-17 18:01:56,126] {dbapi.py:225} INFO - Running statement: 
        COPY staging_events
        FROM 's3://udacity-dend/log_data'
        ACCESS_KEY_ID 'AKIAUW7BQYXKOEMAW7ES'
        SECRET_ACCESS_KEY '***'
        FORMAT AS JSON 's3://udacity-dend/log_json_path.json'
        REGION AS 'us-west-2'
        , parameters: None
[2022-03-17 18:01:59,152] {taskinstance.py:1272} INFO - Marking task as SUCCESS. dag_id=udac_example_dag, task_id=task_loadDataFromS3ToTrips.Stage_staging_events, execution_date=20220317T100148, start_date=20220317T100150, end_date=20220317T100159
[2022-03-17 18:01:59,184] {local_task_job.py:154} INFO - Task exited with return code 0
[2022-03-17 18:01:59,218] {local_task_job.py:264} INFO - 1 downstream tasks scheduled from follow-on schedule check
