[2022-03-19 23:06:20,824] {taskinstance.py:1037} INFO - Dependencies all met for <TaskInstance: udac_new_v1_dag.task_Dimension_table.load_time_dim_table manual__2022-03-19T15:03:21.401193+00:00 [queued]>
[2022-03-19 23:06:20,883] {taskinstance.py:1037} INFO - Dependencies all met for <TaskInstance: udac_new_v1_dag.task_Dimension_table.load_time_dim_table manual__2022-03-19T15:03:21.401193+00:00 [queued]>
[2022-03-19 23:06:20,884] {taskinstance.py:1243} INFO - 
--------------------------------------------------------------------------------
[2022-03-19 23:06:20,884] {taskinstance.py:1244} INFO - Starting attempt 1 of 2
[2022-03-19 23:06:20,885] {taskinstance.py:1245} INFO - 
--------------------------------------------------------------------------------
[2022-03-19 23:06:20,911] {taskinstance.py:1264} INFO - Executing <Task(LoadDimensionOperator): task_Dimension_table.load_time_dim_table> on 2022-03-19 15:03:21.401193+00:00
[2022-03-19 23:06:20,917] {standard_task_runner.py:52} INFO - Started process 52979 to run task
[2022-03-19 23:06:20,923] {standard_task_runner.py:76} INFO - Running: ['***', 'tasks', 'run', 'udac_new_v1_dag', 'task_Dimension_table.load_time_dim_table', 'manual__2022-03-19T15:03:21.401193+00:00', '--job-id', '139', '--raw', '--subdir', 'DAGS_FOLDER/udac_v1.py', '--cfg-path', '/var/folders/lh/ngst1lt51m9_gyz7qrg2f3nh0000gn/T/tmpg8tjvfsk', '--error-file', '/var/folders/lh/ngst1lt51m9_gyz7qrg2f3nh0000gn/T/tmpyjoxjg27']
[2022-03-19 23:06:20,927] {standard_task_runner.py:77} INFO - Job 139: Subtask task_Dimension_table.load_time_dim_table
[2022-03-19 23:06:21,060] {logging_mixin.py:109} INFO - Running <TaskInstance: udac_new_v1_dag.task_Dimension_table.load_time_dim_table manual__2022-03-19T15:03:21.401193+00:00 [running]> on host 1.0.0.127.in-addr.arpa
[2022-03-19 23:06:21,250] {taskinstance.py:1429} INFO - Exporting the following env vars:
AIRFLOW_CTX_DAG_OWNER=udacity
AIRFLOW_CTX_DAG_ID=udac_new_v1_dag
AIRFLOW_CTX_TASK_ID=task_Dimension_table.load_time_dim_table
AIRFLOW_CTX_EXECUTION_DATE=2022-03-19T15:03:21.401193+00:00
AIRFLOW_CTX_DAG_RUN_ID=manual__2022-03-19T15:03:21.401193+00:00
[2022-03-19 23:06:21,251] {load_dimension.py:83} INFO - Starting to truncate time
[2022-03-19 23:06:21,269] {base.py:70} INFO - Using connection to: id: redshift. Host: redshift-cluster-1.cvmsgkpkbsh2.us-west-2.redshift.amazonaws.com, Port: 5439, Schema: dev, Login: awsuser, Password: ***, extra: {}
[2022-03-19 23:06:22,409] {dbapi.py:225} INFO - Running statement: 
        TRUNCATE TABLE "public"."time"
        , parameters: None
[2022-03-19 23:06:22,949] {load_dimension.py:93} INFO - Starting to insert time
[2022-03-19 23:06:22,964] {logging_mixin.py:109} WARNING - /usr/local/anaconda3/envs/***_project/lib/python3.9/site-packages/***/utils/context.py:156 AirflowContextDeprecationWarning: Accessing 'execution_date' from the template is deprecated and will be removed in a future version. Please use 'data_interval_start' or 'logical_date' instead.
[2022-03-19 23:06:22,966] {logging_mixin.py:109} WARNING - /usr/local/anaconda3/envs/***_project/lib/python3.9/site-packages/***/utils/context.py:156 AirflowContextDeprecationWarning: Accessing 'next_ds' from the template is deprecated and will be removed in a future version. Please use '{{ data_interval_end | ds }}' instead.
[2022-03-19 23:06:22,967] {logging_mixin.py:109} WARNING - /usr/local/anaconda3/envs/***_project/lib/python3.9/site-packages/***/utils/context.py:156 AirflowContextDeprecationWarning: Accessing 'next_ds_nodash' from the template is deprecated and will be removed in a future version. Please use '{{ data_interval_end | ds_nodash }}' instead.
[2022-03-19 23:06:22,968] {logging_mixin.py:109} WARNING - /usr/local/anaconda3/envs/***_project/lib/python3.9/site-packages/***/utils/context.py:156 AirflowContextDeprecationWarning: Accessing 'next_execution_date' from the template is deprecated and will be removed in a future version. Please use 'data_interval_end' instead.
[2022-03-19 23:06:22,970] {logging_mixin.py:109} WARNING - /usr/local/anaconda3/envs/***_project/lib/python3.9/site-packages/***/utils/context.py:156 AirflowContextDeprecationWarning: Accessing 'prev_ds' from the template is deprecated and will be removed in a future version.
[2022-03-19 23:06:22,971] {logging_mixin.py:109} WARNING - /usr/local/anaconda3/envs/***_project/lib/python3.9/site-packages/***/utils/context.py:156 AirflowContextDeprecationWarning: Accessing 'prev_ds_nodash' from the template is deprecated and will be removed in a future version.
[2022-03-19 23:06:22,974] {logging_mixin.py:109} WARNING - /usr/local/anaconda3/envs/***_project/lib/python3.9/site-packages/***/utils/context.py:156 AirflowContextDeprecationWarning: Accessing 'prev_execution_date' from the template is deprecated and will be removed in a future version.
[2022-03-19 23:06:22,976] {logging_mixin.py:109} WARNING - /usr/local/anaconda3/envs/***_project/lib/python3.9/site-packages/***/utils/context.py:156 AirflowContextDeprecationWarning: Accessing 'prev_execution_date_success' from the template is deprecated and will be removed in a future version. Please use 'prev_data_interval_start_success' instead.
[2022-03-19 23:06:22,978] {logging_mixin.py:109} WARNING - /usr/local/anaconda3/envs/***_project/lib/python3.9/site-packages/***/utils/context.py:156 AirflowContextDeprecationWarning: Accessing 'tomorrow_ds' from the template is deprecated and will be removed in a future version.
[2022-03-19 23:06:22,981] {logging_mixin.py:109} WARNING - /usr/local/anaconda3/envs/***_project/lib/python3.9/site-packages/***/utils/context.py:156 AirflowContextDeprecationWarning: Accessing 'tomorrow_ds_nodash' from the template is deprecated and will be removed in a future version.
[2022-03-19 23:06:22,983] {logging_mixin.py:109} WARNING - /usr/local/anaconda3/envs/***_project/lib/python3.9/site-packages/***/utils/context.py:156 AirflowContextDeprecationWarning: Accessing 'yesterday_ds' from the template is deprecated and will be removed in a future version.
[2022-03-19 23:06:22,985] {logging_mixin.py:109} WARNING - /usr/local/anaconda3/envs/***_project/lib/python3.9/site-packages/***/utils/context.py:156 AirflowContextDeprecationWarning: Accessing 'yesterday_ds_nodash' from the template is deprecated and will be removed in a future version.
[2022-03-19 23:06:23,290] {base.py:70} INFO - Using connection to: id: redshift. Host: redshift-cluster-1.cvmsgkpkbsh2.us-west-2.redshift.amazonaws.com, Port: 5439, Schema: dev, Login: awsuser, Password: ***, extra: {}
[2022-03-19 23:06:24,420] {dbapi.py:225} INFO - Running statement: 
        INSERT INTO "public"."time" (start_time, hour, day, week, month, year, weekday)
 
        SELECT start_time, extract(hour from start_time), extract(day from start_time), extract(week from start_time),
               extract(month from start_time), extract(year from start_time), extract(dayofweek from start_time)
        FROM songplays
    
        , parameters: None
[2022-03-19 23:06:24,986] {dbapi.py:233} INFO - Rows affected: 6820
[2022-03-19 23:06:25,597] {taskinstance.py:1272} INFO - Marking task as SUCCESS. dag_id=udac_new_v1_dag, task_id=task_Dimension_table.load_time_dim_table, execution_date=20220319T150321, start_date=20220319T150620, end_date=20220319T150625
[2022-03-19 23:06:25,645] {local_task_job.py:154} INFO - Task exited with return code 0
[2022-03-19 23:06:25,710] {local_task_job.py:264} INFO - 0 downstream tasks scheduled from follow-on schedule check
