[2022-03-17 14:57:21,602] {taskinstance.py:1037} INFO - Dependencies all met for <TaskInstance: udac_example_dag.task_loadDataFromS3ToTrips.Stage_staging_events manual__2022-03-17T06:57:19.461149+00:00 [queued]>
[2022-03-17 14:57:21,610] {taskinstance.py:1037} INFO - Dependencies all met for <TaskInstance: udac_example_dag.task_loadDataFromS3ToTrips.Stage_staging_events manual__2022-03-17T06:57:19.461149+00:00 [queued]>
[2022-03-17 14:57:21,611] {taskinstance.py:1243} INFO - 
--------------------------------------------------------------------------------
[2022-03-17 14:57:21,611] {taskinstance.py:1244} INFO - Starting attempt 1 of 3
[2022-03-17 14:57:21,611] {taskinstance.py:1245} INFO - 
--------------------------------------------------------------------------------
[2022-03-17 14:57:21,619] {taskinstance.py:1264} INFO - Executing <Task(StageToRedshiftOperator): task_loadDataFromS3ToTrips.Stage_staging_events> on 2022-03-17 06:57:19.461149+00:00
[2022-03-17 14:57:21,622] {standard_task_runner.py:52} INFO - Started process 35327 to run task
[2022-03-17 14:57:21,627] {standard_task_runner.py:76} INFO - Running: ['***', 'tasks', 'run', 'udac_example_dag', 'task_loadDataFromS3ToTrips.Stage_staging_events', 'manual__2022-03-17T06:57:19.461149+00:00', '--job-id', '40', '--raw', '--subdir', 'DAGS_FOLDER/udac_example_dag.py', '--cfg-path', '/var/folders/lh/ngst1lt51m9_gyz7qrg2f3nh0000gn/T/tmp5xfzgl_5', '--error-file', '/var/folders/lh/ngst1lt51m9_gyz7qrg2f3nh0000gn/T/tmpaqkbzkv_']
[2022-03-17 14:57:21,629] {standard_task_runner.py:77} INFO - Job 40: Subtask task_loadDataFromS3ToTrips.Stage_staging_events
[2022-03-17 14:57:21,703] {logging_mixin.py:109} INFO - Running <TaskInstance: udac_example_dag.task_loadDataFromS3ToTrips.Stage_staging_events manual__2022-03-17T06:57:19.461149+00:00 [running]> on host OneForAll-NickdeMacBook-Pro.local
[2022-03-17 14:57:21,780] {taskinstance.py:1429} INFO - Exporting the following env vars:
AIRFLOW_CTX_DAG_OWNER=udacity
AIRFLOW_CTX_DAG_ID=udac_example_dag
AIRFLOW_CTX_TASK_ID=task_loadDataFromS3ToTrips.Stage_staging_events
AIRFLOW_CTX_EXECUTION_DATE=2022-03-17T06:57:19.461149+00:00
AIRFLOW_CTX_DAG_RUN_ID=manual__2022-03-17T06:57:19.461149+00:00
[2022-03-17 14:57:21,781] {stage_redshift.py:75} INFO - Starting to set aws redshift connection
[2022-03-17 14:57:21,792] {base_aws.py:190} INFO - Credentials retrieved from login
[2022-03-17 14:57:21,857] {stage_redshift.py:79} INFO - Starting to truncate table, table name: staging_events!
[2022-03-17 14:57:21,857] {stage_redshift.py:144} INFO - Starting to execute the truncate_table_sql process
[2022-03-17 14:57:21,865] {base.py:70} INFO - Using connection to: id: redshift. Host: redshift-cluster-1.cvmsgkpkbsh2.us-west-2.redshift.amazonaws.com, Port: 5439, Schema: dev, Login: awsuser, Password: ***, extra: {}
[2022-03-17 14:57:24,021] {dbapi.py:225} INFO - Running statement: 
        TRUNCATE TABLE public.staging_events
        , parameters: None
[2022-03-17 14:57:24,832] {stage_redshift.py:83} INFO - Starting to copy data from S3 to Redshift table, table name: staging_events!
[2022-03-17 14:57:24,834] {logging_mixin.py:109} WARNING - /usr/local/anaconda3/envs/data_pipeline/lib/python3.8/site-packages/***/utils/context.py:156 AirflowContextDeprecationWarning: Accessing 'execution_date' from the template is deprecated and will be removed in a future version. Please use 'data_interval_start' or 'logical_date' instead.
[2022-03-17 14:57:24,835] {logging_mixin.py:109} WARNING - /usr/local/anaconda3/envs/data_pipeline/lib/python3.8/site-packages/***/utils/context.py:156 AirflowContextDeprecationWarning: Accessing 'next_ds' from the template is deprecated and will be removed in a future version. Please use '{{ data_interval_end | ds }}' instead.
[2022-03-17 14:57:24,836] {logging_mixin.py:109} WARNING - /usr/local/anaconda3/envs/data_pipeline/lib/python3.8/site-packages/***/utils/context.py:156 AirflowContextDeprecationWarning: Accessing 'next_ds_nodash' from the template is deprecated and will be removed in a future version. Please use '{{ data_interval_end | ds_nodash }}' instead.
[2022-03-17 14:57:24,836] {logging_mixin.py:109} WARNING - /usr/local/anaconda3/envs/data_pipeline/lib/python3.8/site-packages/***/utils/context.py:156 AirflowContextDeprecationWarning: Accessing 'next_execution_date' from the template is deprecated and will be removed in a future version. Please use 'data_interval_end' instead.
[2022-03-17 14:57:24,837] {logging_mixin.py:109} WARNING - /usr/local/anaconda3/envs/data_pipeline/lib/python3.8/site-packages/***/utils/context.py:156 AirflowContextDeprecationWarning: Accessing 'prev_ds' from the template is deprecated and will be removed in a future version.
[2022-03-17 14:57:24,838] {logging_mixin.py:109} WARNING - /usr/local/anaconda3/envs/data_pipeline/lib/python3.8/site-packages/***/utils/context.py:156 AirflowContextDeprecationWarning: Accessing 'prev_ds_nodash' from the template is deprecated and will be removed in a future version.
[2022-03-17 14:57:24,838] {logging_mixin.py:109} WARNING - /usr/local/anaconda3/envs/data_pipeline/lib/python3.8/site-packages/***/utils/context.py:156 AirflowContextDeprecationWarning: Accessing 'prev_execution_date' from the template is deprecated and will be removed in a future version.
[2022-03-17 14:57:24,839] {logging_mixin.py:109} WARNING - /usr/local/anaconda3/envs/data_pipeline/lib/python3.8/site-packages/***/utils/context.py:156 AirflowContextDeprecationWarning: Accessing 'prev_execution_date_success' from the template is deprecated and will be removed in a future version. Please use 'prev_data_interval_start_success' instead.
[2022-03-17 14:57:24,840] {logging_mixin.py:109} WARNING - /usr/local/anaconda3/envs/data_pipeline/lib/python3.8/site-packages/***/utils/context.py:156 AirflowContextDeprecationWarning: Accessing 'tomorrow_ds' from the template is deprecated and will be removed in a future version.
[2022-03-17 14:57:24,840] {logging_mixin.py:109} WARNING - /usr/local/anaconda3/envs/data_pipeline/lib/python3.8/site-packages/***/utils/context.py:156 AirflowContextDeprecationWarning: Accessing 'tomorrow_ds_nodash' from the template is deprecated and will be removed in a future version.
[2022-03-17 14:57:24,841] {logging_mixin.py:109} WARNING - /usr/local/anaconda3/envs/data_pipeline/lib/python3.8/site-packages/***/utils/context.py:156 AirflowContextDeprecationWarning: Accessing 'yesterday_ds' from the template is deprecated and will be removed in a future version.
[2022-03-17 14:57:24,842] {logging_mixin.py:109} WARNING - /usr/local/anaconda3/envs/data_pipeline/lib/python3.8/site-packages/***/utils/context.py:156 AirflowContextDeprecationWarning: Accessing 'yesterday_ds_nodash' from the template is deprecated and will be removed in a future version.
[2022-03-17 14:57:24,842] {stage_redshift.py:121} INFO - S3_key.format(**context): log_data
[2022-03-17 14:57:24,842] {stage_redshift.py:125} INFO - Starting to execute the copy_sql_statement process
[2022-03-17 14:57:24,849] {base.py:70} INFO - Using connection to: id: redshift. Host: redshift-cluster-1.cvmsgkpkbsh2.us-west-2.redshift.amazonaws.com, Port: 5439, Schema: dev, Login: awsuser, Password: ***, extra: {}
[2022-03-17 14:57:26,585] {dbapi.py:225} INFO - Running statement: 
        COPY staging_events
        FROM 's3://udacity-dend/log_data'
        ACCESS_KEY_ID 'AKIAUW7BQYXKOEMAW7ES'
        SECRET_ACCESS_KEY '***'
        FORMAT AS JSON 's3://udacity-dend/log_json_path.json'
        REGION AS 'us-west-2'
        , parameters: None
[2022-03-17 14:57:30,749] {taskinstance.py:1272} INFO - Marking task as SUCCESS. dag_id=udac_example_dag, task_id=task_loadDataFromS3ToTrips.Stage_staging_events, execution_date=20220317T065719, start_date=20220317T065721, end_date=20220317T065730
[2022-03-17 14:57:30,789] {local_task_job.py:154} INFO - Task exited with return code 0
[2022-03-17 14:57:30,823] {local_task_job.py:264} INFO - 1 downstream tasks scheduled from follow-on schedule check
