[2022-03-16 23:45:45,685] {manager.py:514} INFO - Processing files using up to 2 processes at a time 
[2022-03-16 23:45:45,686] {manager.py:515} INFO - Process each file at most once every 30 seconds
[2022-03-16 23:45:45,686] {manager.py:516} INFO - Checking for new files in /Users/oneforall_nick/workspace/airflow/dags every 300 seconds
[2022-03-16 23:45:45,686] {manager.py:663} INFO - Searching for files in /Users/oneforall_nick/workspace/airflow/dags
[2022-03-16 23:45:45,690] {manager.py:666} INFO - There are 1 files in /Users/oneforall_nick/workspace/airflow/dags
[2022-03-16 23:45:46,064] {manager.py:1065} INFO - Finding 'running' jobs without a recent heartbeat
[2022-03-16 23:45:46,065] {manager.py:1069} INFO - Failing jobs without heartbeat after 2022-03-16 15:40:46.065117+00:00
[2022-03-16 23:45:56,458] {manager.py:1065} INFO - Finding 'running' jobs without a recent heartbeat
[2022-03-16 23:45:56,459] {manager.py:1069} INFO - Failing jobs without heartbeat after 2022-03-16 15:40:56.459733+00:00
[2022-03-16 23:45:58,122] {manager.py:784} INFO - 
================================================================================
DAG File Processing Stats

File Path                                                           PID  Runtime      # DAGs    # Errors  Last Runtime    Last Run
----------------------------------------------------------------  -----  ---------  --------  ----------  --------------  -------------------
/Users/oneforall_nick/workspace/airflow/dags/udac_example_dag.py  58676  1.61s             1           0  2.37s           2022-03-16T15:45:56
================================================================================
[2022-03-16 23:46:06,971] {manager.py:1065} INFO - Finding 'running' jobs without a recent heartbeat
[2022-03-16 23:46:06,972] {manager.py:1069} INFO - Failing jobs without heartbeat after 2022-03-16 15:41:06.972457+00:00
[2022-03-16 23:46:17,181] {manager.py:1065} INFO - Finding 'running' jobs without a recent heartbeat
[2022-03-16 23:46:17,183] {manager.py:1069} INFO - Failing jobs without heartbeat after 2022-03-16 15:41:17.183885+00:00
[2022-03-16 23:46:27,464] {manager.py:1065} INFO - Finding 'running' jobs without a recent heartbeat
[2022-03-16 23:46:27,465] {manager.py:1069} INFO - Failing jobs without heartbeat after 2022-03-16 15:41:27.465606+00:00
[2022-03-16 23:46:28,230] {manager.py:784} INFO - 
================================================================================
DAG File Processing Stats

File Path                                                           PID  Runtime      # DAGs    # Errors  Last Runtime    Last Run
----------------------------------------------------------------  -----  ---------  --------  ----------  --------------  -------------------
/Users/oneforall_nick/workspace/airflow/dags/udac_example_dag.py  58842  1.77s             1           0  2.24s           2022-03-16T15:46:26
================================================================================
[2022-03-16 23:46:37,500] {manager.py:1065} INFO - Finding 'running' jobs without a recent heartbeat
[2022-03-16 23:46:37,501] {manager.py:1069} INFO - Failing jobs without heartbeat after 2022-03-16 15:41:37.501306+00:00
[2022-03-16 23:46:47,830] {manager.py:1065} INFO - Finding 'running' jobs without a recent heartbeat
[2022-03-16 23:46:47,832] {manager.py:1069} INFO - Failing jobs without heartbeat after 2022-03-16 15:41:47.832012+00:00
[2022-03-16 23:46:58,343] {manager.py:1065} INFO - Finding 'running' jobs without a recent heartbeat
[2022-03-16 23:46:58,344] {manager.py:1069} INFO - Failing jobs without heartbeat after 2022-03-16 15:41:58.344247+00:00
[2022-03-16 23:46:58,353] {manager.py:784} INFO - 
================================================================================
DAG File Processing Stats

File Path                                                           PID  Runtime      # DAGs    # Errors  Last Runtime    Last Run
----------------------------------------------------------------  -----  ---------  --------  ----------  --------------  -------------------
/Users/oneforall_nick/workspace/airflow/dags/udac_example_dag.py  59013  1.73s             1           0  2.29s           2022-03-16T15:46:56
================================================================================
[2022-03-16 23:47:08,354] {manager.py:1065} INFO - Finding 'running' jobs without a recent heartbeat
[2022-03-16 23:47:08,355] {manager.py:1069} INFO - Failing jobs without heartbeat after 2022-03-16 15:42:08.355125+00:00
[2022-03-16 23:47:19,073] {manager.py:1065} INFO - Finding 'running' jobs without a recent heartbeat
[2022-03-16 23:47:19,074] {manager.py:1069} INFO - Failing jobs without heartbeat after 2022-03-16 15:42:19.074961+00:00
[2022-03-16 23:47:28,801] {manager.py:784} INFO - 
================================================================================
DAG File Processing Stats

File Path                                                           PID  Runtime      # DAGs    # Errors  Last Runtime    Last Run
----------------------------------------------------------------  -----  ---------  --------  ----------  --------------  -------------------
/Users/oneforall_nick/workspace/airflow/dags/udac_example_dag.py  59184  1.72s             1           0  2.29s           2022-03-16T15:47:27
================================================================================
[2022-03-16 23:47:29,201] {manager.py:1065} INFO - Finding 'running' jobs without a recent heartbeat
[2022-03-16 23:47:29,201] {manager.py:1069} INFO - Failing jobs without heartbeat after 2022-03-16 15:42:29.201470+00:00
[2022-03-16 23:47:39,612] {manager.py:1065} INFO - Finding 'running' jobs without a recent heartbeat
[2022-03-16 23:47:39,613] {manager.py:1069} INFO - Failing jobs without heartbeat after 2022-03-16 15:42:39.613804+00:00
[2022-03-16 23:47:49,805] {manager.py:1065} INFO - Finding 'running' jobs without a recent heartbeat
[2022-03-16 23:47:49,807] {manager.py:1069} INFO - Failing jobs without heartbeat after 2022-03-16 15:42:49.806983+00:00
[2022-03-16 23:47:58,985] {manager.py:784} INFO - 
================================================================================
DAG File Processing Stats

File Path                                                           PID  Runtime      # DAGs    # Errors  Last Runtime    Last Run
----------------------------------------------------------------  -----  ---------  --------  ----------  --------------  -------------------
/Users/oneforall_nick/workspace/airflow/dags/udac_example_dag.py  59357  0.83s             1           0  2.17s           2022-03-16T15:47:58
================================================================================
[2022-03-16 23:47:59,987] {manager.py:1065} INFO - Finding 'running' jobs without a recent heartbeat
[2022-03-16 23:47:59,988] {manager.py:1069} INFO - Failing jobs without heartbeat after 2022-03-16 15:42:59.988079+00:00
[2022-03-16 23:48:10,542] {manager.py:1065} INFO - Finding 'running' jobs without a recent heartbeat
[2022-03-16 23:48:10,543] {manager.py:1069} INFO - Failing jobs without heartbeat after 2022-03-16 15:43:10.543394+00:00
[2022-03-16 23:48:20,778] {manager.py:1065} INFO - Finding 'running' jobs without a recent heartbeat
[2022-03-16 23:48:20,780] {manager.py:1069} INFO - Failing jobs without heartbeat after 2022-03-16 15:43:20.780616+00:00
[2022-03-16 23:48:29,889] {manager.py:784} INFO - 
================================================================================
DAG File Processing Stats

File Path                                                           PID  Runtime      # DAGs    # Errors  Last Runtime    Last Run
----------------------------------------------------------------  -----  ---------  --------  ----------  --------------  -------------------
/Users/oneforall_nick/workspace/airflow/dags/udac_example_dag.py  59527  2.97s             1           0  2.88s           2022-03-16T15:48:26
================================================================================
[2022-03-16 23:48:30,935] {manager.py:1065} INFO - Finding 'running' jobs without a recent heartbeat
[2022-03-16 23:48:30,936] {manager.py:1069} INFO - Failing jobs without heartbeat after 2022-03-16 15:43:30.936158+00:00
[2022-03-16 23:48:41,234] {manager.py:1065} INFO - Finding 'running' jobs without a recent heartbeat
[2022-03-16 23:48:41,235] {manager.py:1069} INFO - Failing jobs without heartbeat after 2022-03-16 15:43:41.235182+00:00
[2022-03-16 23:48:51,725] {manager.py:1065} INFO - Finding 'running' jobs without a recent heartbeat
[2022-03-16 23:48:51,726] {manager.py:1069} INFO - Failing jobs without heartbeat after 2022-03-16 15:43:51.726339+00:00
[2022-03-16 23:49:00,213] {manager.py:784} INFO - 
================================================================================
DAG File Processing Stats

File Path                                                           PID  Runtime      # DAGs    # Errors  Last Runtime    Last Run
----------------------------------------------------------------  -----  ---------  --------  ----------  --------------  -------------------
/Users/oneforall_nick/workspace/airflow/dags/udac_example_dag.py  59696  2.01s             1           0  2.49s           2022-03-16T15:48:58
================================================================================
[2022-03-16 23:49:02,217] {manager.py:1065} INFO - Finding 'running' jobs without a recent heartbeat
[2022-03-16 23:49:02,218] {manager.py:1069} INFO - Failing jobs without heartbeat after 2022-03-16 15:44:02.218175+00:00
[2022-03-16 23:49:12,274] {manager.py:1065} INFO - Finding 'running' jobs without a recent heartbeat
[2022-03-16 23:49:12,276] {manager.py:1069} INFO - Failing jobs without heartbeat after 2022-03-16 15:44:12.276613+00:00
[2022-03-16 23:49:22,830] {manager.py:1065} INFO - Finding 'running' jobs without a recent heartbeat
[2022-03-16 23:49:22,832] {manager.py:1069} INFO - Failing jobs without heartbeat after 2022-03-16 15:44:22.832109+00:00
[2022-03-16 23:49:30,240] {manager.py:784} INFO - 
================================================================================
DAG File Processing Stats

File Path                                                           PID  Runtime      # DAGs    # Errors  Last Runtime    Last Run
----------------------------------------------------------------  -----  ---------  --------  ----------  --------------  -------------------
/Users/oneforall_nick/workspace/airflow/dags/udac_example_dag.py  59859  4.00s             1           0  3.02s           2022-03-16T15:49:26
================================================================================
[2022-03-16 23:49:33,257] {manager.py:1065} INFO - Finding 'running' jobs without a recent heartbeat
[2022-03-16 23:49:33,257] {manager.py:1069} INFO - Failing jobs without heartbeat after 2022-03-16 15:44:33.257586+00:00
[2022-03-16 23:49:43,541] {manager.py:1065} INFO - Finding 'running' jobs without a recent heartbeat
[2022-03-16 23:49:43,542] {manager.py:1069} INFO - Failing jobs without heartbeat after 2022-03-16 15:44:43.542739+00:00
[2022-03-16 23:49:53,793] {manager.py:1065} INFO - Finding 'running' jobs without a recent heartbeat
[2022-03-16 23:49:53,794] {manager.py:1069} INFO - Failing jobs without heartbeat after 2022-03-16 15:44:53.794671+00:00
[2022-03-16 23:50:00,318] {manager.py:784} INFO - 
================================================================================
DAG File Processing Stats

File Path                                                           PID  Runtime      # DAGs    # Errors  Last Runtime    Last Run
----------------------------------------------------------------  -----  ---------  --------  ----------  --------------  -------------------
/Users/oneforall_nick/workspace/airflow/dags/udac_example_dag.py  60044  2.66s             1           0  2.36s           2022-03-16T15:49:57
================================================================================
[2022-03-16 23:50:04,480] {manager.py:1065} INFO - Finding 'running' jobs without a recent heartbeat
[2022-03-16 23:50:04,480] {manager.py:1069} INFO - Failing jobs without heartbeat after 2022-03-16 15:45:04.480920+00:00
[2022-03-16 23:50:14,933] {manager.py:1065} INFO - Finding 'running' jobs without a recent heartbeat
[2022-03-16 23:50:14,933] {manager.py:1069} INFO - Failing jobs without heartbeat after 2022-03-16 15:45:14.933602+00:00
[2022-03-16 23:50:25,260] {manager.py:1065} INFO - Finding 'running' jobs without a recent heartbeat
[2022-03-16 23:50:25,261] {manager.py:1069} INFO - Failing jobs without heartbeat after 2022-03-16 15:45:25.261340+00:00
[2022-03-16 23:50:30,408] {manager.py:784} INFO - 
================================================================================
DAG File Processing Stats

File Path                                                           PID  Runtime      # DAGs    # Errors  Last Runtime    Last Run
----------------------------------------------------------------  -----  ---------  --------  ----------  --------------  -------------------
/Users/oneforall_nick/workspace/airflow/dags/udac_example_dag.py  60213  1.96s             1           0  2.05s           2022-03-16T15:50:28
================================================================================
[2022-03-16 23:50:35,701] {manager.py:1065} INFO - Finding 'running' jobs without a recent heartbeat
[2022-03-16 23:50:35,702] {manager.py:1069} INFO - Failing jobs without heartbeat after 2022-03-16 15:45:35.702118+00:00
[2022-03-16 23:50:45,916] {manager.py:663} INFO - Searching for files in /Users/oneforall_nick/workspace/airflow/dags
[2022-03-16 23:50:45,929] {manager.py:666} INFO - There are 1 files in /Users/oneforall_nick/workspace/airflow/dags
[2022-03-16 23:50:45,970] {manager.py:1065} INFO - Finding 'running' jobs without a recent heartbeat
[2022-03-16 23:50:45,970] {manager.py:1069} INFO - Failing jobs without heartbeat after 2022-03-16 15:45:45.970519+00:00
[2022-03-16 23:50:56,405] {manager.py:1065} INFO - Finding 'running' jobs without a recent heartbeat
[2022-03-16 23:50:56,407] {manager.py:1069} INFO - Failing jobs without heartbeat after 2022-03-16 15:45:56.406983+00:00
[2022-03-16 23:51:00,457] {manager.py:784} INFO - 
================================================================================
DAG File Processing Stats

File Path                                                           PID  Runtime      # DAGs    # Errors  Last Runtime    Last Run
----------------------------------------------------------------  -----  ---------  --------  ----------  --------------  -------------------
/Users/oneforall_nick/workspace/airflow/dags/udac_example_dag.py  60438  0.00s             1           0  2.35s           2022-03-16T15:51:00
================================================================================
[2022-03-16 23:51:06,469] {manager.py:1065} INFO - Finding 'running' jobs without a recent heartbeat
[2022-03-16 23:51:06,470] {manager.py:1069} INFO - Failing jobs without heartbeat after 2022-03-16 15:46:06.470141+00:00
[2022-03-16 23:51:16,604] {manager.py:1065} INFO - Finding 'running' jobs without a recent heartbeat
[2022-03-16 23:51:16,604] {manager.py:1069} INFO - Failing jobs without heartbeat after 2022-03-16 15:46:16.604840+00:00
[2022-03-16 23:51:27,095] {manager.py:1065} INFO - Finding 'running' jobs without a recent heartbeat
[2022-03-16 23:51:27,096] {manager.py:1069} INFO - Failing jobs without heartbeat after 2022-03-16 15:46:27.096457+00:00
[2022-03-16 23:51:30,492] {manager.py:784} INFO - 
================================================================================
DAG File Processing Stats

File Path                                                           PID  Runtime      # DAGs    # Errors  Last Runtime    Last Run
----------------------------------------------------------------  -----  ---------  --------  ----------  --------------  -------------------
/Users/oneforall_nick/workspace/airflow/dags/udac_example_dag.py  60606  0.00s             1           0  2.17s           2022-03-16T15:51:30
================================================================================
[2022-03-16 23:51:37,696] {manager.py:1065} INFO - Finding 'running' jobs without a recent heartbeat
[2022-03-16 23:51:37,697] {manager.py:1069} INFO - Failing jobs without heartbeat after 2022-03-16 15:46:37.697043+00:00
[2022-03-16 23:51:47,862] {manager.py:1065} INFO - Finding 'running' jobs without a recent heartbeat
[2022-03-16 23:51:47,862] {manager.py:1069} INFO - Failing jobs without heartbeat after 2022-03-16 15:46:47.862802+00:00
[2022-03-16 23:51:58,020] {manager.py:1065} INFO - Finding 'running' jobs without a recent heartbeat
[2022-03-16 23:51:58,020] {manager.py:1069} INFO - Failing jobs without heartbeat after 2022-03-16 15:46:58.020926+00:00
[2022-03-16 23:52:01,036] {manager.py:784} INFO - 
================================================================================
DAG File Processing Stats

File Path                                                           PID  Runtime      # DAGs    # Errors  Last Runtime    Last Run
----------------------------------------------------------------  -----  ---------  --------  ----------  --------------  -------------------
/Users/oneforall_nick/workspace/airflow/dags/udac_example_dag.py  60751  1.80s             1           0  2.21s           2022-03-16T15:51:59
================================================================================
[2022-03-16 23:52:08,653] {manager.py:1065} INFO - Finding 'running' jobs without a recent heartbeat
[2022-03-16 23:52:08,654] {manager.py:1069} INFO - Failing jobs without heartbeat after 2022-03-16 15:47:08.654277+00:00
[2022-03-16 23:52:18,758] {manager.py:1065} INFO - Finding 'running' jobs without a recent heartbeat
[2022-03-16 23:52:18,759] {manager.py:1069} INFO - Failing jobs without heartbeat after 2022-03-16 15:47:18.759800+00:00
[2022-03-16 23:52:29,271] {manager.py:1065} INFO - Finding 'running' jobs without a recent heartbeat
[2022-03-16 23:52:29,273] {manager.py:1069} INFO - Failing jobs without heartbeat after 2022-03-16 15:47:29.273425+00:00
[2022-03-16 23:52:31,503] {manager.py:784} INFO - 
================================================================================
DAG File Processing Stats

File Path                                                           PID  Runtime      # DAGs    # Errors  Last Runtime    Last Run
----------------------------------------------------------------  -----  ---------  --------  ----------  --------------  -------------------
/Users/oneforall_nick/workspace/airflow/dags/udac_example_dag.py  60946  0.71s             1           0  2.30s           2022-03-16T15:52:30
================================================================================
[2022-03-16 23:52:39,424] {manager.py:1065} INFO - Finding 'running' jobs without a recent heartbeat
[2022-03-16 23:52:39,424] {manager.py:1069} INFO - Failing jobs without heartbeat after 2022-03-16 15:47:39.424699+00:00
[2022-03-16 23:52:49,604] {manager.py:1065} INFO - Finding 'running' jobs without a recent heartbeat
[2022-03-16 23:52:49,605] {manager.py:1069} INFO - Failing jobs without heartbeat after 2022-03-16 15:47:49.605660+00:00
[2022-03-16 23:53:00,039] {manager.py:1065} INFO - Finding 'running' jobs without a recent heartbeat
[2022-03-16 23:53:00,040] {manager.py:1069} INFO - Failing jobs without heartbeat after 2022-03-16 15:48:00.040159+00:00
[2022-03-16 23:53:02,165] {manager.py:784} INFO - 
================================================================================
DAG File Processing Stats

File Path                                                           PID  Runtime      # DAGs    # Errors  Last Runtime    Last Run
----------------------------------------------------------------  -----  ---------  --------  ----------  --------------  -------------------
/Users/oneforall_nick/workspace/airflow/dags/udac_example_dag.py  61119  1.90s             1           0  2.11s           2022-03-16T15:53:00
================================================================================
[2022-03-16 23:53:10,560] {manager.py:1065} INFO - Finding 'running' jobs without a recent heartbeat
[2022-03-16 23:53:10,560] {manager.py:1069} INFO - Failing jobs without heartbeat after 2022-03-16 15:48:10.560579+00:00
[2022-03-16 23:53:21,108] {manager.py:1065} INFO - Finding 'running' jobs without a recent heartbeat
[2022-03-16 23:53:21,108] {manager.py:1069} INFO - Failing jobs without heartbeat after 2022-03-16 15:48:21.108856+00:00
[2022-03-16 23:53:31,193] {manager.py:1065} INFO - Finding 'running' jobs without a recent heartbeat
[2022-03-16 23:53:31,193] {manager.py:1069} INFO - Failing jobs without heartbeat after 2022-03-16 15:48:31.193704+00:00
[2022-03-16 23:53:32,203] {manager.py:784} INFO - 
================================================================================
DAG File Processing Stats

File Path                                                           PID  Runtime      # DAGs    # Errors  Last Runtime    Last Run
----------------------------------------------------------------  -----  ---------  --------  ----------  --------------  -------------------
/Users/oneforall_nick/workspace/airflow/dags/udac_example_dag.py  61292  2.02s             1           0  2.15s           2022-03-16T15:53:30
================================================================================
[2022-03-16 23:53:41,988] {manager.py:1065} INFO - Finding 'running' jobs without a recent heartbeat
[2022-03-16 23:53:41,989] {manager.py:1069} INFO - Failing jobs without heartbeat after 2022-03-16 15:48:41.989412+00:00
[2022-03-16 23:53:52,479] {manager.py:1065} INFO - Finding 'running' jobs without a recent heartbeat
[2022-03-16 23:53:52,481] {manager.py:1069} INFO - Failing jobs without heartbeat after 2022-03-16 15:48:52.481201+00:00
[2022-03-16 23:54:02,317] {manager.py:784} INFO - 
================================================================================
DAG File Processing Stats

File Path                                                           PID  Runtime      # DAGs    # Errors  Last Runtime    Last Run
----------------------------------------------------------------  -----  ---------  --------  ----------  --------------  -------------------
/Users/oneforall_nick/workspace/airflow/dags/udac_example_dag.py  61466  0.00s             1           0  2.48s           2022-03-16T15:54:02
================================================================================
[2022-03-16 23:54:02,838] {manager.py:1065} INFO - Finding 'running' jobs without a recent heartbeat
[2022-03-16 23:54:02,838] {manager.py:1069} INFO - Failing jobs without heartbeat after 2022-03-16 15:49:02.838638+00:00
[2022-03-16 23:54:13,269] {manager.py:1065} INFO - Finding 'running' jobs without a recent heartbeat
[2022-03-16 23:54:13,270] {manager.py:1069} INFO - Failing jobs without heartbeat after 2022-03-16 15:49:13.270272+00:00
[2022-03-16 23:54:23,475] {manager.py:1065} INFO - Finding 'running' jobs without a recent heartbeat
[2022-03-16 23:54:23,476] {manager.py:1069} INFO - Failing jobs without heartbeat after 2022-03-16 15:49:23.476505+00:00
[2022-03-16 23:54:32,927] {manager.py:784} INFO - 
================================================================================
DAG File Processing Stats

File Path                                                           PID  Runtime      # DAGs    # Errors  Last Runtime    Last Run
----------------------------------------------------------------  -----  ---------  --------  ----------  --------------  -------------------
/Users/oneforall_nick/workspace/airflow/dags/udac_example_dag.py  61634  0.69s             1           0  2.32s           2022-03-16T15:54:32
================================================================================
[2022-03-16 23:54:33,930] {manager.py:1065} INFO - Finding 'running' jobs without a recent heartbeat
[2022-03-16 23:54:33,930] {manager.py:1069} INFO - Failing jobs without heartbeat after 2022-03-16 15:49:33.930820+00:00
[2022-03-16 23:54:44,049] {manager.py:1065} INFO - Finding 'running' jobs without a recent heartbeat
[2022-03-16 23:54:44,050] {manager.py:1069} INFO - Failing jobs without heartbeat after 2022-03-16 15:49:44.050233+00:00
[2022-03-16 23:54:54,296] {manager.py:1065} INFO - Finding 'running' jobs without a recent heartbeat
[2022-03-16 23:54:54,297] {manager.py:1069} INFO - Failing jobs without heartbeat after 2022-03-16 15:49:54.297040+00:00
[2022-03-16 23:55:03,119] {manager.py:784} INFO - 
================================================================================
DAG File Processing Stats

File Path                                                           PID  Runtime      # DAGs    # Errors  Last Runtime    Last Run
----------------------------------------------------------------  -----  ---------  --------  ----------  --------------  -------------------
/Users/oneforall_nick/workspace/airflow/dags/udac_example_dag.py  61829  1.73s             1           0  2.28s           2022-03-16T15:55:01
================================================================================
[2022-03-16 23:55:04,399] {manager.py:1065} INFO - Finding 'running' jobs without a recent heartbeat
[2022-03-16 23:55:04,399] {manager.py:1069} INFO - Failing jobs without heartbeat after 2022-03-16 15:50:04.399669+00:00
[2022-03-16 23:55:14,499] {manager.py:1065} INFO - Finding 'running' jobs without a recent heartbeat
[2022-03-16 23:55:14,499] {manager.py:1069} INFO - Failing jobs without heartbeat after 2022-03-16 15:50:14.499831+00:00
[2022-03-16 23:55:23,584] {manager.py:495} INFO - Exiting gracefully upon receiving signal 15
[2022-03-16 23:55:27,953] {manager.py:514} INFO - Processing files using up to 2 processes at a time 
[2022-03-16 23:55:27,953] {manager.py:515} INFO - Process each file at most once every 30 seconds
[2022-03-16 23:55:27,953] {manager.py:516} INFO - Checking for new files in /Users/oneforall_nick/workspace/airflow/dags every 300 seconds
[2022-03-16 23:55:27,954] {manager.py:663} INFO - Searching for files in /Users/oneforall_nick/workspace/airflow/dags
[2022-03-16 23:55:27,955] {manager.py:666} INFO - There are 1 files in /Users/oneforall_nick/workspace/airflow/dags
[2022-03-16 23:55:28,037] {manager.py:1065} INFO - Finding 'running' jobs without a recent heartbeat
[2022-03-16 23:55:28,037] {manager.py:1069} INFO - Failing jobs without heartbeat after 2022-03-16 15:50:28.037910+00:00
[2022-03-16 23:55:38,261] {manager.py:1065} INFO - Finding 'running' jobs without a recent heartbeat
[2022-03-16 23:55:38,263] {manager.py:1069} INFO - Failing jobs without heartbeat after 2022-03-16 15:50:38.263535+00:00
[2022-03-16 23:55:48,391] {manager.py:1065} INFO - Finding 'running' jobs without a recent heartbeat
[2022-03-16 23:55:48,392] {manager.py:1069} INFO - Failing jobs without heartbeat after 2022-03-16 15:50:48.392025+00:00
[2022-03-16 23:55:55,499] {manager.py:495} INFO - Exiting gracefully upon receiving signal 15
