[2022-03-17 15:12:18,115] {taskinstance.py:1037} INFO - Dependencies all met for <TaskInstance: udac_example_dag.task_group_Dimension_table.load_songs_dim_table manual__2022-03-17T07:12:01.605330+00:00 [queued]>
[2022-03-17 15:12:18,126] {taskinstance.py:1037} INFO - Dependencies all met for <TaskInstance: udac_example_dag.task_group_Dimension_table.load_songs_dim_table manual__2022-03-17T07:12:01.605330+00:00 [queued]>
[2022-03-17 15:12:18,127] {taskinstance.py:1243} INFO - 
--------------------------------------------------------------------------------
[2022-03-17 15:12:18,127] {taskinstance.py:1244} INFO - Starting attempt 1 of 3
[2022-03-17 15:12:18,127] {taskinstance.py:1245} INFO - 
--------------------------------------------------------------------------------
[2022-03-17 15:12:18,137] {taskinstance.py:1264} INFO - Executing <Task(LoadDimensionOperator): task_group_Dimension_table.load_songs_dim_table> on 2022-03-17 07:12:01.605330+00:00
[2022-03-17 15:12:18,140] {standard_task_runner.py:52} INFO - Started process 43992 to run task
[2022-03-17 15:12:18,147] {standard_task_runner.py:76} INFO - Running: ['***', 'tasks', 'run', 'udac_example_dag', 'task_group_Dimension_table.load_songs_dim_table', 'manual__2022-03-17T07:12:01.605330+00:00', '--job-id', '67', '--raw', '--subdir', 'DAGS_FOLDER/udac_example_dag.py', '--cfg-path', '/var/folders/lh/ngst1lt51m9_gyz7qrg2f3nh0000gn/T/tmphhj3gtrr', '--error-file', '/var/folders/lh/ngst1lt51m9_gyz7qrg2f3nh0000gn/T/tmpz6wffvq4']
[2022-03-17 15:12:18,150] {standard_task_runner.py:77} INFO - Job 67: Subtask task_group_Dimension_table.load_songs_dim_table
[2022-03-17 15:12:18,246] {logging_mixin.py:109} INFO - Running <TaskInstance: udac_example_dag.task_group_Dimension_table.load_songs_dim_table manual__2022-03-17T07:12:01.605330+00:00 [running]> on host oneforall-nickdemacbook-pro.local
[2022-03-17 15:12:18,315] {taskinstance.py:1429} INFO - Exporting the following env vars:
AIRFLOW_CTX_DAG_OWNER=udacity
AIRFLOW_CTX_DAG_ID=udac_example_dag
AIRFLOW_CTX_TASK_ID=task_group_Dimension_table.load_songs_dim_table
AIRFLOW_CTX_EXECUTION_DATE=2022-03-17T07:12:01.605330+00:00
AIRFLOW_CTX_DAG_RUN_ID=manual__2022-03-17T07:12:01.605330+00:00
[2022-03-17 15:12:18,315] {load_dimension.py:83} INFO - Starting to truncate songs
[2022-03-17 15:12:18,325] {base.py:70} INFO - Using connection to: id: redshift. Host: redshift-cluster-1.cvmsgkpkbsh2.us-west-2.redshift.amazonaws.com, Port: 5439, Schema: dev, Login: awsuser, Password: ***, extra: {}
[2022-03-17 15:12:19,646] {dbapi.py:225} INFO - Running statement: 
        TRUNCATE TABLE "public"."songs"
        , parameters: None
[2022-03-17 15:12:20,363] {load_dimension.py:93} INFO - Starting to insert songs
[2022-03-17 15:12:20,366] {logging_mixin.py:109} WARNING - /usr/local/anaconda3/envs/data_pipeline/lib/python3.8/site-packages/***/utils/context.py:156 AirflowContextDeprecationWarning: Accessing 'execution_date' from the template is deprecated and will be removed in a future version. Please use 'data_interval_start' or 'logical_date' instead.
[2022-03-17 15:12:20,366] {logging_mixin.py:109} WARNING - /usr/local/anaconda3/envs/data_pipeline/lib/python3.8/site-packages/***/utils/context.py:156 AirflowContextDeprecationWarning: Accessing 'next_ds' from the template is deprecated and will be removed in a future version. Please use '{{ data_interval_end | ds }}' instead.
[2022-03-17 15:12:20,368] {logging_mixin.py:109} WARNING - /usr/local/anaconda3/envs/data_pipeline/lib/python3.8/site-packages/***/utils/context.py:156 AirflowContextDeprecationWarning: Accessing 'next_ds_nodash' from the template is deprecated and will be removed in a future version. Please use '{{ data_interval_end | ds_nodash }}' instead.
[2022-03-17 15:12:20,369] {logging_mixin.py:109} WARNING - /usr/local/anaconda3/envs/data_pipeline/lib/python3.8/site-packages/***/utils/context.py:156 AirflowContextDeprecationWarning: Accessing 'next_execution_date' from the template is deprecated and will be removed in a future version. Please use 'data_interval_end' instead.
[2022-03-17 15:12:20,370] {logging_mixin.py:109} WARNING - /usr/local/anaconda3/envs/data_pipeline/lib/python3.8/site-packages/***/utils/context.py:156 AirflowContextDeprecationWarning: Accessing 'prev_ds' from the template is deprecated and will be removed in a future version.
[2022-03-17 15:12:20,371] {logging_mixin.py:109} WARNING - /usr/local/anaconda3/envs/data_pipeline/lib/python3.8/site-packages/***/utils/context.py:156 AirflowContextDeprecationWarning: Accessing 'prev_ds_nodash' from the template is deprecated and will be removed in a future version.
[2022-03-17 15:12:20,371] {logging_mixin.py:109} WARNING - /usr/local/anaconda3/envs/data_pipeline/lib/python3.8/site-packages/***/utils/context.py:156 AirflowContextDeprecationWarning: Accessing 'prev_execution_date' from the template is deprecated and will be removed in a future version.
[2022-03-17 15:12:20,372] {logging_mixin.py:109} WARNING - /usr/local/anaconda3/envs/data_pipeline/lib/python3.8/site-packages/***/utils/context.py:156 AirflowContextDeprecationWarning: Accessing 'prev_execution_date_success' from the template is deprecated and will be removed in a future version. Please use 'prev_data_interval_start_success' instead.
[2022-03-17 15:12:20,373] {logging_mixin.py:109} WARNING - /usr/local/anaconda3/envs/data_pipeline/lib/python3.8/site-packages/***/utils/context.py:156 AirflowContextDeprecationWarning: Accessing 'tomorrow_ds' from the template is deprecated and will be removed in a future version.
[2022-03-17 15:12:20,374] {logging_mixin.py:109} WARNING - /usr/local/anaconda3/envs/data_pipeline/lib/python3.8/site-packages/***/utils/context.py:156 AirflowContextDeprecationWarning: Accessing 'tomorrow_ds_nodash' from the template is deprecated and will be removed in a future version.
[2022-03-17 15:12:20,374] {logging_mixin.py:109} WARNING - /usr/local/anaconda3/envs/data_pipeline/lib/python3.8/site-packages/***/utils/context.py:156 AirflowContextDeprecationWarning: Accessing 'yesterday_ds' from the template is deprecated and will be removed in a future version.
[2022-03-17 15:12:20,375] {logging_mixin.py:109} WARNING - /usr/local/anaconda3/envs/data_pipeline/lib/python3.8/site-packages/***/utils/context.py:156 AirflowContextDeprecationWarning: Accessing 'yesterday_ds_nodash' from the template is deprecated and will be removed in a future version.
[2022-03-17 15:12:20,385] {base.py:70} INFO - Using connection to: id: redshift. Host: redshift-cluster-1.cvmsgkpkbsh2.us-west-2.redshift.amazonaws.com, Port: 5439, Schema: dev, Login: awsuser, Password: ***, extra: {}
[2022-03-17 15:12:22,033] {dbapi.py:225} INFO - Running statement: 
        INSERT INTO "public"."songs" (songid, title, artistid, year, duration)
 
        SELECT distinct song_id, title, artist_id, year, duration
        FROM staging_songs
    
        , parameters: None
[2022-03-17 15:12:23,361] {dbapi.py:233} INFO - Rows affected: 24
[2022-03-17 15:12:24,234] {taskinstance.py:1272} INFO - Marking task as SUCCESS. dag_id=udac_example_dag, task_id=task_group_Dimension_table.load_songs_dim_table, execution_date=20220317T071201, start_date=20220317T071218, end_date=20220317T071224
[2022-03-17 15:12:24,252] {local_task_job.py:154} INFO - Task exited with return code 0
[2022-03-17 15:12:24,293] {local_task_job.py:264} INFO - 1 downstream tasks scheduled from follow-on schedule check
