[2022-03-19 22:08:28,475] {taskinstance.py:1037} INFO - Dependencies all met for <TaskInstance: udac_new_v1_dag.task_StageToRedshift.Stage_staging_songs manual__2022-03-19T14:06:31.553779+00:00 [queued]>
[2022-03-19 22:08:28,489] {taskinstance.py:1037} INFO - Dependencies all met for <TaskInstance: udac_new_v1_dag.task_StageToRedshift.Stage_staging_songs manual__2022-03-19T14:06:31.553779+00:00 [queued]>
[2022-03-19 22:08:28,490] {taskinstance.py:1243} INFO - 
--------------------------------------------------------------------------------
[2022-03-19 22:08:28,490] {taskinstance.py:1244} INFO - Starting attempt 1 of 2
[2022-03-19 22:08:28,490] {taskinstance.py:1245} INFO - 
--------------------------------------------------------------------------------
[2022-03-19 22:08:28,505] {taskinstance.py:1264} INFO - Executing <Task(StageToRedshiftOperator): task_StageToRedshift.Stage_staging_songs> on 2022-03-19 14:06:31.553779+00:00
[2022-03-19 22:08:28,510] {standard_task_runner.py:52} INFO - Started process 43893 to run task
[2022-03-19 22:08:28,519] {standard_task_runner.py:76} INFO - Running: ['***', 'tasks', 'run', 'udac_new_v1_dag', 'task_StageToRedshift.Stage_staging_songs', 'manual__2022-03-19T14:06:31.553779+00:00', '--job-id', '85', '--raw', '--subdir', 'DAGS_FOLDER/udac_v1.py', '--cfg-path', '/var/folders/lh/ngst1lt51m9_gyz7qrg2f3nh0000gn/T/tmpe9fexfk4', '--error-file', '/var/folders/lh/ngst1lt51m9_gyz7qrg2f3nh0000gn/T/tmpjh6agpbp']
[2022-03-19 22:08:28,522] {standard_task_runner.py:77} INFO - Job 85: Subtask task_StageToRedshift.Stage_staging_songs
[2022-03-19 22:08:28,613] {logging_mixin.py:109} INFO - Running <TaskInstance: udac_new_v1_dag.task_StageToRedshift.Stage_staging_songs manual__2022-03-19T14:06:31.553779+00:00 [running]> on host 1.0.0.127.in-addr.arpa
[2022-03-19 22:08:28,683] {taskinstance.py:1429} INFO - Exporting the following env vars:
AIRFLOW_CTX_DAG_OWNER=udacity
AIRFLOW_CTX_DAG_ID=udac_new_v1_dag
AIRFLOW_CTX_TASK_ID=task_StageToRedshift.Stage_staging_songs
AIRFLOW_CTX_EXECUTION_DATE=2022-03-19T14:06:31.553779+00:00
AIRFLOW_CTX_DAG_RUN_ID=manual__2022-03-19T14:06:31.553779+00:00
[2022-03-19 22:08:28,684] {stage_redshift.py:75} INFO - Starting to set aws redshift connection
[2022-03-19 22:08:28,694] {base_aws.py:190} INFO - Credentials retrieved from login
[2022-03-19 22:08:28,708] {stage_redshift.py:79} INFO - Starting to truncate table, table name: staging_songs!
[2022-03-19 22:08:28,708] {stage_redshift.py:144} INFO - Starting to execute the truncate_table_sql process
[2022-03-19 22:08:28,716] {base.py:70} INFO - Using connection to: id: redshift. Host: redshift-cluster-1.cvmsgkpkbsh2.us-west-2.redshift.amazonaws.com, Port: 5439, Schema: dev, Login: awsuser, Password: ***, extra: {}
[2022-03-19 22:08:29,817] {dbapi.py:225} INFO - Running statement: 
        TRUNCATE TABLE public.staging_songs
        , parameters: None
[2022-03-19 22:08:30,333] {stage_redshift.py:83} INFO - Starting to copy data from S3 to Redshift table, table name: staging_songs!
[2022-03-19 22:08:30,338] {logging_mixin.py:109} WARNING - /usr/local/anaconda3/envs/***_project/lib/python3.9/site-packages/***/utils/context.py:156 AirflowContextDeprecationWarning: Accessing 'execution_date' from the template is deprecated and will be removed in a future version. Please use 'data_interval_start' or 'logical_date' instead.
[2022-03-19 22:08:30,339] {logging_mixin.py:109} WARNING - /usr/local/anaconda3/envs/***_project/lib/python3.9/site-packages/***/utils/context.py:156 AirflowContextDeprecationWarning: Accessing 'next_ds' from the template is deprecated and will be removed in a future version. Please use '{{ data_interval_end | ds }}' instead.
[2022-03-19 22:08:30,340] {logging_mixin.py:109} WARNING - /usr/local/anaconda3/envs/***_project/lib/python3.9/site-packages/***/utils/context.py:156 AirflowContextDeprecationWarning: Accessing 'next_ds_nodash' from the template is deprecated and will be removed in a future version. Please use '{{ data_interval_end | ds_nodash }}' instead.
[2022-03-19 22:08:30,341] {logging_mixin.py:109} WARNING - /usr/local/anaconda3/envs/***_project/lib/python3.9/site-packages/***/utils/context.py:156 AirflowContextDeprecationWarning: Accessing 'next_execution_date' from the template is deprecated and will be removed in a future version. Please use 'data_interval_end' instead.
[2022-03-19 22:08:30,342] {logging_mixin.py:109} WARNING - /usr/local/anaconda3/envs/***_project/lib/python3.9/site-packages/***/utils/context.py:156 AirflowContextDeprecationWarning: Accessing 'prev_ds' from the template is deprecated and will be removed in a future version.
[2022-03-19 22:08:30,343] {logging_mixin.py:109} WARNING - /usr/local/anaconda3/envs/***_project/lib/python3.9/site-packages/***/utils/context.py:156 AirflowContextDeprecationWarning: Accessing 'prev_ds_nodash' from the template is deprecated and will be removed in a future version.
[2022-03-19 22:08:30,343] {logging_mixin.py:109} WARNING - /usr/local/anaconda3/envs/***_project/lib/python3.9/site-packages/***/utils/context.py:156 AirflowContextDeprecationWarning: Accessing 'prev_execution_date' from the template is deprecated and will be removed in a future version.
[2022-03-19 22:08:30,345] {logging_mixin.py:109} WARNING - /usr/local/anaconda3/envs/***_project/lib/python3.9/site-packages/***/utils/context.py:156 AirflowContextDeprecationWarning: Accessing 'prev_execution_date_success' from the template is deprecated and will be removed in a future version. Please use 'prev_data_interval_start_success' instead.
[2022-03-19 22:08:30,346] {logging_mixin.py:109} WARNING - /usr/local/anaconda3/envs/***_project/lib/python3.9/site-packages/***/utils/context.py:156 AirflowContextDeprecationWarning: Accessing 'tomorrow_ds' from the template is deprecated and will be removed in a future version.
[2022-03-19 22:08:30,347] {logging_mixin.py:109} WARNING - /usr/local/anaconda3/envs/***_project/lib/python3.9/site-packages/***/utils/context.py:156 AirflowContextDeprecationWarning: Accessing 'tomorrow_ds_nodash' from the template is deprecated and will be removed in a future version.
[2022-03-19 22:08:30,348] {logging_mixin.py:109} WARNING - /usr/local/anaconda3/envs/***_project/lib/python3.9/site-packages/***/utils/context.py:156 AirflowContextDeprecationWarning: Accessing 'yesterday_ds' from the template is deprecated and will be removed in a future version.
[2022-03-19 22:08:30,349] {logging_mixin.py:109} WARNING - /usr/local/anaconda3/envs/***_project/lib/python3.9/site-packages/***/utils/context.py:156 AirflowContextDeprecationWarning: Accessing 'yesterday_ds_nodash' from the template is deprecated and will be removed in a future version.
[2022-03-19 22:08:30,349] {stage_redshift.py:121} INFO - S3_key.format(**context): song_data
[2022-03-19 22:08:30,349] {stage_redshift.py:125} INFO - Starting to execute the copy_sql_statement process
[2022-03-19 22:08:30,357] {base.py:70} INFO - Using connection to: id: redshift. Host: redshift-cluster-1.cvmsgkpkbsh2.us-west-2.redshift.amazonaws.com, Port: 5439, Schema: dev, Login: awsuser, Password: ***, extra: {}
[2022-03-19 22:08:31,417] {dbapi.py:225} INFO - Running statement: 
        COPY staging_songs
        FROM 's3://udacity-dend/song_data'
        ACCESS_KEY_ID 'AKIAUW7BQYXKOEMAW7ES'
        SECRET_ACCESS_KEY '***'
        FORMAT AS JSON 'auto'
        REGION AS 'us-west-2'
        , parameters: None
[2022-03-19 22:11:19,176] {taskinstance.py:1272} INFO - Marking task as SUCCESS. dag_id=udac_new_v1_dag, task_id=task_StageToRedshift.Stage_staging_songs, execution_date=20220319T140631, start_date=20220319T140828, end_date=20220319T141119
[2022-03-19 22:11:19,220] {local_task_job.py:154} INFO - Task exited with return code 0
[2022-03-19 22:11:19,260] {local_task_job.py:264} INFO - 1 downstream tasks scheduled from follow-on schedule check
