[2022-03-17 17:43:38,409] {taskinstance.py:1037} INFO - Dependencies all met for <TaskInstance: udac_example_dag.task_loadDataFromS3ToTrips.Stage_staging_songs scheduled__2022-03-17T08:00:00+00:00 [queued]>
[2022-03-17 17:43:38,420] {taskinstance.py:1037} INFO - Dependencies all met for <TaskInstance: udac_example_dag.task_loadDataFromS3ToTrips.Stage_staging_songs scheduled__2022-03-17T08:00:00+00:00 [queued]>
[2022-03-17 17:43:38,420] {taskinstance.py:1243} INFO - 
--------------------------------------------------------------------------------
[2022-03-17 17:43:38,421] {taskinstance.py:1244} INFO - Starting attempt 1 of 3
[2022-03-17 17:43:38,421] {taskinstance.py:1245} INFO - 
--------------------------------------------------------------------------------
[2022-03-17 17:43:38,435] {taskinstance.py:1264} INFO - Executing <Task(StageToRedshiftOperator): task_loadDataFromS3ToTrips.Stage_staging_songs> on 2022-03-17 08:00:00+00:00
[2022-03-17 17:43:38,439] {standard_task_runner.py:52} INFO - Started process 11446 to run task
[2022-03-17 17:43:38,446] {standard_task_runner.py:76} INFO - Running: ['***', 'tasks', 'run', 'udac_example_dag', 'task_loadDataFromS3ToTrips.Stage_staging_songs', 'scheduled__2022-03-17T08:00:00+00:00', '--job-id', '109', '--raw', '--subdir', 'DAGS_FOLDER/udac_example_dag.py', '--cfg-path', '/var/folders/lh/ngst1lt51m9_gyz7qrg2f3nh0000gn/T/tmpopfr0jgm', '--error-file', '/var/folders/lh/ngst1lt51m9_gyz7qrg2f3nh0000gn/T/tmp76qh5x59']
[2022-03-17 17:43:38,447] {standard_task_runner.py:77} INFO - Job 109: Subtask task_loadDataFromS3ToTrips.Stage_staging_songs
[2022-03-17 17:43:38,526] {logging_mixin.py:109} INFO - Running <TaskInstance: udac_example_dag.task_loadDataFromS3ToTrips.Stage_staging_songs scheduled__2022-03-17T08:00:00+00:00 [running]> on host 1.0.0.127.in-addr.arpa
[2022-03-17 17:43:38,622] {taskinstance.py:1429} INFO - Exporting the following env vars:
AIRFLOW_CTX_DAG_OWNER=udacity
AIRFLOW_CTX_DAG_ID=udac_example_dag
AIRFLOW_CTX_TASK_ID=task_loadDataFromS3ToTrips.Stage_staging_songs
AIRFLOW_CTX_EXECUTION_DATE=2022-03-17T08:00:00+00:00
AIRFLOW_CTX_DAG_RUN_ID=scheduled__2022-03-17T08:00:00+00:00
[2022-03-17 17:43:38,623] {stage_redshift.py:75} INFO - Starting to set aws redshift connection
[2022-03-17 17:43:38,632] {base_aws.py:190} INFO - Credentials retrieved from login
[2022-03-17 17:43:38,643] {stage_redshift.py:79} INFO - Starting to truncate table, table name: staging_songs!
[2022-03-17 17:43:38,643] {stage_redshift.py:144} INFO - Starting to execute the truncate_table_sql process
[2022-03-17 17:43:38,688] {base.py:70} INFO - Using connection to: id: redshift. Host: redshift-cluster-1.cvmsgkpkbsh2.us-west-2.redshift.amazonaws.com, Port: 5439, Schema: dev, Login: awsuser, Password: ***, extra: {}
[2022-03-17 17:43:40,223] {dbapi.py:225} INFO - Running statement: 
        TRUNCATE TABLE public.staging_songs
        , parameters: None
[2022-03-17 17:43:40,975] {stage_redshift.py:83} INFO - Starting to copy data from S3 to Redshift table, table name: staging_songs!
[2022-03-17 17:43:40,977] {logging_mixin.py:109} WARNING - /usr/local/anaconda3/envs/data_pipeline/lib/python3.8/site-packages/***/utils/context.py:156 AirflowContextDeprecationWarning: Accessing 'execution_date' from the template is deprecated and will be removed in a future version. Please use 'data_interval_start' or 'logical_date' instead.
[2022-03-17 17:43:40,978] {logging_mixin.py:109} WARNING - /usr/local/anaconda3/envs/data_pipeline/lib/python3.8/site-packages/***/utils/context.py:156 AirflowContextDeprecationWarning: Accessing 'next_ds' from the template is deprecated and will be removed in a future version. Please use '{{ data_interval_end | ds }}' instead.
[2022-03-17 17:43:40,979] {logging_mixin.py:109} WARNING - /usr/local/anaconda3/envs/data_pipeline/lib/python3.8/site-packages/***/utils/context.py:156 AirflowContextDeprecationWarning: Accessing 'next_ds_nodash' from the template is deprecated and will be removed in a future version. Please use '{{ data_interval_end | ds_nodash }}' instead.
[2022-03-17 17:43:40,980] {logging_mixin.py:109} WARNING - /usr/local/anaconda3/envs/data_pipeline/lib/python3.8/site-packages/***/utils/context.py:156 AirflowContextDeprecationWarning: Accessing 'next_execution_date' from the template is deprecated and will be removed in a future version. Please use 'data_interval_end' instead.
[2022-03-17 17:43:40,980] {logging_mixin.py:109} WARNING - /usr/local/anaconda3/envs/data_pipeline/lib/python3.8/site-packages/***/utils/context.py:156 AirflowContextDeprecationWarning: Accessing 'prev_ds' from the template is deprecated and will be removed in a future version.
[2022-03-17 17:43:40,981] {logging_mixin.py:109} WARNING - /usr/local/anaconda3/envs/data_pipeline/lib/python3.8/site-packages/***/utils/context.py:156 AirflowContextDeprecationWarning: Accessing 'prev_ds_nodash' from the template is deprecated and will be removed in a future version.
[2022-03-17 17:43:40,982] {logging_mixin.py:109} WARNING - /usr/local/anaconda3/envs/data_pipeline/lib/python3.8/site-packages/***/utils/context.py:156 AirflowContextDeprecationWarning: Accessing 'prev_execution_date' from the template is deprecated and will be removed in a future version.
[2022-03-17 17:43:40,982] {logging_mixin.py:109} WARNING - /usr/local/anaconda3/envs/data_pipeline/lib/python3.8/site-packages/***/utils/context.py:156 AirflowContextDeprecationWarning: Accessing 'prev_execution_date_success' from the template is deprecated and will be removed in a future version. Please use 'prev_data_interval_start_success' instead.
[2022-03-17 17:43:40,984] {logging_mixin.py:109} WARNING - /usr/local/anaconda3/envs/data_pipeline/lib/python3.8/site-packages/***/utils/context.py:156 AirflowContextDeprecationWarning: Accessing 'tomorrow_ds' from the template is deprecated and will be removed in a future version.
[2022-03-17 17:43:40,984] {logging_mixin.py:109} WARNING - /usr/local/anaconda3/envs/data_pipeline/lib/python3.8/site-packages/***/utils/context.py:156 AirflowContextDeprecationWarning: Accessing 'tomorrow_ds_nodash' from the template is deprecated and will be removed in a future version.
[2022-03-17 17:43:40,985] {logging_mixin.py:109} WARNING - /usr/local/anaconda3/envs/data_pipeline/lib/python3.8/site-packages/***/utils/context.py:156 AirflowContextDeprecationWarning: Accessing 'yesterday_ds' from the template is deprecated and will be removed in a future version.
[2022-03-17 17:43:40,986] {logging_mixin.py:109} WARNING - /usr/local/anaconda3/envs/data_pipeline/lib/python3.8/site-packages/***/utils/context.py:156 AirflowContextDeprecationWarning: Accessing 'yesterday_ds_nodash' from the template is deprecated and will be removed in a future version.
[2022-03-17 17:43:40,986] {stage_redshift.py:121} INFO - S3_key.format(**context): song_data/A/A/A/
[2022-03-17 17:43:40,986] {stage_redshift.py:125} INFO - Starting to execute the copy_sql_statement process
[2022-03-17 17:43:40,994] {base.py:70} INFO - Using connection to: id: redshift. Host: redshift-cluster-1.cvmsgkpkbsh2.us-west-2.redshift.amazonaws.com, Port: 5439, Schema: dev, Login: awsuser, Password: ***, extra: {}
[2022-03-17 17:43:42,661] {dbapi.py:225} INFO - Running statement: 
        COPY staging_songs
        FROM 's3://udacity-dend/song_data/A/A/A/'
        ACCESS_KEY_ID 'AKIAUW7BQYXKOEMAW7ES'
        SECRET_ACCESS_KEY '***'
        FORMAT AS JSON 'auto'
        REGION AS 'us-west-2'
        , parameters: None
[2022-03-17 17:43:44,895] {taskinstance.py:1272} INFO - Marking task as SUCCESS. dag_id=udac_example_dag, task_id=task_loadDataFromS3ToTrips.Stage_staging_songs, execution_date=20220317T080000, start_date=20220317T094338, end_date=20220317T094344
[2022-03-17 17:43:44,915] {local_task_job.py:154} INFO - Task exited with return code 0
[2022-03-17 17:43:44,948] {local_task_job.py:264} INFO - 0 downstream tasks scheduled from follow-on schedule check
