[2022-03-18 15:52:01,217] {taskinstance.py:1037} INFO - Dependencies all met for <TaskInstance: udac_example_dag.load_songplays_fact_table scheduled__2022-03-18T06:00:00+00:00 [queued]>
[2022-03-18 15:52:01,225] {taskinstance.py:1037} INFO - Dependencies all met for <TaskInstance: udac_example_dag.load_songplays_fact_table scheduled__2022-03-18T06:00:00+00:00 [queued]>
[2022-03-18 15:52:01,226] {taskinstance.py:1243} INFO - 
--------------------------------------------------------------------------------
[2022-03-18 15:52:01,226] {taskinstance.py:1244} INFO - Starting attempt 1 of 3
[2022-03-18 15:52:01,226] {taskinstance.py:1245} INFO - 
--------------------------------------------------------------------------------
[2022-03-18 15:52:01,236] {taskinstance.py:1264} INFO - Executing <Task(LoadFactOperator): load_songplays_fact_table> on 2022-03-18 06:00:00+00:00
[2022-03-18 15:52:01,239] {standard_task_runner.py:52} INFO - Started process 20682 to run task
[2022-03-18 15:52:01,244] {standard_task_runner.py:76} INFO - Running: ['***', 'tasks', 'run', 'udac_example_dag', 'load_songplays_fact_table', 'scheduled__2022-03-18T06:00:00+00:00', '--job-id', '184', '--raw', '--subdir', 'DAGS_FOLDER/udac_example_dag.py', '--cfg-path', '/var/folders/lh/ngst1lt51m9_gyz7qrg2f3nh0000gn/T/tmpmq7zqjnz', '--error-file', '/var/folders/lh/ngst1lt51m9_gyz7qrg2f3nh0000gn/T/tmprxtzmwo1']
[2022-03-18 15:52:01,246] {standard_task_runner.py:77} INFO - Job 184: Subtask load_songplays_fact_table
[2022-03-18 15:52:01,303] {logging_mixin.py:109} INFO - Running <TaskInstance: udac_example_dag.load_songplays_fact_table scheduled__2022-03-18T06:00:00+00:00 [running]> on host 1.0.0.127.in-addr.arpa
[2022-03-18 15:52:01,358] {taskinstance.py:1429} INFO - Exporting the following env vars:
AIRFLOW_CTX_DAG_OWNER=udacity
AIRFLOW_CTX_DAG_ID=udac_example_dag
AIRFLOW_CTX_TASK_ID=load_songplays_fact_table
AIRFLOW_CTX_EXECUTION_DATE=2022-03-18T06:00:00+00:00
AIRFLOW_CTX_DAG_RUN_ID=scheduled__2022-03-18T06:00:00+00:00
[2022-03-18 15:52:01,359] {load_fact.py:86} INFO - Starting to truncate songplays
[2022-03-18 15:52:01,367] {base.py:70} INFO - Using connection to: id: redshift. Host: redshift-cluster-1.cvmsgkpkbsh2.us-west-2.redshift.amazonaws.com, Port: 5439, Schema: dev, Login: awsuser, Password: ***, extra: {}
[2022-03-18 15:52:04,832] {dbapi.py:225} INFO - Running statement: 
        TRUNCATE TABLE "public"."songplays"
        , parameters: None
[2022-03-18 15:52:05,792] {load_fact.py:95} INFO - Starting to insert songplays
[2022-03-18 15:52:05,797] {logging_mixin.py:109} WARNING - /usr/local/anaconda3/envs/***_project/lib/python3.9/site-packages/***/utils/context.py:156 AirflowContextDeprecationWarning: Accessing 'execution_date' from the template is deprecated and will be removed in a future version. Please use 'data_interval_start' or 'logical_date' instead.
[2022-03-18 15:52:05,798] {logging_mixin.py:109} WARNING - /usr/local/anaconda3/envs/***_project/lib/python3.9/site-packages/***/utils/context.py:156 AirflowContextDeprecationWarning: Accessing 'next_ds' from the template is deprecated and will be removed in a future version. Please use '{{ data_interval_end | ds }}' instead.
[2022-03-18 15:52:05,799] {logging_mixin.py:109} WARNING - /usr/local/anaconda3/envs/***_project/lib/python3.9/site-packages/***/utils/context.py:156 AirflowContextDeprecationWarning: Accessing 'next_ds_nodash' from the template is deprecated and will be removed in a future version. Please use '{{ data_interval_end | ds_nodash }}' instead.
[2022-03-18 15:52:05,800] {logging_mixin.py:109} WARNING - /usr/local/anaconda3/envs/***_project/lib/python3.9/site-packages/***/utils/context.py:156 AirflowContextDeprecationWarning: Accessing 'next_execution_date' from the template is deprecated and will be removed in a future version. Please use 'data_interval_end' instead.
[2022-03-18 15:52:05,801] {logging_mixin.py:109} WARNING - /usr/local/anaconda3/envs/***_project/lib/python3.9/site-packages/***/utils/context.py:156 AirflowContextDeprecationWarning: Accessing 'prev_ds' from the template is deprecated and will be removed in a future version.
[2022-03-18 15:52:05,802] {logging_mixin.py:109} WARNING - /usr/local/anaconda3/envs/***_project/lib/python3.9/site-packages/***/utils/context.py:156 AirflowContextDeprecationWarning: Accessing 'prev_ds_nodash' from the template is deprecated and will be removed in a future version.
[2022-03-18 15:52:05,802] {logging_mixin.py:109} WARNING - /usr/local/anaconda3/envs/***_project/lib/python3.9/site-packages/***/utils/context.py:156 AirflowContextDeprecationWarning: Accessing 'prev_execution_date' from the template is deprecated and will be removed in a future version.
[2022-03-18 15:52:05,803] {logging_mixin.py:109} WARNING - /usr/local/anaconda3/envs/***_project/lib/python3.9/site-packages/***/utils/context.py:156 AirflowContextDeprecationWarning: Accessing 'prev_execution_date_success' from the template is deprecated and will be removed in a future version. Please use 'prev_data_interval_start_success' instead.
[2022-03-18 15:52:05,804] {logging_mixin.py:109} WARNING - /usr/local/anaconda3/envs/***_project/lib/python3.9/site-packages/***/utils/context.py:156 AirflowContextDeprecationWarning: Accessing 'tomorrow_ds' from the template is deprecated and will be removed in a future version.
[2022-03-18 15:52:05,805] {logging_mixin.py:109} WARNING - /usr/local/anaconda3/envs/***_project/lib/python3.9/site-packages/***/utils/context.py:156 AirflowContextDeprecationWarning: Accessing 'tomorrow_ds_nodash' from the template is deprecated and will be removed in a future version.
[2022-03-18 15:52:05,805] {logging_mixin.py:109} WARNING - /usr/local/anaconda3/envs/***_project/lib/python3.9/site-packages/***/utils/context.py:156 AirflowContextDeprecationWarning: Accessing 'yesterday_ds' from the template is deprecated and will be removed in a future version.
[2022-03-18 15:52:05,806] {logging_mixin.py:109} WARNING - /usr/local/anaconda3/envs/***_project/lib/python3.9/site-packages/***/utils/context.py:156 AirflowContextDeprecationWarning: Accessing 'yesterday_ds_nodash' from the template is deprecated and will be removed in a future version.
[2022-03-18 15:52:05,813] {base.py:70} INFO - Using connection to: id: redshift. Host: redshift-cluster-1.cvmsgkpkbsh2.us-west-2.redshift.amazonaws.com, Port: 5439, Schema: dev, Login: awsuser, Password: ***, extra: {}
[2022-03-18 15:52:08,033] {dbapi.py:225} INFO - Running statement: 
        INSERT INTO "public"."songplays" (playid, start_time, userid, level, songid, artistid, sessionid, location, user_agent)
 
        SELECT
                md5(events.sessionid || events.start_time) songplay_id,
                events.start_time,
                events.userid,
                events.level,
                songs.song_id,
                songs.artist_id,
                events.sessionid,
                events.location,
                events.useragent
                FROM (SELECT TIMESTAMP 'epoch' + ts/1000 * interval '1 second' AS start_time, *
            FROM staging_events
            WHERE page='NextSong') events
            LEFT JOIN staging_songs songs
            ON events.song = songs.title
                AND events.artist = songs.artist_name
                AND events.length = songs.duration
    
        , parameters: None
[2022-03-18 15:52:08,654] {dbapi.py:233} INFO - Rows affected: 6820
[2022-03-18 15:52:09,009] {taskinstance.py:1272} INFO - Marking task as SUCCESS. dag_id=udac_example_dag, task_id=load_songplays_fact_table, execution_date=20220318T060000, start_date=20220318T075201, end_date=20220318T075209
[2022-03-18 15:52:09,063] {local_task_job.py:154} INFO - Task exited with return code 0
[2022-03-18 15:52:09,100] {local_task_job.py:264} INFO - 4 downstream tasks scheduled from follow-on schedule check
